Log file open, 04/20/17 15:14:54
LogInit:Display: Running engine for game: MazeJogger
LogPlatformFile: Not using cached read wrapper
LogInit:Display: RandInit(1132978323) SRandInit(1132978323).
LogTaskGraph: Started task graph with 5 named threads and 6 total threads with 1 sets of task threads.
LogStats: Stats thread started at 0.088543
LogPluginManager: Loaded Plugin Paper2D, From C:/Program Files/Epic Games/UE_4.13/Engine/Plugins/2D/Paper2D/Paper2D.uplugin
LogPluginManager: Loaded Plugin LightPropagationVolume, From C:/Program Files/Epic Games/UE_4.13/Engine/Plugins/Blendables/LightPropagationVolume/LightPropagationVolume.uplugin
LogPluginManager: Loaded Plugin BlankPlugin, From C:/Program Files/Epic Games/UE_4.13/Engine/Plugins/Developer/BlankPlugin/BlankPlugin.uplugin
LogPluginManager: Loaded Plugin CodeLiteSourceCodeAccess, From C:/Program Files/Epic Games/UE_4.13/Engine/Plugins/Developer/CodeLiteSourceCodeAccess/CodeLiteSourceCodeAccess.uplugin
LogPluginManager: Loaded Plugin GitSourceControl, From C:/Program Files/Epic Games/UE_4.13/Engine/Plugins/Developer/GitSourceControl/GitSourceControl.uplugin
LogPluginManager: Loaded Plugin KDevelopSourceCodeAccess, From C:/Program Files/Epic Games/UE_4.13/Engine/Plugins/Developer/KDevelopSourceCodeAccess/KDevelopSourceCodeAccess.uplugin
LogPluginManager: Loaded Plugin NullSourceCodeAccess, From C:/Program Files/Epic Games/UE_4.13/Engine/Plugins/Developer/NullSourceCodeAccess/NullSourceCodeAccess.uplugin
LogPluginManager: Loaded Plugin OneSkyLocalizationService, From C:/Program Files/Epic Games/UE_4.13/Engine/Plugins/Developer/OneSkyLocalizationService/OneSkyLocalizationService.uplugin
LogPluginManager: Loaded Plugin PerforceSourceControl, From C:/Program Files/Epic Games/UE_4.13/Engine/Plugins/Developer/PerforceSourceControl/PerforceSourceControl.uplugin
LogPluginManager: Loaded Plugin SubversionSourceControl, From C:/Program Files/Epic Games/UE_4.13/Engine/Plugins/Developer/SubversionSourceControl/SubversionSourceControl.uplugin
LogPluginManager: Loaded Plugin UObjectPlugin, From C:/Program Files/Epic Games/UE_4.13/Engine/Plugins/Developer/UObjectPlugin/UObjectPlugin.uplugin
LogPluginManager: Loaded Plugin VisualStudioSourceCodeAccess, From C:/Program Files/Epic Games/UE_4.13/Engine/Plugins/Developer/VisualStudioSourceCodeAccess/VisualStudioSourceCodeAccess.uplugin
LogPluginManager: Loaded Plugin XCodeSourceCodeAccess, From C:/Program Files/Epic Games/UE_4.13/Engine/Plugins/Developer/XCodeSourceCodeAccess/XCodeSourceCodeAccess.uplugin
LogPluginManager: Loaded Plugin EpicSurvey, From C:/Program Files/Epic Games/UE_4.13/Engine/Plugins/Editor/EpicSurvey/EpicSurvey.uplugin
LogPluginManager: Loaded Plugin MacGraphicsSwitching, From C:/Program Files/Epic Games/UE_4.13/Engine/Plugins/Editor/MacGraphicsSwitching/MacGraphicsSwitching.uplugin
LogPluginManager: Loaded Plugin MobileLauncherProfileWizard, From C:/Program Files/Epic Games/UE_4.13/Engine/Plugins/Editor/MobileLauncherProfileWizard/MobileLauncherProfileWizard.uplugin
LogPluginManager: Loaded Plugin PluginBrowser, From C:/Program Files/Epic Games/UE_4.13/Engine/Plugins/Editor/PluginBrowser/PluginBrowser.uplugin
LogPluginManager: Loaded Plugin SpeedTreeImporter, From C:/Program Files/Epic Games/UE_4.13/Engine/Plugins/Editor/SpeedTreeImporter/SpeedTreeImporter.uplugin
LogPluginManager: Loaded Plugin SuperSearchEditor, From C:/Program Files/Epic Games/UE_4.13/Engine/Plugins/Editor/SuperSearchEditor/SuperSearchEditor.uplugin
LogPluginManager: Loaded Plugin AlembicImporter, From C:/Program Files/Epic Games/UE_4.13/Engine/Plugins/Experimental/AlembicImporter/AlembicImporter.uplugin
LogPluginManager: Loaded Plugin BlueprintStats, From C:/Program Files/Epic Games/UE_4.13/Engine/Plugins/Experimental/BlueprintStats/BlueprintStats.uplugin
LogPluginManager: Loaded Plugin CharacterAI, From C:/Program Files/Epic Games/UE_4.13/Engine/Plugins/Experimental/CharacterAI/CharacterAI.uplugin
LogPluginManager: Loaded Plugin CodeEditor, From C:/Program Files/Epic Games/UE_4.13/Engine/Plugins/Experimental/CodeEditor/CodeEditor.uplugin
LogPluginManager: Loaded Plugin CodeView, From C:/Program Files/Epic Games/UE_4.13/Engine/Plugins/Experimental/CodeView/CodeView.uplugin
LogPluginManager: Loaded Plugin HTML5Networking, From C:/Program Files/Epic Games/UE_4.13/Engine/Plugins/Experimental/HTML5Networking/HTML5Networking.uplugin
LogPluginManager: Loaded Plugin LiveEditor, From C:/Program Files/Epic Games/UE_4.13/Engine/Plugins/Experimental/LiveEditor/LiveEditor.uplugin
LogPluginManager: Loaded Plugin OSVR, From C:/Program Files/Epic Games/UE_4.13/Engine/Plugins/Experimental/OSVR/OSVR.uplugin
LogPluginManager: Loaded Plugin Phya, From C:/Program Files/Epic Games/UE_4.13/Engine/Plugins/Experimental/Phya/Phya.uplugin
LogPluginManager: Loaded Plugin SignificanceManager, From C:/Program Files/Epic Games/UE_4.13/Engine/Plugins/Experimental/SignificanceManager/SignificanceManager.uplugin
LogPluginManager: Loaded Plugin SimpleHMD, From C:/Program Files/Epic Games/UE_4.13/Engine/Plugins/Experimental/SimpleHMD/SimpleHMD.uplugin
LogPluginManager: Loaded Plugin StereoPanorama, From C:/Program Files/Epic Games/UE_4.13/Engine/Plugins/Experimental/StereoPanorama/StereoPanorama.uplugin
LogPluginManager: Loaded Plugin StructBox, From C:/Program Files/Epic Games/UE_4.13/Engine/Plugins/Experimental/StructBox/StructBox.uplugin
LogPluginManager: Loaded Plugin AndroidMedia, From C:/Program Files/Epic Games/UE_4.13/Engine/Plugins/Media/AndroidMedia/AndroidMedia.uplugin
LogPluginManager: Loaded Plugin AvfMedia, From C:/Program Files/Epic Games/UE_4.13/Engine/Plugins/Media/AvfMedia/AvfMedia.uplugin
LogPluginManager: Loaded Plugin MediaPlayerEditor, From C:/Program Files/Epic Games/UE_4.13/Engine/Plugins/Media/MediaPlayerEditor/MediaPlayerEditor.uplugin
LogPluginManager: Loaded Plugin WmfMedia, From C:/Program Files/Epic Games/UE_4.13/Engine/Plugins/Media/WmfMedia/WmfMedia.uplugin
LogPluginManager: Loaded Plugin MessagingDebugger, From C:/Program Files/Epic Games/UE_4.13/Engine/Plugins/Messaging/MessagingDebugger/MessagingDebugger.uplugin
LogPluginManager: Loaded Plugin TcpMessaging, From C:/Program Files/Epic Games/UE_4.13/Engine/Plugins/Messaging/TcpMessaging/TcpMessaging.uplugin
LogPluginManager: Loaded Plugin UdpMessaging, From C:/Program Files/Epic Games/UE_4.13/Engine/Plugins/Messaging/UdpMessaging/UdpMessaging.uplugin
LogPluginManager: Loaded Plugin LevelSequenceEditor, From C:/Program Files/Epic Games/UE_4.13/Engine/Plugins/MovieScene/LevelSequenceEditor/LevelSequenceEditor.uplugin
LogPluginManager: Loaded Plugin MatineeToLevelSequence, From C:/Program Files/Epic Games/UE_4.13/Engine/Plugins/MovieScene/MatineeToLevelSequence/MatineeToLevelSequence.uplugin
LogPluginManager: Loaded Plugin NetcodeUnitTest, From C:/Program Files/Epic Games/UE_4.13/Engine/Plugins/NetcodeUnitTest/NetcodeUnitTest/NetcodeUnitTest.uplugin
LogPluginManager: Loaded Plugin NUTUnrealEngine4, From C:/Program Files/Epic Games/UE_4.13/Engine/Plugins/NetcodeUnitTest/NUTUnrealEngine4/NUTUnrealEngine4.uplugin
LogPluginManager: Loaded Plugin OnlineSubsystemGooglePlay, From C:/Program Files/Epic Games/UE_4.13/Engine/Plugins/Online/Android/OnlineSubsystemGooglePlay/OnlineSubsystemGooglePlay.uplugin
LogPluginManager: Loaded Plugin OnlineSubsystemIOS, From C:/Program Files/Epic Games/UE_4.13/Engine/Plugins/Online/IOS/OnlineSubsystemIOS/OnlineSubsystemIOS.uplugin
LogPluginManager: Loaded Plugin OnlineFramework, From C:/Program Files/Epic Games/UE_4.13/Engine/Plugins/Online/OnlineFramework/OnlineFramework.uplugin
LogPluginManager: Loaded Plugin OnlineSubsystem, From C:/Program Files/Epic Games/UE_4.13/Engine/Plugins/Online/OnlineSubsystem/OnlineSubsystem.uplugin
LogPluginManager: Loaded Plugin OnlineSubsystemAmazon, From C:/Program Files/Epic Games/UE_4.13/Engine/Plugins/Online/OnlineSubsystemAmazon/OnlineSubsystemAmazon.uplugin
LogPluginManager: Loaded Plugin OnlineSubsystemFacebook, From C:/Program Files/Epic Games/UE_4.13/Engine/Plugins/Online/OnlineSubsystemFacebook/OnlineSubsystemFacebook.uplugin
LogPluginManager: Loaded Plugin OnlineSubsystemNull, From C:/Program Files/Epic Games/UE_4.13/Engine/Plugins/Online/OnlineSubsystemNull/OnlineSubsystemNull.uplugin
LogPluginManager: Loaded Plugin OnlineSubsystemOculus, From C:/Program Files/Epic Games/UE_4.13/Engine/Plugins/Online/OnlineSubsystemOculus/OnlineSubsystemOculus.uplugin
LogPluginManager: Loaded Plugin OnlineSubsystemSteam, From C:/Program Files/Epic Games/UE_4.13/Engine/Plugins/Online/OnlineSubsystemSteam/OnlineSubsystemSteam.uplugin
LogPluginManager: Loaded Plugin OnlineSubsystemUtils, From C:/Program Files/Epic Games/UE_4.13/Engine/Plugins/Online/OnlineSubsystemUtils/OnlineSubsystemUtils.uplugin
LogPluginManager: Loaded Plugin IOSTapJoy, From C:/Program Files/Epic Games/UE_4.13/Engine/Plugins/Runtime/Advertising/IOSTapJoy/IOSTapJoy.uplugin
LogPluginManager: Loaded Plugin AnalyticsBlueprintLibrary, From C:/Program Files/Epic Games/UE_4.13/Engine/Plugins/Runtime/Analytics/AnalyticsBlueprintLibrary/AnalyticsBlueprintLibrary.uplugin
LogPluginManager: Loaded Plugin AnalyticsMulticast, From C:/Program Files/Epic Games/UE_4.13/Engine/Plugins/Runtime/Analytics/AnalyticsMulticast/AnalyticsMulticast.uplugin
LogPluginManager: Loaded Plugin Apsalar, From C:/Program Files/Epic Games/UE_4.13/Engine/Plugins/Runtime/Analytics/Apsalar/Apsalar.uplugin
LogPluginManager: Loaded Plugin FileLogging, From C:/Program Files/Epic Games/UE_4.13/Engine/Plugins/Runtime/Analytics/FileLogging/FileLogging.uplugin
LogPluginManager: Loaded Plugin Flurry, From C:/Program Files/Epic Games/UE_4.13/Engine/Plugins/Runtime/Analytics/Flurry/Flurry.uplugin
LogPluginManager: Loaded Plugin AndroidDeviceProfileSelector, From C:/Program Files/Epic Games/UE_4.13/Engine/Plugins/Runtime/AndroidDeviceProfileSelector/AndroidDeviceProfileSelector.uplugin
LogPluginManager: Loaded Plugin AndroidMoviePlayer, From C:/Program Files/Epic Games/UE_4.13/Engine/Plugins/Runtime/AndroidMoviePlayer/AndroidMoviePlayer.uplugin
LogPluginManager: Loaded Plugin AppleMoviePlayer, From C:/Program Files/Epic Games/UE_4.13/Engine/Plugins/Runtime/AppleMoviePlayer/AppleMoviePlayer.uplugin
LogPluginManager: Loaded Plugin ArchVisCharacter, From C:/Program Files/Epic Games/UE_4.13/Engine/Plugins/Runtime/ArchVisCharacter/ArchVisCharacter.uplugin
LogPluginManager: Loaded Plugin CableComponent, From C:/Program Files/Epic Games/UE_4.13/Engine/Plugins/Runtime/CableComponent/CableComponent.uplugin
LogPluginManager: Loaded Plugin CustomMeshComponent, From C:/Program Files/Epic Games/UE_4.13/Engine/Plugins/Runtime/CustomMeshComponent/CustomMeshComponent.uplugin
LogPluginManager: Loaded Plugin ExampleDeviceProfileSelector, From C:/Program Files/Epic Games/UE_4.13/Engine/Plugins/Runtime/ExampleDeviceProfileSelector/ExampleDeviceProfileSelector.uplugin
LogPluginManager: Loaded Plugin GearVR, From C:/Program Files/Epic Games/UE_4.13/Engine/Plugins/Runtime/GearVR/GearVR.uplugin
LogPluginManager: Loaded Plugin GoogleVRController, From C:/Program Files/Epic Games/UE_4.13/Engine/Plugins/Runtime/GoogleVR/GoogleVRController/GoogleVRController.uplugin
LogPluginManager: Loaded Plugin GoogleVRHMD, From C:/Program Files/Epic Games/UE_4.13/Engine/Plugins/Runtime/GoogleVR/GoogleVRHMD/GoogleVRHMD.uplugin
LogPluginManager: Loaded Plugin IOSDeviceProfileSelector, From C:/Program Files/Epic Games/UE_4.13/Engine/Plugins/Runtime/IOSDeviceProfileSelector/IOSDeviceProfileSelector.uplugin
LogPluginManager: Loaded Plugin LeapMotion, From C:/Program Files/Epic Games/UE_4.13/Engine/Plugins/Runtime/LeapMotion/LeapMotion.uplugin
LogPluginManager: Loaded Plugin LinuxDeviceProfileSelector, From C:/Program Files/Epic Games/UE_4.13/Engine/Plugins/Runtime/LinuxDeviceProfileSelector/LinuxDeviceProfileSelector.uplugin
LogPluginManager: Loaded Plugin LiveEditorListenServer, From C:/Program Files/Epic Games/UE_4.13/Engine/Plugins/Runtime/LiveEditorListenServer/LiveEditorListenServer.uplugin
LogPluginManager: Loaded Plugin OculusAudio, From C:/Program Files/Epic Games/UE_4.13/Engine/Plugins/Runtime/OculusAudio/OculusAudio.uplugin
LogPluginManager: Loaded Plugin OculusInput, From C:/Program Files/Epic Games/UE_4.13/Engine/Plugins/Runtime/OculusInput/OculusInput.uplugin
LogPluginManager: Loaded Plugin OculusLibrary, From C:/Program Files/Epic Games/UE_4.13/Engine/Plugins/Runtime/OculusLibrary/OculusLibrary.uplugin
LogPluginManager: Loaded Plugin OculusRift, From C:/Program Files/Epic Games/UE_4.13/Engine/Plugins/Runtime/OculusRift/OculusRift.uplugin
LogPluginManager: Loaded Plugin Oodle, From C:/Program Files/Epic Games/UE_4.13/Engine/Plugins/Runtime/PacketHandlers/CompressionComponents/Oodle/Oodle.uplugin
LogPluginManager: Loaded Plugin ProceduralMeshComponent, From C:/Program Files/Epic Games/UE_4.13/Engine/Plugins/Runtime/ProceduralMeshComponent/ProceduralMeshComponent.uplugin
LogPluginManager: Loaded Plugin SoundMod, From C:/Program Files/Epic Games/UE_4.13/Engine/Plugins/Runtime/SoundMod/SoundMod.uplugin
LogPluginManager: Loaded Plugin SoundVisualizations, From C:/Program Files/Epic Games/UE_4.13/Engine/Plugins/Runtime/SoundVisualizations/SoundVisualizations.uplugin
LogPluginManager: Loaded Plugin SteamController, From C:/Program Files/Epic Games/UE_4.13/Engine/Plugins/Runtime/Steam/SteamController/SteamController.uplugin
LogPluginManager: Loaded Plugin SteamVR, From C:/Program Files/Epic Games/UE_4.13/Engine/Plugins/Runtime/Steam/SteamVR/SteamVR.uplugin
LogPluginManager: Loaded Plugin WebBrowserWidget, From C:/Program Files/Epic Games/UE_4.13/Engine/Plugins/Runtime/WebBrowserWidget/WebBrowserWidget.uplugin
LogPluginManager: Loaded Plugin WindowsDeviceProfileSelector, From C:/Program Files/Epic Games/UE_4.13/Engine/Plugins/Runtime/WindowsDeviceProfileSelector/WindowsDeviceProfileSelector.uplugin
LogPluginManager: Loaded Plugin WindowsMoviePlayer, From C:/Program Files/Epic Games/UE_4.13/Engine/Plugins/Runtime/WindowsMoviePlayer/WindowsMoviePlayer.uplugin
LogPluginManager: Loaded Plugin ScriptPlugin, From C:/Program Files/Epic Games/UE_4.13/Engine/Plugins/ScriptPlugin/ScriptPlugin.uplugin
LogPluginManager: Loaded Plugin SlateRemote, From C:/Program Files/Epic Games/UE_4.13/Engine/Plugins/Slate/SlateRemote/SlateRemote.uplugin
LogInit: Using libcurl 7.47.1
LogInit:  - built for x86_64-pc-win32
LogInit:  - supports SSL with WinSSL
LogInit:  - other features:
LogInit:      CURL_VERSION_SSL
LogInit:      CURL_VERSION_IPV6
LogInit:      CURL_VERSION_ASYNCHDNS
LogInit:      CURL_VERSION_LARGEFILE
LogInit:      CURL_VERSION_IDN
LogInit:  CurlRequestOptions (configurable via config and command line):
LogInit:  - bVerifyPeer = false  - Libcurl will NOT verify peer certificate
LogInit:  - bUseHttpProxy = false  - Libcurl will NOT use HTTP proxy
LogInit:  - bDontReuseConnections = false  - Libcurl will reuse connections
LogInit:  - CertBundlePath = nullptr  - Libcurl will use whatever was configured at build time.
LogInit: Build: ++UE4+Release-4.13-CL-3172292
LogInit: Engine Version: 4.13.2-3172292+++UE4+Release-4.13
LogInit: Compatible Engine Version: 4.13.0-3106830+++UE4+Release-4.13
LogInit: Net CL: 3172292
LogDevObjectVersion: Number of dev versions registered: 13
LogDevObjectVersion:   Dev-Blueprints (B0D832E4-1F89-4F0D-ACCF-7EB736FD4AA2): 5
LogDevObjectVersion:   Dev-Build (E1C64328-A22C-4D53-A36C-8E866417BD8C): 0
LogDevObjectVersion:   Dev-Core (375EC13C-06E4-48FB-B500-84F0262A717E): 1
LogDevObjectVersion:   Dev-Editor (E4B068ED-F494-42E9-A231-DA0B2E46BB41): 6
LogDevObjectVersion:   Dev-Framework (CFFC743F-43B0-4480-9391-14DF171D2073): 12
LogDevObjectVersion:   Dev-Mobile (B02B49B5-BB20-44E9-A304-32B752E40360): 0
LogDevObjectVersion:   Dev-Networking (A4E4105C-59A1-49B5-A7C5-40C4547EDFEE): 0
LogDevObjectVersion:   Dev-Online (39C831C9-5AE6-47DC-9A44-9C173E1C8E7C): 0
LogDevObjectVersion:   Dev-Physics (78F01B33-EBEA-4F98-B9B4-84EACCB95AA2): 0
LogDevObjectVersion:   Dev-Platform (6631380F-2D4D-43E0-8009-CF276956A95A): 0
LogDevObjectVersion:   Dev-Rendering (12F88B9F-8875-4AFC-A67C-D90C383ABD29): 4
LogDevObjectVersion:   Dev-Sequencer (7B5AE74C-D270-4C10-A958-57980B212A5A): 0
LogDevObjectVersion:   Dev-VR (D7296918-1DD6-4BDD-9DE2-64A83CC13884): 0
LogInit: Compiled (64-bit): Oct 24 2016 14:29:06
LogInit: Compiled with Visual C++: 19.00.23026.00
LogInit: Build Configuration: Development
LogInit: Branch Name: ++UE4+Release-4.13
LogInit: Command line: -EpicPortal 
LogInit: Base directory: C:/Program Files/Epic Games/UE_4.13/Engine/Binaries/Win64/
LogInit: Installed Engine Build: 1
LogInit: Presizing for max 8388607 objects, including 0 objects not considered by GC, pre-allocating 0 bytes for permanent pool.
LogInit: Object subsystem initialized
[2017.04.20-19.14.54:955][  0]LogInit: Selected Device Profile: [Windows]
[2017.04.20-19.14.54:955][  0]LogInit: Applying CVar settings loaded from the selected device profile: [Windows]
[2017.04.20-19.14.54:992][  0]LogInit: Computer: VOSTRO
[2017.04.20-19.14.54:992][  0]LogInit: User: AnthonyScinocco
[2017.04.20-19.14.54:992][  0]LogInit: CPU Page size=65536, Cores=2
[2017.04.20-19.14.54:992][  0]LogInit: High frequency timer resolution =1.656322 MHz
[2017.04.20-19.14.54:993][  0]LogMemory: Memory total: Physical=7.9GB (8GB approx)
[2017.04.20-19.14.54:993][  0]LogMemory: Platform Memory Stats for Windows
[2017.04.20-19.14.54:993][  0]LogMemory: Process Physical Memory: 255.36 MB used, 255.36 MB peak
[2017.04.20-19.14.54:993][  0]LogMemory: Process Virtual Memory: 259.28 MB used, 259.28 MB peak
[2017.04.20-19.14.54:993][  0]LogMemory: Physical Memory: 3510.64 MB used, 8108.73 MB total
[2017.04.20-19.14.54:993][  0]LogMemory: Virtual Memory: 621.16 MB used, 134217728.00 MB total
[2017.04.20-19.14.55:024][  0]LogTextLocalizationManager: No specific translations for ('en-CA') exist, so ('en') translations will be used.
[2017.04.20-19.14.56:282][  0]LogD3D11RHI: D3D11 adapters:
[2017.04.20-19.14.56:295][  0]LogD3D11RHI:    0. 'Intel(R) HD Graphics Family' (Feature Level 11_0)
[2017.04.20-19.14.56:295][  0]LogD3D11RHI:       112/0/2048 MB DedicatedVideo/DedicatedSystem/SharedSystem, Outputs:1, VendorId:0x8086
[2017.04.20-19.14.56:298][  0]LogD3D11RHI:    1. 'Microsoft Basic Render Driver' (Feature Level 11_0)
[2017.04.20-19.14.56:298][  0]LogD3D11RHI:       0/0/4054 MB DedicatedVideo/DedicatedSystem/SharedSystem, Outputs:0, VendorId:0x1414
[2017.04.20-19.14.56:298][  0]LogD3D11RHI: Chosen D3D11 Adapter: 0
[2017.04.20-19.14.56:310][  0]LogD3D11RHI: Creating new Direct3DDevice
[2017.04.20-19.14.56:311][  0]LogD3D11RHI:     GPU DeviceId: 0xa16 (for the marketing name, search the web for "GPU Device Id")
[2017.04.20-19.14.56:311][  0]LogWindows: EnumDisplayDevices:
[2017.04.20-19.14.56:311][  0]LogWindows:    0. 'Intel(R) HD Graphics Family' (P:1 D:1)
[2017.04.20-19.14.56:311][  0]LogWindows:    1. 'Intel(R) HD Graphics Family' (P:0 D:0)
[2017.04.20-19.14.56:312][  0]LogWindows:    2. 'Intel(R) HD Graphics Family' (P:0 D:0)
[2017.04.20-19.14.56:312][  0]LogWindows: DebugString: FoundDriverCount:3 
[2017.04.20-19.14.56:312][  0]LogD3D11RHI:     Adapter Name: Intel(R) HD Graphics Family
[2017.04.20-19.14.56:312][  0]LogD3D11RHI:   Driver Version: 20.19.15.4531 (internal:20.19.15.4531, unified:20.19.15.4531)
[2017.04.20-19.14.56:312][  0]LogD3D11RHI:      Driver Date: 9-29-2016
[2017.04.20-19.14.56:312][  0]LogRHI: Texture pool is 795 MB (70% of 1136 MB)
[2017.04.20-19.14.56:321][  0]LogD3D11RHI: Async texture creation enabled
[2017.04.20-19.14.56:328][  0]LogD3D11RHI: GPU Timing Frequency: 12.500000 (Debug: 2 0)
[2017.04.20-19.14.56:328][  0]LogShaderCompilers: Guid format shader working directory is -32 characters bigger than the processId version (../../../../../../Users/Anthony Scinocco/Desktop/MazeJogger/MazeJogger/MazeJogger/Intermediate/Shaders/WorkingDirectory/8652/).
[2017.04.20-19.14.56:329][  0]LogShaderCompilers: Cleaned the shader compiler working directory 'C:/Users/ANTHON~1/AppData/Local/Temp/UnrealShaderWorkingDir/4B85ECA647CAAE51306FF2B3DE59B375/'.
[2017.04.20-19.14.56:329][  0]LogShaderCompilers:Display: Using Local Shader Compiler.
[2017.04.20-19.14.58:434][  0]LogTemp:Display: Loaded TP AllDesktopTargetPlatform
[2017.04.20-19.14.58:452][  0]LogTemp:Display: Loaded TP WindowsClientTargetPlatform
[2017.04.20-19.14.58:471][  0]LogTemp:Display: Loaded TP WindowsNoEditorTargetPlatform
[2017.04.20-19.14.58:489][  0]LogTemp:Display: Loaded TP WindowsServerTargetPlatform
[2017.04.20-19.14.58:507][  0]LogTemp:Display: Loaded TP WindowsTargetPlatform
[2017.04.20-19.14.58:522][  0]LogTemp:Display: Loaded TP AndroidTargetPlatform
[2017.04.20-19.14.58:536][  0]LogTemp:Display: Loaded TP Android_ASTCTargetPlatform
[2017.04.20-19.14.58:550][  0]LogTemp:Display: Loaded TP Android_ATCTargetPlatform
[2017.04.20-19.14.58:564][  0]LogTemp:Display: Loaded TP Android_DXTTargetPlatform
[2017.04.20-19.14.58:581][  0]LogTemp:Display: Loaded TP Android_ETC1TargetPlatform
[2017.04.20-19.14.58:594][  0]LogTemp:Display: Loaded TP Android_ETC2TargetPlatform
[2017.04.20-19.14.58:621][  0]LogTemp:Display: Loaded TP Android_MultiTargetPlatform
[2017.04.20-19.14.58:621][  0]LogTemp:Display: Loaded TP Android_PVRTCTargetPlatform
[2017.04.20-19.14.58:623][  0]LogTemp:Display: Loaded TP HTML5TargetPlatform
[2017.04.20-19.14.58:654][  0]LogTemp:Display: Loaded TP IOSTargetPlatform
[2017.04.20-19.14.58:666][  0]LogTemp:Display: Loaded TP TVOSTargetPlatform
[2017.04.20-19.14.58:680][  0]LogTemp:Display: Loaded TP LinuxClientTargetPlatform
[2017.04.20-19.14.58:696][  0]LogTemp:Display: Loaded TP LinuxNoEditorTargetPlatform
[2017.04.20-19.14.58:712][  0]LogTemp:Display: Loaded TP LinuxServerTargetPlatform
[2017.04.20-19.14.58:728][  0]LogTemp:Display: Loaded TP LinuxTargetPlatform
[2017.04.20-19.14.58:728][  0]LogTargetPlatformManager:Display: Building Assets For Windows
[2017.04.20-19.14.58:855][  0]LogDerivedDataCache:Display: Max Cache Size: 512 MB
[2017.04.20-19.14.58:989][  0]LogDerivedDataCache: Loaded boot cache 0.13s 62MB C:/Users/Anthony Scinocco/AppData/Local/UnrealEngine/4.13/DerivedDataCache/Boot.ddc.
[2017.04.20-19.14.58:989][  0]LogDerivedDataCache:Display: Loaded Boot cache: C:/Users/Anthony Scinocco/AppData/Local/UnrealEngine/4.13/DerivedDataCache/Boot.ddc
[2017.04.20-19.14.58:989][  0]LogDerivedDataCache: FDerivedDataBackendGraph:  Pak pak cache file ../../../../../../Users/Anthony Scinocco/Desktop/MazeJogger/MazeJogger/MazeJogger/DerivedDataCache/DDC.ddp not found, will not use a pak cache.
[2017.04.20-19.14.58:989][  0]LogDerivedDataCache: Unable to find inner node Pak for hierarchical cache Hierarchy.
[2017.04.20-19.14.58:989][  0]LogDerivedDataCache: FDerivedDataBackendGraph:  CompressedPak pak cache file ../../../../../../Users/Anthony Scinocco/Desktop/MazeJogger/MazeJogger/MazeJogger/DerivedDataCache/Compressed.ddp not found, will not use a pak cache.
[2017.04.20-19.14.58:989][  0]LogDerivedDataCache: Unable to find inner node CompressedPak for hierarchical cache Hierarchy.
[2017.04.20-19.14.59:024][  0]LogDerivedDataCache:Display: Pak cache opened for reading ../../../Engine/DerivedDataCache/Compressed.ddp.
[2017.04.20-19.14.59:038][  0]LogDerivedDataCache: Using Local data cache path C:/Users/Anthony Scinocco/AppData/Local/UnrealEngine/Common/DerivedDataCache: Writable
[2017.04.20-19.14.59:436][  0]LogInit: Selected Device Profile: [Windows]
[2017.04.20-19.14.59:443][  0]LogContentStreaming: Texture pool size is 0.00 MB
[2017.04.20-19.14.59:637][  0]LogMeshUtilities: No automatic mesh reduction module available
[2017.04.20-19.14.59:637][  0]LogMeshUtilities: No automatic mesh merging module available
[2017.04.20-19.14.59:637][  0]LogMeshUtilities: No distributed automatic mesh merging module available
[2017.04.20-19.14.59:778][  0]LogMaterial: Uniform references updated for custom material expression Custom.
[2017.04.20-19.15.00:336][  0]LogNetVersion: GetLocalNetworkVersion: CL: 3106830, ProjectName: mazejogger, ProjectVersion: , EngineNetworkVersion: 1, GameNetworkVersion: 0, NetworkChecksum: 148792882
[2017.04.20-19.15.00:387][  0]LogAssetRegistry: FAssetRegistry took 0.0221 seconds to start up
[2017.04.20-19.15.00:458][  0]LogPackageLocalizationCache: Processed 3 localized package path(s) for 2 prioritized culture(s) in 0.065213 seconds
[2017.04.20-19.15.00:471][  0]LogUObjectArray: 29778 objects as part of root set at end of initial load.
[2017.04.20-19.15.00:471][  0]LogUObjectAllocator: 6125456 out of 0 bytes used by permanent object pool.
[2017.04.20-19.15.00:471][  0]LogUObjectArray: CloseDisregardForGC: 0/0 objects in disregard for GC pool
[2017.04.20-19.15.00:486][  0]LogInit: WinSock: version 1.1 (2.2), MaxSocks=32767, MaxUdp=65467
[2017.04.20-19.15.00:913][  0]LogSlate: SlateFontCache - WITH_FREETYPE: 1, WITH_HARFBUZZ: 1
[2017.04.20-19.15.00:914][  0]LogSlate: SlateFontCache - WITH_FREETYPE: 1, WITH_HARFBUZZ: 1
[2017.04.20-19.15.02:201][  0]LogTcpMessaging: Initializing TcpMessaging bridge
[2017.04.20-19.15.02:226][  0]LogUdpMessaging: Initializing bridge on interface 0.0.0.0:0 to multicast group 230.0.0.1:6666.
[2017.04.20-19.15.02:626][  0]SourceControl: Info Source control is disabled
[2017.04.20-19.15.02:628][  0]SourceControl: Info Source control is disabled
[2017.04.20-19.15.02:648][  0]SourceControl: Info Source control is disabled
[2017.04.20-19.15.02:662][  0]SourceControl: Info Source control is disabled
[2017.04.20-19.15.03:133][  0]LogEngine: Initializing Engine...
[2017.04.20-19.15.03:134][  0]LogHMD: Failed to initialize OpenVR with code 110
[2017.04.20-19.15.03:407][  0]LogAIModule: Creating AISystem for world Untitled
[2017.04.20-19.15.03:417][  0]LogInit: XAudio2 using 'Speakers / Headphones (Realtek High Definition Audio)' : 2 channels at 48 kHz using 32 bits per sample (channel mask 0x3)
[2017.04.20-19.15.03:683][  0]LogInit: FAudioDevice initialized.
[2017.04.20-19.15.03:745][  0]LogDerivedDataCache: Saved boot cache 0.06s 62MB C:/Users/Anthony Scinocco/AppData/Local/UnrealEngine/4.13/DerivedDataCache/Boot.ddc.
[2017.04.20-19.15.03:766][  0]LogInit: Texture streaming: Enabled
[2017.04.20-19.15.03:819][  0]LogInit: Transaction tracking system initialized
[2017.04.20-19.15.03:861][  0]BlueprintLog: New page: Editor Load
[2017.04.20-19.15.03:994][  0]LocalizationService: Info Localization service is disabled
[2017.04.20-19.15.04:565][  0]LogConsoleResponse:Display: 
[2017.04.20-19.15.04:799][  0]LogCook:Display: Max memory allowance for cook 16384mb min free memory 0mb
[2017.04.20-19.15.04:799][  0]LogCook:Display: Mobile HDR setting 1
[2017.04.20-19.15.05:102][  0]LogFileCache: Scanning file cache for directory 'C:/Users/Anthony Scinocco/Desktop/MazeJogger/MazeJogger/MazeJogger/Content/' took 0.03s
[2017.04.20-19.15.05:102][  0]SourceControl: Info Source control is disabled
[2017.04.20-19.15.05:102][  0]Cmd: MAP LOAD FILE="../../../../../../Users/Anthony Scinocco/Desktop/MazeJogger/MazeJogger/MazeJogger/Content/FirstPersonBP/Maps/FirstPersonExampleMap.umap" TEMPLATE=0 SHOWPROGRESS=1 FEATURELEVEL=3
[2017.04.20-19.15.05:110][  0]LightingResults: New page: Lighting Build
[2017.04.20-19.15.05:114][  0]MapCheck: New page: Map Check
[2017.04.20-19.15.05:114][  0]LightingResults: New page: Lighting Build
[2017.04.20-19.15.06:885][  0]LogAIModule: Creating AISystem for world FirstPersonExampleMap
[2017.04.20-19.15.06:909][  0]LogEditorServer: Finished looking for orphan Actors (0.000 secs)
[2017.04.20-19.15.06:910][  0]Cmd: MAP CHECKDEP NOCLEARLOG
[2017.04.20-19.15.07:026][  0]MapCheck: Info Map check complete: 0 Error(s), 0 Warning(s), took 115.53ms to complete.
[2017.04.20-19.15.07:026][  0]LogFileHelpers: Loading map 'FirstPersonExampleMap' took 1.924
[2017.04.20-19.15.07:244][  0]LogCollectionManager: Loaded 0 collections in 0.003831 seconds
[2017.04.20-19.15.07:288][  0]LogFileCache: Scanning file cache for directory 'C:/Users/Anthony Scinocco/Desktop/MazeJogger/MazeJogger/MazeJogger/Saved/Collections/' took 0.01s
[2017.04.20-19.15.07:288][  0]LogFileCache: Scanning file cache for directory 'C:/Users/Anthony Scinocco/Desktop/MazeJogger/MazeJogger/MazeJogger/Content/Developers/AnthonyScinocco/Collections/' took 0.01s
[2017.04.20-19.15.07:288][  0]LogFileCache: Scanning file cache for directory 'C:/Users/Anthony Scinocco/Desktop/MazeJogger/MazeJogger/MazeJogger/Content/Collections/' took 0.01s
[2017.04.20-19.15.07:288][  0]LogCollectionManager: Rebuilt the GUID cache for 0 collections in 0.000005 seconds
[2017.04.20-19.15.07:305][  0]LogContentBrowser: Native class hierarchy populated in 0.0158 seconds. Added 2141 classes and 415 folders.
[2017.04.20-19.15.07:311][  0]LogStats: UGameplayTagsManager::ConstructGameplayTagTree: Construct from data asset -  0.000 s
[2017.04.20-19.15.07:311][  0]LogStats: UGameplayTagsManager::ConstructGameplayTagTree: GameplayTagTreeChangedEvent.Broadcast -  0.000 s
[2017.04.20-19.15.07:312][  0]LogContentBrowser: Native class hierarchy updated for 'GameplayTags' in 0.0009 seconds. Added 12 classes and 0 folders.
[2017.04.20-19.15.07:320][  0]LogContentBrowser: Native class hierarchy updated for 'WidgetCarousel' in 0.0007 seconds. Added 0 classes and 0 folders.
[2017.04.20-19.15.07:882][  0]LogContentBrowser: Native class hierarchy updated for 'AddContentDialog' in 0.0008 seconds. Added 0 classes and 0 folders.
[2017.04.20-19.15.07:888][  0]LogContentBrowser: Native class hierarchy updated for 'SceneOutliner' in 0.0007 seconds. Added 1 classes and 2 folders.
[2017.04.20-19.15.07:918][  0]LogCrashTracker: Crashtracker disabled due to settings.
[2017.04.20-19.15.07:928][  0]LogUObjectGlobals:Warning: Failed to find object 'Class None.'
[2017.04.20-19.15.07:962][  0]LogContentBrowser: Native class hierarchy updated for 'HierarchicalLODOutliner' in 0.0013 seconds. Added 1 classes and 2 folders.
[2017.04.20-19.15.07:963][  0]LogLoad: (Engine Initialization) Total time: 14.82 seconds
[2017.04.20-19.15.07:963][  0]LogLoad: (Engine Initialization) Total Blueprint compile time: 0.38 seconds
[2017.04.20-19.15.07:963][  0]LogExternalProfiler: No external profilers were discovered.  External profiling features will not be available.
[2017.04.20-19.15.07:982][  0]LogWindowsTextInputMethodSystem:Display: IME system now deactivated.
[2017.04.20-19.15.07:983][  0]LogOcInput: OculusInput pre-init called
[2017.04.20-19.15.08:008][  0]LogContentStreaming: Texture pool size now 400 MB
[2017.04.20-19.15.08:384][  0]LogRenderer: Reallocating scene render targets to support 716x356 (Frame:2).
[2017.04.20-19.15.09:678][  3]LogAssetRegistry: Asset discovery search completed in 9.3139 seconds
[2017.04.20-19.15.09:679][  3]LogCollectionManager: Rebuilt the object cache for 0 collections in 0.000001 seconds (found 0 objects)
[2017.04.20-19.15.09:679][  3]LogCollectionManager: Fixed up redirectors for 0 collections in 0.000048 seconds (updated 0 objects)
[2017.04.20-19.16.32:738][328]Cmd: MAP LOAD FILE="../../../../../../Users/Anthony Scinocco/Desktop/MazeJogger/MazeJogger/MazeJogger/Content/MazeOne.umap" TEMPLATE=0 SHOWPROGRESS=1 FEATURELEVEL=3
[2017.04.20-19.16.32:759][328]LightingResults: New page: Lighting Build
[2017.04.20-19.16.32:761][328]LoadErrors: New page: Loading map: MazeOne.umap
[2017.04.20-19.16.32:763][328]MapCheck: New page: Map Check
[2017.04.20-19.16.32:764][328]LightingResults: New page: Lighting Build
[2017.04.20-19.16.32:941][328]LogAIModule: Creating AISystem for world MazeOne
[2017.04.20-19.16.32:980][328]LogEditorServer: Finished looking for orphan Actors (0.000 secs)
[2017.04.20-19.16.33:047][328]Cmd: MAP CHECKDEP NOCLEARLOG
[2017.04.20-19.16.33:173][328]MapCheck: Info Map check complete: 0 Error(s), 0 Warning(s), took 125.783ms to complete.
[2017.04.20-19.16.33:173][328]LogFileHelpers: Loading map 'MazeOne' took 0.436
[2017.04.20-19.21.05:090][866]LogRenderer: Reallocating scene render targets to support 716x368 (Frame:1481).
[2017.04.20-19.21.05:180][867]LogRenderer: Reallocating scene render targets to support 716x384 (Frame:1483).
[2017.04.20-19.21.05:273][868]LogRenderer: Reallocating scene render targets to support 716x388 (Frame:1485).
[2017.04.20-19.21.05:357][869]LogRenderer: Reallocating scene render targets to support 716x392 (Frame:1487).
[2017.04.20-19.21.05:436][870]LogRenderer: Reallocating scene render targets to support 716x404 (Frame:1489).
[2017.04.20-19.21.05:514][871]LogRenderer: Reallocating scene render targets to support 716x420 (Frame:1491).
[2017.04.20-19.21.05:591][872]LogRenderer: Reallocating scene render targets to support 716x424 (Frame:1493).
[2017.04.20-19.25.10:741][404]LogEditorViewport: Clicking on Actor (LMB): StaticMeshActor (Wall_500x517)
[2017.04.20-19.28.21:609][827]LogSavePackage: Save=1038.81ms
[2017.04.20-19.28.21:609][827]LogSavePackage: Moving '../../../../../../Users/Anthony Scinocco/Desktop/MazeJogger/MazeJogger/MazeJogger/Saved/MazeOne_Auto1B8449FDC4E1FADD53EE307B57DD2A9FB.tmp' to '../../../../../../Users/Anthony Scinocco/Desktop/MazeJogger/MazeJogger/MazeJogger/Saved/Autosaves/Game/MazeOne_Auto1.umap'
[2017.04.20-19.28.21:617][827]LogSavePackage:Display: Finished SavePackage ../../../../../../Users/Anthony Scinocco/Desktop/MazeJogger/MazeJogger/MazeJogger/Saved/Autosaves/Game/MazeOne_Auto1.umap
[2017.04.20-19.28.21:639][827]LogFileHelpers: Editor autosave (incl. sublevels) for '/Game/MazeOne' took 1.135
[2017.04.20-19.28.21:640][827]LogFileHelpers: Editor autosave (incl. sublevels) for all levels took 1.135
[2017.04.20-19.28.36:427][366]LogEditorViewport: Clicking on Actor (LMB): StaticMeshActor (Wall_500x526)
[2017.04.20-19.31.06:193][738]LogEditorViewport: Clicking on Actor (LMB): StaticMeshActor (Floor)
[2017.04.20-19.31.08:993][830]LogEditorViewport: Clicking on Actor (LMB): StaticMeshActor (Wall_500x526)
[2017.04.20-19.31.18:358][140]LogEditorViewport: Clicking on Actor (double click): StaticMeshActor (Floor)
[2017.04.20-19.31.18:724][150]LogEditorViewport: Clicking on Actor (LMB): StaticMeshActor (Wall_500x526)
[2017.04.20-19.32.53:352][553]Cmd: SELECT NONE
[2017.04.20-19.32.53:994][591]LogEditorViewport: Clicking on Actor (LMB): StaticMeshActor (Wall_500x526)
[2017.04.20-19.32.59:833][929]LogEditorViewport: Clicking on Actor (LMB): StaticMeshActor (Floor)
[2017.04.20-19.33.04:353][137]LogEditorViewport: Clicking on Actor (LMB): StaticMeshActor (Wall_500x526)
[2017.04.20-19.37.00:264][514]Cmd: EDIT COPY
[2017.04.20-19.37.00:621][533]Cmd: EDIT PASTE
[2017.04.20-19.38.22:772][374]LogSavePackage: Save=917.28ms
[2017.04.20-19.38.22:772][374]LogSavePackage: Moving '../../../../../../Users/Anthony Scinocco/Desktop/MazeJogger/MazeJogger/MazeJogger/Saved/MazeOne_Auto25406B8534B987AB63215A4AF63C42B5F.tmp' to '../../../../../../Users/Anthony Scinocco/Desktop/MazeJogger/MazeJogger/MazeJogger/Saved/Autosaves/Game/MazeOne_Auto2.umap'
[2017.04.20-19.38.22:774][374]LogSavePackage:Display: Finished SavePackage ../../../../../../Users/Anthony Scinocco/Desktop/MazeJogger/MazeJogger/MazeJogger/Saved/Autosaves/Game/MazeOne_Auto2.umap
[2017.04.20-19.38.22:779][374]LogFileHelpers: Editor autosave (incl. sublevels) for '/Game/MazeOne' took 0.988
[2017.04.20-19.38.22:779][374]LogFileHelpers: Editor autosave (incl. sublevels) for all levels took 0.988
[2017.04.20-19.45.21:935][ 58]Cmd: OBJ SAVEPACKAGE PACKAGE="/Game/MazeOne" FILE="../../../../../../Users/Anthony Scinocco/Desktop/MazeJogger/MazeJogger/MazeJogger/Content/MazeOne.umap" SILENT=true AUTOSAVING=false KEEPDIRTY=false
[2017.04.20-19.45.22:630][ 58]LogSavePackage: Save=639.90ms
[2017.04.20-19.45.22:630][ 58]LogSavePackage: Moving '../../../../../../Users/Anthony Scinocco/Desktop/MazeJogger/MazeJogger/MazeJogger/Saved/MazeOne4939FEBE4D76164DBE577F995EC0D0BB.tmp' to '../../../../../../Users/Anthony Scinocco/Desktop/MazeJogger/MazeJogger/MazeJogger/Content/MazeOne.umap'
[2017.04.20-19.45.22:642][ 58]LogSavePackage:Display: Finished SavePackage ../../../../../../Users/Anthony Scinocco/Desktop/MazeJogger/MazeJogger/MazeJogger/Content/MazeOne.umap
[2017.04.20-19.45.23:547][106]MapCheck: New page: Map Check
[2017.04.20-19.45.23:561][106]Cmd: MAP REBUILD ALLVISIBLE
[2017.04.20-19.45.23:561][106]LogEditorServer: Rebuildmap Clear paths rebuilt
[2017.04.20-19.45.23:638][106]LogMaterial: Missing cached shader map for material FDebugViewModeMaterialProxy WorldGridMaterial, compiling. Is special engine material.
[2017.04.20-19.45.23:654][106]LogMaterial: Missing cached shader map for material FDebugViewModeMaterialProxy blueMaterial, compiling. 
[2017.04.20-19.45.23:663][106]LogMaterial: Missing cached shader map for material FDebugViewModeMaterialProxy MaterialInstanceDynamic_1, compiling. 
[2017.04.20-19.45.25:503][106]LogLevel:Display: Export Material TexCoord Scales took 0.035 seconds.
[2017.04.20-19.45.25:518][106]TextureStreamingBuild:Display: Build Texture Streaming took 0.015 seconds.
[2017.04.20-19.45.25:547][106]LightingResults: New page: Lighting Build - Apr 20, 2017, 10:45:25 AM
[2017.04.20-19.45.25:702][106]LogSwarmInterface: [OpenConnection] Registering TCP channel ...
[2017.04.20-19.45.25:870][106]LogSwarmInterface: [OpenConnection] Connecting to agent ...
[2017.04.20-19.45.25:887][106]LogSwarmInterface: [TryOpenConnection] Testing the Agent
[2017.04.20-19.45.26:917][106]LogSwarmInterface: [TryOpenConnection] Opening Connection to Agent
[2017.04.20-19.45.26:918][106]LogSwarmInterface: [TryOpenConnection] Local Process ID is 8652
[2017.04.20-19.45.29:399][106]LogStaticLightingSystem:Warning: No importance volume found, so the scene bounding box was used.  You can optimize your scene's quality and lighting build times by adding importance volumes.
[2017.04.20-19.45.29:399][106]LogStaticLightingSystem: Running Lightmass w/ ImmediateImport mode ENABLED
[2017.04.20-19.45.29:399][106]LogStaticLightingSystem: Running Lightmass w/ ImmediateProcess mode ENABLED
[2017.04.20-19.45.29:399][106]LogStaticLightingSystem: Running Lightmass w/ Sorting mode ENABLED
[2017.04.20-19.45.29:399][106]LogStaticLightingSystem: Running Lightmass w/ Mapping paddings ENABLED
[2017.04.20-19.45.29:399][106]LogStaticLightingSystem: Running Lightmass w/ Mapping debug paddings DISABLED
[2017.04.20-19.45.29:663][106]Cmd: MAP CHECK DONTDISPLAYDIALOG
[2017.04.20-19.45.29:663][106]MapCheck: New page: MazeOne - Apr 20, 2017, 10:45:29 AM
[2017.04.20-19.45.29:664][106]MapCheck:Error: Error WorldSettings_1 Maps need lighting rebuilt 
[2017.04.20-19.45.29:773][106]MapCheck: Info Map check complete: 1 Error(s), 0 Warning(s), took 110.529ms to complete.
[2017.04.20-19.45.29:796][106]LogEditorBuildUtils: Build time 0:06
[2017.04.20-19.45.29:823][106]LogMaterial: Missing cached shader map for material FLightmassMaterialRenderer blueMaterial, compiling. 
[2017.04.20-19.45.29:836][106]LogMaterial: Missing cached shader map for material FLightmassMaterialRenderer blueMaterial, compiling. 
[2017.04.20-19.46.13:365][463]Job is a success!
[2017.04.20-19.46.16:945][464]LogTexture:Display: Building textures: HQ_Lightmap1_1 (AutoDXT)
[2017.04.20-19.46.16:945][464]LogTexture:Display: Building textures: LQ_Lightmap_1_1 (DXT1)
[2017.04.20-19.46.16:945][464]LogTexture:Display: Building textures: HQ_Lightmap0_2 (AutoDXT)
[2017.04.20-19.46.16:945][464]LogTexture:Display: Building textures: LQ_Lightmap_0_2 (DXT1)
[2017.04.20-19.46.16:945][464]LogTexture:Display: Building textures: HQ_Lightmap1_3 (AutoDXT)
[2017.04.20-19.46.16:945][464]LogTexture:Display: Building textures: LQ_Lightmap_1_3 (DXT1)
[2017.04.20-19.46.18:240][464]LogTexture:Display: Building textures: ShadowMapTexture2D_2 (G8)
[2017.04.20-19.46.18:240][464]LogTexture:Display: Building textures: ShadowMapTexture2D_3 (G8)
[2017.04.20-19.46.18:330][464]Lightmass on VOSTRO: 45.5 sec total, 407 ms importing, 95 ms setup, 7.86 sec photons, 37.1 sec processing, 0 ms extra exporting [49/49 mappings]. Threads: 2:28 min total, 1:35 min processing.
[2017.04.20-19.46.18:343][464]LogStaticLightingSystem: Illumination: 52.7 sec (3.35 sec encoding lightmaps, 1.29 sec encoding shadowmaps)
[2017.04.20-19.46.18:343][464]LogStaticLightingSystem: Lightmap texture memory:  4.0 MB (4.0 MB streaming, 0.0 MB non-streaming), 6 textures
[2017.04.20-19.46.18:343][464]LogStaticLightingSystem: Shadowmap texture memory: 2.7 MB (2.7 MB streaming, 0.0 MB non-streaming), 2 textures
[2017.04.20-19.46.18:430][465]Cmd: MAP CHECK NOTIFYRESULTS
[2017.04.20-19.46.18:430][465]MapCheck: New page: MazeOne - Apr 20, 2017, 10:46:18 AM
[2017.04.20-19.46.18:530][465]MapCheck: Info Map check complete: 0 Error(s), 0 Warning(s), took 99.497ms to complete.
[2017.04.20-19.55.27:945][271]LogSavePackage: Save=113.78ms
[2017.04.20-19.55.27:945][271]LogSavePackage: Moving '../../../../../../Users/Anthony Scinocco/Desktop/MazeJogger/MazeJogger/MazeJogger/Saved/MazeOne_Auto309376CC94DD06363E702CDA7D52256F5.tmp' to '../../../../../../Users/Anthony Scinocco/Desktop/MazeJogger/MazeJogger/MazeJogger/Saved/Autosaves/Game/MazeOne_Auto3.umap'
[2017.04.20-19.55.27:948][271]LogSavePackage:Display: Finished SavePackage ../../../../../../Users/Anthony Scinocco/Desktop/MazeJogger/MazeJogger/MazeJogger/Saved/Autosaves/Game/MazeOne_Auto3.umap
[2017.04.20-19.55.27:951][271]LogFileHelpers: Editor autosave (incl. sublevels) for '/Game/MazeOne' took 0.188
[2017.04.20-19.55.27:951][271]LogFileHelpers: Editor autosave (incl. sublevels) for all levels took 0.188
[2017.04.20-20.02.41:090][827]LogEditorViewport: Clicking on Actor (LMB): StaticMeshActor (Wall_500x546)
[2017.04.20-20.03.13:210][151]LogEditorViewport: Clicking on Actor (LMB): StaticMeshActor (Wall_500x518)
[2017.04.20-20.03.26:474][613]LogEditorViewport: Clicking on Actor (LMB): StaticMeshActor (Wall_500x527)
[2017.04.20-20.03.37:666][994]LogEditorViewport: Clicking on Actor (LMB): StaticMeshActor (Wall_500x518)
[2017.04.20-20.04.06:008][921]LogEditorViewport: Clicking on Actor (LMB): StaticMeshActor (Wall_500x542)
[2017.04.20-20.04.25:587][565]LogEditorViewport: Clicking on Actor (LMB): StaticMeshActor (Wall_500x516)
[2017.04.20-20.05.08:625][101]LogEditorViewport: Clicking on Actor (context menu): PointLight (PointLight)
[2017.04.20-20.05.31:811][384]LogEditorViewport: Clicking on Actor (LMB): StaticMeshActor (Floor)
[2017.04.20-20.05.33:147][457]LogEditorViewport: Clicking on Actor (LMB): PointLight (PointLight)
[2017.04.20-20.05.33:740][487]LogEditorViewport: Clicking on Actor (context menu): StaticMeshActor (Floor)
[2017.04.20-20.05.37:949][717]Cmd: DELETE
[2017.04.20-20.05.37:949][717]Cmd: ACTOR DELETE
[2017.04.20-20.05.37:952][717]LogEditorActor: Deleted Actor: StaticMeshActor
[2017.04.20-20.05.37:989][717]LogEditorActor: Deleted 1 Actors (0.040 secs)
[2017.04.20-20.05.42:732][957]Cmd: TRANSACTION UNDO
[2017.04.20-20.05.42:732][957]LogEditorTransaction: Undo Delete Actors
[2017.04.20-20.05.43:751][ 13]LogEditorViewport: Clicking on Actor (LMB): PointLight (PointLight)
[2017.04.20-20.05.45:364][104]LogEditorViewport: Clicking on Actor (context menu): PointLight (PointLight)
[2017.04.20-20.05.57:249][763]LogEditorViewport: Clicking on Actor (LMB): StaticMeshActor (Floor)
[2017.04.20-20.05.58:561][835]LogEditorViewport: Clicking on Actor (LMB): PointLight (PointLight)
[2017.04.20-20.05.59:618][893]LogEditorViewport: Clicking on Actor (context menu): PointLight (PointLight)
[2017.04.20-20.06.05:659][234]Cmd: DELETE
[2017.04.20-20.06.05:659][234]Cmd: ACTOR DELETE
[2017.04.20-20.06.05:662][234]LogEditorActor: Deleted Actor: PointLight
[2017.04.20-20.06.05:698][234]LogEditorActor: Deleted 1 Actors (0.039 secs)
[2017.04.20-20.06.10:333][421]LogEditorViewport: Clicking on Actor (LMB): StaticMeshActor (Wall_500x516)
[2017.04.20-20.06.34:096][178]LogEditorViewport: Clicking on Actor (LMB): StaticMeshActor (Wall_500x528)
[2017.04.20-20.06.54:356][902]LogEditorViewport: Clicking on Actor (LMB): StaticMeshActor (Wall_500x542)
[2017.04.20-20.07.28:383][150]LogEditorViewport: Clicking on Actor (LMB): StaticMeshActor (Wall_500x502)
[2017.04.20-20.08.25:985][148]LogSavePackage: Save=111.38ms
[2017.04.20-20.08.25:985][148]LogSavePackage: Moving '../../../../../../Users/Anthony Scinocco/Desktop/MazeJogger/MazeJogger/MazeJogger/Saved/MazeOne_Auto4929B03654B426D54B8527C87B1359329.tmp' to '../../../../../../Users/Anthony Scinocco/Desktop/MazeJogger/MazeJogger/MazeJogger/Saved/Autosaves/Game/MazeOne_Auto4.umap'
[2017.04.20-20.08.25:987][148]LogSavePackage:Display: Finished SavePackage ../../../../../../Users/Anthony Scinocco/Desktop/MazeJogger/MazeJogger/MazeJogger/Saved/Autosaves/Game/MazeOne_Auto4.umap
[2017.04.20-20.08.25:993][148]LogFileHelpers: Editor autosave (incl. sublevels) for '/Game/MazeOne' took 0.182
[2017.04.20-20.08.25:993][148]LogFileHelpers: Editor autosave (incl. sublevels) for all levels took 0.182
[2017.04.20-20.08.33:821][440]LogEditorViewport: Clicking on Actor (LMB): StaticMeshActor (Wall_500x502)
[2017.04.20-20.09.15:129][740]Cmd: OBJ SAVEPACKAGE PACKAGE="/Game/MazeOne" FILE="../../../../../../Users/Anthony Scinocco/Desktop/MazeJogger/MazeJogger/MazeJogger/Content/MazeOne.umap" SILENT=true AUTOSAVING=false KEEPDIRTY=false
[2017.04.20-20.09.16:109][740]LogSavePackage: Save=940.82ms
[2017.04.20-20.09.16:109][740]LogSavePackage: Moving '../../../../../../Users/Anthony Scinocco/Desktop/MazeJogger/MazeJogger/MazeJogger/Saved/MazeOne71DC7E2D4D2EB17D89E8AFB3614E9F55.tmp' to '../../../../../../Users/Anthony Scinocco/Desktop/MazeJogger/MazeJogger/MazeJogger/Content/MazeOne.umap'
[2017.04.20-20.09.16:117][740]LogSavePackage:Display: Finished SavePackage ../../../../../../Users/Anthony Scinocco/Desktop/MazeJogger/MazeJogger/MazeJogger/Content/MazeOne.umap
[2017.04.20-20.09.19:258][923]LogEditorViewport: Clicking on Actor (LMB): StaticMeshActor (Wall_500x525)
[2017.04.20-20.09.20:768][  6]Cmd: EDIT COPY
[2017.04.20-20.09.24:117][206]Cmd: EDIT PASTE
[2017.04.20-20.09.42:716][947]LogEditorViewport: Clicking on Actor (LMB): BP_Sky_Sphere_C (Sky Sphere)
[2017.04.20-20.09.42:857][949]LogEditorViewport: Clicking on Component (LMB): StaticMeshComponent (Sky Sphere mesh)
[2017.04.20-20.09.44:828][ 63]Cmd: TRANSACTION UNDO
[2017.04.20-20.09.44:828][ 63]LogEditorTransaction: Undo Clicking on Components
[2017.04.20-20.09.46:093][135]LogEditorViewport: Clicking on Actor (LMB): StaticMeshActor (Wall_500x547)
[2017.04.20-20.10.31:346][412]LogEditorViewport: Clicking on Actor (LMB): StaticMeshActor (Wall_500x521)
[2017.04.20-20.10.58:522][299]LogEditorViewport: Clicking on Actor (LMB): StaticMeshActor (Wall_500x543)
[2017.04.20-20.11.01:113][411]LogEditorViewport: Clicking on Actor (LMB): StaticMeshActor (Wall_500x500)
[2017.04.20-20.11.41:342][885]LogEditorViewport: Clicking on Actor (LMB): StaticMeshActor (Wall_500x504)
[2017.04.20-20.12.07:379][751]LogEditorViewport: Clicking on Actor (LMB): StaticMeshActor (Wall_500x520)
[2017.04.20-20.12.09:365][815]Cmd: OBJ SAVEPACKAGE PACKAGE="/Game/MazeOne" FILE="../../../../../../Users/Anthony Scinocco/Desktop/MazeJogger/MazeJogger/MazeJogger/Content/MazeOne.umap" SILENT=true AUTOSAVING=false KEEPDIRTY=false
[2017.04.20-20.12.10:436][815]LogSavePackage: Save=972.08ms
[2017.04.20-20.12.10:436][815]LogSavePackage: Moving '../../../../../../Users/Anthony Scinocco/Desktop/MazeJogger/MazeJogger/MazeJogger/Saved/MazeOne7140FA4E40E5BA8F3C04789C0A105C40.tmp' to '../../../../../../Users/Anthony Scinocco/Desktop/MazeJogger/MazeJogger/MazeJogger/Content/MazeOne.umap'
[2017.04.20-20.12.10:442][815]LogSavePackage:Display: Finished SavePackage ../../../../../../Users/Anthony Scinocco/Desktop/MazeJogger/MazeJogger/MazeJogger/Content/MazeOne.umap
[2017.04.20-20.12.26:467][364]LogEditorViewport: Clicking on Actor (LMB): StaticMeshActor (Wall_500x520)
[2017.04.20-20.13.22:131][674]LogEditorViewport: Clicking on Actor (LMB): StaticMeshActor (Wall_500x546)
[2017.04.20-20.13.42:728][345]LogEditorViewport: Clicking on Actor (LMB): StaticMeshActor (Wall_500x526)
[2017.04.20-20.13.53:262][690]LogEditorViewport: Clicking on Actor (LMB): StaticMeshActor (Wall_500x527)
[2017.04.20-20.14.02:438][976]LogEditorViewport: Clicking on Actor (LMB): StaticMeshActor (Wall_500x518)
[2017.04.20-20.14.48:226][468]LogEditorViewport: Clicking on Actor (LMB): StaticMeshActor (Wall_500x541)
[2017.04.20-20.15.00:642][890]LogEditorViewport: Clicking on Actor (LMB): StaticMeshActor (Wall_500x543)
[2017.04.20-20.15.24:983][697]LogEditorViewport: Clicking on Actor (LMB): StaticMeshActor (Wall_500x521)
[2017.04.20-20.15.42:234][304]LogEditorViewport: Clicking on Actor (LMB): StaticMeshActor (Wall_500x518)
[2017.04.20-20.16.10:326][358]LogEditorViewport: Clicking on Actor (LMB): StaticMeshActor (Wall_500x518)
[2017.04.20-20.16.17:860][589]LogEditorViewport: Clicking on Actor (LMB): StaticMeshActor (Wall_500x518)
[2017.04.20-20.16.58:503][930]LogEditorViewport: Clicking on Actor (LMB): StaticMeshActor (Wall_500x541)
[2017.04.20-20.16.59:319][973]LogEditorViewport: Clicking on Actor (context menu): StaticMeshActor (Wall_500x541)
[2017.04.20-20.17.00:982][ 69]LogEditorViewport: Clicking on Actor (LMB): StaticMeshActor (Wall_500x541)
[2017.04.20-20.17.04:766][293]Cmd: EDIT COPY
[2017.04.20-20.17.05:170][316]Cmd: EDIT PASTE
[2017.04.20-20.17.44:243][587]LogEditorViewport: Clicking on Actor (LMB): StaticMeshActor (Wall_500x548)
[2017.04.20-20.18.21:042][547]LogEditorViewport: Clicking on Actor (LMB): StaticMeshActor (Wall_500x518)
[2017.04.20-20.19.57:486][614]LogEditorViewport: Clicking on Actor (LMB): StaticMeshActor (Wall_500x541)
[2017.04.20-20.20.08:031][960]Cmd: OBJ SAVEPACKAGE PACKAGE="/Game/MazeOne" FILE="../../../../../../Users/Anthony Scinocco/Desktop/MazeJogger/MazeJogger/MazeJogger/Content/MazeOne.umap" SILENT=true AUTOSAVING=false KEEPDIRTY=false
[2017.04.20-20.20.09:114][960]LogSavePackage: Save=984.78ms
[2017.04.20-20.20.09:114][960]LogSavePackage: Moving '../../../../../../Users/Anthony Scinocco/Desktop/MazeJogger/MazeJogger/MazeJogger/Saved/MazeOne616EA5BA4E8A47FE382BC6BAA0125413.tmp' to '../../../../../../Users/Anthony Scinocco/Desktop/MazeJogger/MazeJogger/MazeJogger/Content/MazeOne.umap'
[2017.04.20-20.20.09:124][960]LogSavePackage:Display: Finished SavePackage ../../../../../../Users/Anthony Scinocco/Desktop/MazeJogger/MazeJogger/MazeJogger/Content/MazeOne.umap
[2017.04.20-20.20.11:493][ 82]LogEditorViewport: Clicking on Actor (LMB): StaticMeshActor (Wall_500x548)
[2017.04.20-20.20.15:365][268]Cmd: EDIT COPY
[2017.04.20-20.20.16:524][337]Cmd: EDIT PASTE
[2017.04.20-20.20.41:751][554]LogEditorViewport: Clicking on Actor (LMB): StaticMeshActor (Floor)
[2017.04.20-20.20.52:772][904]LogEditorViewport: Clicking on Actor (LMB): StaticMeshActor (Wall_Door_400x401)
[2017.04.20-20.21.28:718][836]LogEditorViewport: Clicking on Actor (LMB): StaticMeshActor (Floor)
[2017.04.20-20.21.30:266][923]LogEditorViewport: Clicking on Actor (LMB): StaticMeshActor (Wall_Door_400x401)
[2017.04.20-20.21.52:343][869]LogEditorViewport: Clicking on Component (LMB): StaticMeshComponent (StaticMeshComponent0)
[2017.04.20-20.22.07:645][590]LogEditorViewport: Clicking on Actor (LMB): StaticMeshActor (Wall_500x548)
[2017.04.20-20.22.10:459][747]LogEditorViewport: Clicking on Actor (LMB): StaticMeshActor (Floor)
[2017.04.20-20.22.14:076][877]LogEditorViewport: Clicking on Actor (LMB): StaticMeshActor (Wall_500x548)
[2017.04.20-20.24.02:152][377]LogEditorViewport: Clicking on Actor (LMB): StaticMeshActor (Wall_500x549)
[2017.04.20-20.24.09:225][638]Cmd: OBJ SAVEPACKAGE PACKAGE="/Game/MazeOne" FILE="../../../../../../Users/Anthony Scinocco/Desktop/MazeJogger/MazeJogger/MazeJogger/Content/MazeOne.umap" SILENT=true AUTOSAVING=false KEEPDIRTY=false
[2017.04.20-20.24.10:174][638]LogSavePackage: Save=912.20ms
[2017.04.20-20.24.10:174][638]LogSavePackage: Moving '../../../../../../Users/Anthony Scinocco/Desktop/MazeJogger/MazeJogger/MazeJogger/Saved/MazeOneB474070E42E2EAD618742F9C4D4E8195.tmp' to '../../../../../../Users/Anthony Scinocco/Desktop/MazeJogger/MazeJogger/MazeJogger/Content/MazeOne.umap'
[2017.04.20-20.24.10:180][638]LogSavePackage:Display: Finished SavePackage ../../../../../../Users/Anthony Scinocco/Desktop/MazeJogger/MazeJogger/MazeJogger/Content/MazeOne.umap
[2017.04.20-20.24.16:452][865]Cmd: OBJ SAVEPACKAGE PACKAGE="/Game/MazeOne" FILE="../../../../../../Users/Anthony Scinocco/Desktop/MazeJogger/MazeJogger/MazeJogger/Content/MazeOne.umap" SILENT=true AUTOSAVING=false KEEPDIRTY=false
[2017.04.20-20.24.17:388][865]LogSavePackage: Save=901.73ms
[2017.04.20-20.24.17:388][865]LogSavePackage: Moving '../../../../../../Users/Anthony Scinocco/Desktop/MazeJogger/MazeJogger/MazeJogger/Saved/MazeOneCE83D5D34E6722A7F5B049A0B38FFB42.tmp' to '../../../../../../Users/Anthony Scinocco/Desktop/MazeJogger/MazeJogger/MazeJogger/Content/MazeOne.umap'
[2017.04.20-20.24.17:393][865]LogSavePackage:Display: Finished SavePackage ../../../../../../Users/Anthony Scinocco/Desktop/MazeJogger/MazeJogger/MazeJogger/Content/MazeOne.umap
[2017.04.20-20.24.57:786][744]LogEditorViewport: Clicking on Actor (LMB): StaticMeshActor (Wall_500x509)
[2017.04.20-20.25.02:807][931]LogEditorViewport: Clicking on Actor (LMB): StaticMeshActor (Wall_500x508)
[2017.04.20-20.25.07:288][ 96]LogEditorViewport: Clicking on Actor (LMB): StaticMeshActor (Wall_500x501)
[2017.04.20-20.25.19:831][576]LogEditorViewport: Clicking on Actor (LMB): StaticMeshActor (Wall_500x510)
[2017.04.20-20.25.29:193][931]LogEditorViewport: Clicking on Actor (LMB): StaticMeshActor (Wall_500x507)
[2017.04.20-20.25.42:072][427]LogEditorViewport: Clicking on Actor (LMB): StaticMeshActor (Wall_500x511)
[2017.04.20-20.26.04:568][272]LogEditorViewport: Clicking on Actor (LMB): StaticMeshActor (Wall_500x501)
[2017.04.20-20.26.39:553][969]Cmd: EDIT COPY
[2017.04.20-20.26.39:853][986]Cmd: EDIT COPY
[2017.04.20-20.26.40:171][  4]Cmd: EDIT PASTE
[2017.04.20-20.26.42:035][113]Cmd: TRANSACTION UNDO
[2017.04.20-20.26.42:035][113]LogEditorTransaction: Undo Paste Components
[2017.04.20-20.26.43:086][172]LogEditorViewport: Clicking on Component (LMB): StaticMeshComponent (StaticMeshComponent0)
[2017.04.20-20.26.44:017][224]LogEditorViewport: Clicking on Actor (LMB): StaticMeshActor (Wall_500x547)
[2017.04.20-20.26.44:797][266]LogEditorViewport: Clicking on Actor (LMB): StaticMeshActor (Wall_500x501)
[2017.04.20-20.26.47:625][428]LogUObjectHash:Warning: Ambiguous search, could be StaticMeshComponent /Engine/Transient.StaticMeshComponent0 or StaticMeshComponent /Engine/Transient.StaticMeshComponent0
[2017.04.20-20.26.48:488][480]LogUObjectHash:Warning: Ambiguous search, could be StaticMeshComponent /Engine/Transient.StaticMeshComponent0 or StaticMeshComponent /Engine/Transient.StaticMeshComponent0
[2017.04.20-20.26.49:987][567]Cmd: TRANSACTION UNDO
[2017.04.20-20.26.49:987][567]LogEditorTransaction: Undo Paste Component(s)
[2017.04.20-20.26.53:186][691]LogEditorViewport: Clicking on Component (LMB): StaticMeshComponent (StaticMeshComponent0)
[2017.04.20-20.26.55:049][792]Cmd: EDIT COPY
[2017.04.20-20.26.55:055][792]LogUObjectHash:Warning: Ambiguous search, could be StaticMeshComponent /Engine/Transient.StaticMeshComponent0 or StaticMeshComponent /Engine/Transient.StaticMeshComponent0
[2017.04.20-20.26.55:565][822]LogUObjectHash:Warning: Ambiguous search, could be StaticMeshComponent /Engine/Transient.StaticMeshComponent0 or StaticMeshComponent /Engine/Transient.StaticMeshComponent0
[2017.04.20-20.26.55:568][822]Cmd: EDIT PASTE
[2017.04.20-20.26.56:375][868]LogEditorViewport: Clicking on Actor (context menu): BP_Sky_Sphere_C (Sky Sphere)
[2017.04.20-20.26.56:526][869]LogEditorViewport: Clicking on Component (context menu): StaticMeshComponent (Sky Sphere mesh)
[2017.04.20-20.26.59:734][ 14]LogEditorViewport: Clicking on Actor (LMB): StaticMeshActor (Wall_500x501)
[2017.04.20-20.27.05:009][294]Cmd: TRANSACTION UNDO
[2017.04.20-20.27.05:009][294]LogEditorTransaction: Undo Move Actors
[2017.04.20-20.27.07:843][429]Cmd: EDIT COPY
[2017.04.20-20.27.08:252][453]Cmd: EDIT COPY
[2017.04.20-20.27.08:724][481]Cmd: EDIT PASTE
[2017.04.20-20.27.24:107][118]LogEditorViewport: Clicking on Actor (LMB): StaticMeshActor (Wall_500x501)
[2017.04.20-20.27.44:552][946]LogEditorViewport: Clicking on Actor (LMB): StaticMeshActor (Wall_500x514)
[2017.04.20-20.28.42:967][ 69]Cmd: TRANSACTION UNDO
[2017.04.20-20.28.42:967][ 69]LogEditorTransaction: Undo Set actor scale
[2017.04.20-20.28.43:427][ 94]Cmd: TRANSACTION UNDO
[2017.04.20-20.28.43:427][ 94]LogEditorTransaction: Undo Set actor scale
[2017.04.20-20.28.44:971][182]LogEditorViewport: Clicking on Actor (LMB): BP_Sky_Sphere_C (Sky Sphere)
[2017.04.20-20.28.48:191][289]LogEditorViewport: Clicking on Actor (LMB): StaticMeshActor (Wall_500x514)
[2017.04.20-20.29.05:426][ 79]LogEditorViewport: Clicking on Component (LMB): StaticMeshComponent (StaticMesh)
[2017.04.20-20.29.05:802][ 99]LogEditorViewport: Clicking on Actor (double click): StaticMeshActor (Wall_500x514)
[2017.04.20-20.29.06:043][111]LogEditorViewport: Clicking on Actor (LMB): StaticMeshActor (Wall_500x514)
[2017.04.20-20.29.06:873][159]LogEditorViewport: Clicking on Actor (LMB): StaticMeshActor (Wall_500x514)
[2017.04.20-20.29.06:970][162]LogEditorViewport: Clicking on Component (LMB): StaticMeshComponent (StaticMesh)
[2017.04.20-20.29.07:970][220]LogEditorViewport: Clicking on Component (context menu): StaticMeshComponent (StaticMesh)
[2017.04.20-20.29.12:711][489]Cmd: DELETE
[2017.04.20-20.29.12:711][489]Cmd: ACTOR DELETE
[2017.04.20-20.29.12:736][489]LogEditorActor: Deleted 1 Components (0.024 secs)
[2017.04.20-20.29.18:854][769]LogEditorViewport: Clicking on Actor (LMB): StaticMeshActor (Wall_500x501)
[2017.04.20-20.29.18:997][772]LogEditorViewport: Clicking on Component (LMB): StaticMeshComponent (StaticMesh)
[2017.04.20-20.29.19:617][802]LogEditorViewport: Clicking on Component (LMB): StaticMeshComponent (StaticMesh)
[2017.04.20-20.29.19:863][815]LogEditorViewport: Clicking on Actor (double click): StaticMeshActor (Wall_500x501)
[2017.04.20-20.29.20:586][856]LogEditorViewport: Clicking on Actor (LMB): StaticMeshActor (Wall_500x501)
[2017.04.20-20.29.21:242][893]LogEditorViewport: Clicking on Actor (LMB): StaticMeshActor (Wall_500x501)
[2017.04.20-20.29.21:434][902]LogEditorViewport: Clicking on Component (LMB): StaticMeshComponent (StaticMesh)
[2017.04.20-20.29.22:097][940]LogEditorViewport: Clicking on Component (LMB): StaticMeshComponent (StaticMesh)
[2017.04.20-20.29.22:206][944]LogEditorViewport: Clicking on Actor (double click): StaticMeshActor (Wall_500x501)
[2017.04.20-20.29.22:429][955]LogEditorViewport: Clicking on Actor (LMB): StaticMeshActor (Wall_500x501)
[2017.04.20-20.29.22:924][983]LogEditorViewport: Clicking on Actor (LMB): BP_Sky_Sphere_C (Sky Sphere)
[2017.04.20-20.29.23:119][991]LogEditorViewport: Clicking on Actor (LMB): BP_Sky_Sphere_C (Sky Sphere)
[2017.04.20-20.29.23:591][ 17]LogEditorViewport: Clicking on Actor (LMB): BP_Sky_Sphere_C (Sky Sphere)
[2017.04.20-20.29.24:072][ 44]LogEditorViewport: Clicking on Actor (LMB): StaticMeshActor (Wall_500x501)
[2017.04.20-20.29.24:661][ 75]LogEditorViewport: Clicking on Actor (LMB): StaticMeshActor (Wall_500x501)
[2017.04.20-20.29.24:738][ 77]LogEditorViewport: Clicking on Component (LMB): StaticMeshComponent (StaticMesh)
[2017.04.20-20.29.31:619][383]LogEditorViewport: Clicking on Component (LMB): StaticMeshComponent (StaticMesh)
[2017.04.20-20.29.31:740][386]LogEditorViewport: Clicking on Actor (double click): StaticMeshActor (Wall_500x501)
[2017.04.20-20.29.32:689][440]LogEditorViewport: Clicking on Actor (LMB): StaticMeshActor (Wall_500x501)
[2017.04.20-20.29.32:829][446]LogEditorViewport: Clicking on Component (LMB): StaticMeshComponent (StaticMesh)
[2017.04.20-20.29.33:878][507]LogEditorViewport: Clicking on Component (context menu): StaticMeshComponent (StaticMesh)
[2017.04.20-20.29.42:149][980]Cmd: DELETE
[2017.04.20-20.29.42:149][980]Cmd: ACTOR DELETE
[2017.04.20-20.29.42:172][980]LogEditorActor: Deleted 1 Components (0.023 secs)
[2017.04.20-20.29.50:892][373]LogEditorViewport: Clicking on Actor (LMB): StaticMeshActor (Wall_500x514)
[2017.04.20-20.30.21:506][804]LogEditorViewport: Clicking on Actor (LMB): StaticMeshActor (Wall_500x503)
[2017.04.20-20.31.02:143][839]LogEditorViewport: Clicking on Actor (LMB): StaticMeshActor (Wall_500x511)
[2017.04.20-20.31.09:437][170]LogEditorViewport: Clicking on Actor (LMB): StaticMeshActor (Wall_500x511)
[2017.04.20-20.31.10:060][204]LogEditorViewport: Clicking on Actor (LMB): StaticMeshActor (Wall_500x511)
[2017.04.20-20.31.11:249][273]Cmd: EDIT COPY
[2017.04.20-20.31.11:828][307]Cmd: EDIT PASTE
[2017.04.20-20.31.38:702][554]LogEditorViewport: Clicking on Actor (LMB): StaticMeshActor (Wall_500x503)
[2017.04.20-20.31.39:522][599]LogEditorViewport: Clicking on Actor (LMB): StaticMeshActor (Wall_500x550)
[2017.04.20-20.32.47:788][684]Cmd: OBJ SAVEPACKAGE PACKAGE="/Game/MazeOne" FILE="../../../../../../Users/Anthony Scinocco/Desktop/MazeJogger/MazeJogger/MazeJogger/Content/MazeOne.umap" SILENT=true AUTOSAVING=false KEEPDIRTY=false
[2017.04.20-20.32.48:772][684]LogSavePackage: Save=905.37ms
[2017.04.20-20.32.48:772][684]LogSavePackage: Moving '../../../../../../Users/Anthony Scinocco/Desktop/MazeJogger/MazeJogger/MazeJogger/Saved/MazeOneA5400B464EB808EFB209A0A56271E929.tmp' to '../../../../../../Users/Anthony Scinocco/Desktop/MazeJogger/MazeJogger/MazeJogger/Content/MazeOne.umap'
[2017.04.20-20.32.48:778][684]LogSavePackage:Display: Finished SavePackage ../../../../../../Users/Anthony Scinocco/Desktop/MazeJogger/MazeJogger/MazeJogger/Content/MazeOne.umap
[2017.04.20-20.34.01:516][545]LogEditorViewport: Clicking on Actor (LMB): StaticMeshActor (Wall_500x524)
[2017.04.20-20.34.10:986][938]LogEditorViewport: Clicking on Actor (LMB): StaticMeshActor (Wall_500x524)
[2017.04.20-20.34.11:731][980]LogEditorViewport: Clicking on Actor (context menu): StaticMeshActor (Wall_500x524)
[2017.04.20-20.34.14:856][151]LogEditorViewport: Clicking on Actor (LMB): StaticMeshActor (Wall_500x525)
[2017.04.20-20.34.15:437][181]LogEditorViewport: Clicking on Actor (context menu): StaticMeshActor (Wall_500x525)
[2017.04.20-20.34.24:065][671]Cmd: DELETE
[2017.04.20-20.34.24:065][671]Cmd: ACTOR DELETE
[2017.04.20-20.34.24:067][671]LogEditorActor: Deleted Actor: StaticMeshActor
[2017.04.20-20.34.24:101][671]LogEditorActor: Deleted 1 Actors (0.036 secs)
[2017.04.20-20.34.34:141][273]LogEditorViewport: Clicking on Actor (LMB): StaticMeshActor (Wall_500x524)
[2017.04.20-20.35.10:422][824]LogEditorViewport: Clicking on Actor (LMB): StaticMeshActor (Wall_500x501)
[2017.04.20-20.35.33:064][639]LogEditorViewport: Clicking on Actor (LMB): StaticMeshActor (Wall_500x507)
[2017.04.20-20.36.02:682][834]LogEditorViewport: Clicking on Actor (LMB): StaticMeshActor (Wall_500x505)
[2017.04.20-20.36.21:288][530]LogEditorViewport: Clicking on Actor (LMB): StaticMeshActor (Wall_500x506)
[2017.04.20-20.36.36:526][120]Cmd: OBJ SAVEPACKAGE PACKAGE="/Game/MazeOne" FILE="../../../../../../Users/Anthony Scinocco/Desktop/MazeJogger/MazeJogger/MazeJogger/Content/MazeOne.umap" SILENT=true AUTOSAVING=false KEEPDIRTY=false
[2017.04.20-20.36.37:468][120]LogSavePackage: Save=907.12ms
[2017.04.20-20.36.37:468][120]LogSavePackage: Moving '../../../../../../Users/Anthony Scinocco/Desktop/MazeJogger/MazeJogger/MazeJogger/Saved/MazeOneEE8772E8486E60CBC75C55A5866FBEA6.tmp' to '.