Log file open, 04/20/17 14:02:24
LogInit:Display: Running engine for game: MazeJogger
LogPlatformFile: Not using cached read wrapper
LogInit:Display: RandInit(-1776172291) SRandInit(-1776172291).
LogTaskGraph: Started task graph with 5 named threads and 6 total threads with 1 sets of task threads.
LogStats: Stats thread started at 0.079552
LogPluginManager: Loaded Plugin Paper2D, From C:/Program Files/Epic Games/UE_4.13/Engine/Plugins/2D/Paper2D/Paper2D.uplugin
LogPluginManager: Loaded Plugin LightPropagationVolume, From C:/Program Files/Epic Games/UE_4.13/Engine/Plugins/Blendables/LightPropagationVolume/LightPropagationVolume.uplugin
LogPluginManager: Loaded Plugin BlankPlugin, From C:/Program Files/Epic Games/UE_4.13/Engine/Plugins/Developer/BlankPlugin/BlankPlugin.uplugin
LogPluginManager: Loaded Plugin CodeLiteSourceCodeAccess, From C:/Program Files/Epic Games/UE_4.13/Engine/Plugins/Developer/CodeLiteSourceCodeAccess/CodeLiteSourceCodeAccess.uplugin
LogPluginManager: Loaded Plugin GitSourceControl, From C:/Program Files/Epic Games/UE_4.13/Engine/Plugins/Developer/GitSourceControl/GitSourceControl.uplugin
LogPluginManager: Loaded Plugin KDevelopSourceCodeAccess, From C:/Program Files/Epic Games/UE_4.13/Engine/Plugins/Developer/KDevelopSourceCodeAccess/KDevelopSourceCodeAccess.uplugin
LogPluginManager: Loaded Plugin NullSourceCodeAccess, From C:/Program Files/Epic Games/UE_4.13/Engine/Plugins/Developer/NullSourceCodeAccess/NullSourceCodeAccess.uplugin
LogPluginManager: Loaded Plugin OneSkyLocalizationService, From C:/Program Files/Epic Games/UE_4.13/Engine/Plugins/Developer/OneSkyLocalizationService/OneSkyLocalizationService.uplugin
LogPluginManager: Loaded Plugin PerforceSourceControl, From C:/Program Files/Epic Games/UE_4.13/Engine/Plugins/Developer/PerforceSourceControl/PerforceSourceControl.uplugin
LogPluginManager: Loaded Plugin SubversionSourceControl, From C:/Program Files/Epic Games/UE_4.13/Engine/Plugins/Developer/SubversionSourceControl/SubversionSourceControl.uplugin
LogPluginManager: Loaded Plugin UObjectPlugin, From C:/Program Files/Epic Games/UE_4.13/Engine/Plugins/Developer/UObjectPlugin/UObjectPlugin.uplugin
LogPluginManager: Loaded Plugin VisualStudioSourceCodeAccess, From C:/Program Files/Epic Games/UE_4.13/Engine/Plugins/Developer/VisualStudioSourceCodeAccess/VisualStudioSourceCodeAccess.uplugin
LogPluginManager: Loaded Plugin XCodeSourceCodeAccess, From C:/Program Files/Epic Games/UE_4.13/Engine/Plugins/Developer/XCodeSourceCodeAccess/XCodeSourceCodeAccess.uplugin
LogPluginManager: Loaded Plugin EpicSurvey, From C:/Program Files/Epic Games/UE_4.13/Engine/Plugins/Editor/EpicSurvey/EpicSurvey.uplugin
LogPluginManager: Loaded Plugin MacGraphicsSwitching, From C:/Program Files/Epic Games/UE_4.13/Engine/Plugins/Editor/MacGraphicsSwitching/MacGraphicsSwitching.uplugin
LogPluginManager: Loaded Plugin MobileLauncherProfileWizard, From C:/Program Files/Epic Games/UE_4.13/Engine/Plugins/Editor/MobileLauncherProfileWizard/MobileLauncherProfileWizard.uplugin
LogPluginManager: Loaded Plugin PluginBrowser, From C:/Program Files/Epic Games/UE_4.13/Engine/Plugins/Editor/PluginBrowser/PluginBrowser.uplugin
LogPluginManager: Loaded Plugin SpeedTreeImporter, From C:/Program Files/Epic Games/UE_4.13/Engine/Plugins/Editor/SpeedTreeImporter/SpeedTreeImporter.uplugin
LogPluginManager: Loaded Plugin SuperSearchEditor, From C:/Program Files/Epic Games/UE_4.13/Engine/Plugins/Editor/SuperSearchEditor/SuperSearchEditor.uplugin
LogPluginManager: Loaded Plugin AlembicImporter, From C:/Program Files/Epic Games/UE_4.13/Engine/Plugins/Experimental/AlembicImporter/AlembicImporter.uplugin
LogPluginManager: Loaded Plugin BlueprintStats, From C:/Program Files/Epic Games/UE_4.13/Engine/Plugins/Experimental/BlueprintStats/BlueprintStats.uplugin
LogPluginManager: Loaded Plugin CharacterAI, From C:/Program Files/Epic Games/UE_4.13/Engine/Plugins/Experimental/CharacterAI/CharacterAI.uplugin
LogPluginManager: Loaded Plugin CodeEditor, From C:/Program Files/Epic Games/UE_4.13/Engine/Plugins/Experimental/CodeEditor/CodeEditor.uplugin
LogPluginManager: Loaded Plugin CodeView, From C:/Program Files/Epic Games/UE_4.13/Engine/Plugins/Experimental/CodeView/CodeView.uplugin
LogPluginManager: Loaded Plugin HTML5Networking, From C:/Program Files/Epic Games/UE_4.13/Engine/Plugins/Experimental/HTML5Networking/HTML5Networking.uplugin
LogPluginManager: Loaded Plugin LiveEditor, From C:/Program Files/Epic Games/UE_4.13/Engine/Plugins/Experimental/LiveEditor/LiveEditor.uplugin
LogPluginManager: Loaded Plugin OSVR, From C:/Program Files/Epic Games/UE_4.13/Engine/Plugins/Experimental/OSVR/OSVR.uplugin
LogPluginManager: Loaded Plugin Phya, From C:/Program Files/Epic Games/UE_4.13/Engine/Plugins/Experimental/Phya/Phya.uplugin
LogPluginManager: Loaded Plugin SignificanceManager, From C:/Program Files/Epic Games/UE_4.13/Engine/Plugins/Experimental/SignificanceManager/SignificanceManager.uplugin
LogPluginManager: Loaded Plugin SimpleHMD, From C:/Program Files/Epic Games/UE_4.13/Engine/Plugins/Experimental/SimpleHMD/SimpleHMD.uplugin
LogPluginManager: Loaded Plugin StereoPanorama, From C:/Program Files/Epic Games/UE_4.13/Engine/Plugins/Experimental/StereoPanorama/StereoPanorama.uplugin
LogPluginManager: Loaded Plugin StructBox, From C:/Program Files/Epic Games/UE_4.13/Engine/Plugins/Experimental/StructBox/StructBox.uplugin
LogPluginManager: Loaded Plugin AndroidMedia, From C:/Program Files/Epic Games/UE_4.13/Engine/Plugins/Media/AndroidMedia/AndroidMedia.uplugin
LogPluginManager: Loaded Plugin AvfMedia, From C:/Program Files/Epic Games/UE_4.13/Engine/Plugins/Media/AvfMedia/AvfMedia.uplugin
LogPluginManager: Loaded Plugin MediaPlayerEditor, From C:/Program Files/Epic Games/UE_4.13/Engine/Plugins/Media/MediaPlayerEditor/MediaPlayerEditor.uplugin
LogPluginManager: Loaded Plugin WmfMedia, From C:/Program Files/Epic Games/UE_4.13/Engine/Plugins/Media/WmfMedia/WmfMedia.uplugin
LogPluginManager: Loaded Plugin MessagingDebugger, From C:/Program Files/Epic Games/UE_4.13/Engine/Plugins/Messaging/MessagingDebugger/MessagingDebugger.uplugin
LogPluginManager: Loaded Plugin TcpMessaging, From C:/Program Files/Epic Games/UE_4.13/Engine/Plugins/Messaging/TcpMessaging/TcpMessaging.uplugin
LogPluginManager: Loaded Plugin UdpMessaging, From C:/Program Files/Epic Games/UE_4.13/Engine/Plugins/Messaging/UdpMessaging/UdpMessaging.uplugin
LogPluginManager: Loaded Plugin LevelSequenceEditor, From C:/Program Files/Epic Games/UE_4.13/Engine/Plugins/MovieScene/LevelSequenceEditor/LevelSequenceEditor.uplugin
LogPluginManager: Loaded Plugin MatineeToLevelSequence, From C:/Program Files/Epic Games/UE_4.13/Engine/Plugins/MovieScene/MatineeToLevelSequence/MatineeToLevelSequence.uplugin
LogPluginManager: Loaded Plugin NetcodeUnitTest, From C:/Program Files/Epic Games/UE_4.13/Engine/Plugins/NetcodeUnitTest/NetcodeUnitTest/NetcodeUnitTest.uplugin
LogPluginManager: Loaded Plugin NUTUnrealEngine4, From C:/Program Files/Epic Games/UE_4.13/Engine/Plugins/NetcodeUnitTest/NUTUnrealEngine4/NUTUnrealEngine4.uplugin
LogPluginManager: Loaded Plugin OnlineSubsystemGooglePlay, From C:/Program Files/Epic Games/UE_4.13/Engine/Plugins/Online/Android/OnlineSubsystemGooglePlay/OnlineSubsystemGooglePlay.uplugin
LogPluginManager: Loaded Plugin OnlineSubsystemIOS, From C:/Program Files/Epic Games/UE_4.13/Engine/Plugins/Online/IOS/OnlineSubsystemIOS/OnlineSubsystemIOS.uplugin
LogPluginManager: Loaded Plugin OnlineFramework, From C:/Program Files/Epic Games/UE_4.13/Engine/Plugins/Online/OnlineFramework/OnlineFramework.uplugin
LogPluginManager: Loaded Plugin OnlineSubsystem, From C:/Program Files/Epic Games/UE_4.13/Engine/Plugins/Online/OnlineSubsystem/OnlineSubsystem.uplugin
LogPluginManager: Loaded Plugin OnlineSubsystemAmazon, From C:/Program Files/Epic Games/UE_4.13/Engine/Plugins/Online/OnlineSubsystemAmazon/OnlineSubsystemAmazon.uplugin
LogPluginManager: Loaded Plugin OnlineSubsystemFacebook, From C:/Program Files/Epic Games/UE_4.13/Engine/Plugins/Online/OnlineSubsystemFacebook/OnlineSubsystemFacebook.uplugin
LogPluginManager: Loaded Plugin OnlineSubsystemNull, From C:/Program Files/Epic Games/UE_4.13/Engine/Plugins/Online/OnlineSubsystemNull/OnlineSubsystemNull.uplugin
LogPluginManager: Loaded Plugin OnlineSubsystemOculus, From C:/Program Files/Epic Games/UE_4.13/Engine/Plugins/Online/OnlineSubsystemOculus/OnlineSubsystemOculus.uplugin
LogPluginManager: Loaded Plugin OnlineSubsystemSteam, From C:/Program Files/Epic Games/UE_4.13/Engine/Plugins/Online/OnlineSubsystemSteam/OnlineSubsystemSteam.uplugin
LogPluginManager: Loaded Plugin OnlineSubsystemUtils, From C:/Program Files/Epic Games/UE_4.13/Engine/Plugins/Online/OnlineSubsystemUtils/OnlineSubsystemUtils.uplugin
LogPluginManager: Loaded Plugin IOSTapJoy, From C:/Program Files/Epic Games/UE_4.13/Engine/Plugins/Runtime/Advertising/IOSTapJoy/IOSTapJoy.uplugin
LogPluginManager: Loaded Plugin AnalyticsBlueprintLibrary, From C:/Program Files/Epic Games/UE_4.13/Engine/Plugins/Runtime/Analytics/AnalyticsBlueprintLibrary/AnalyticsBlueprintLibrary.uplugin
LogPluginManager: Loaded Plugin AnalyticsMulticast, From C:/Program Files/Epic Games/UE_4.13/Engine/Plugins/Runtime/Analytics/AnalyticsMulticast/AnalyticsMulticast.uplugin
LogPluginManager: Loaded Plugin Apsalar, From C:/Program Files/Epic Games/UE_4.13/Engine/Plugins/Runtime/Analytics/Apsalar/Apsalar.uplugin
LogPluginManager: Loaded Plugin FileLogging, From C:/Program Files/Epic Games/UE_4.13/Engine/Plugins/Runtime/Analytics/FileLogging/FileLogging.uplugin
LogPluginManager: Loaded Plugin Flurry, From C:/Program Files/Epic Games/UE_4.13/Engine/Plugins/Runtime/Analytics/Flurry/Flurry.uplugin
LogPluginManager: Loaded Plugin AndroidDeviceProfileSelector, From C:/Program Files/Epic Games/UE_4.13/Engine/Plugins/Runtime/AndroidDeviceProfileSelector/AndroidDeviceProfileSelector.uplugin
LogPluginManager: Loaded Plugin AndroidMoviePlayer, From C:/Program Files/Epic Games/UE_4.13/Engine/Plugins/Runtime/AndroidMoviePlayer/AndroidMoviePlayer.uplugin
LogPluginManager: Loaded Plugin AppleMoviePlayer, From C:/Program Files/Epic Games/UE_4.13/Engine/Plugins/Runtime/AppleMoviePlayer/AppleMoviePlayer.uplugin
LogPluginManager: Loaded Plugin ArchVisCharacter, From C:/Program Files/Epic Games/UE_4.13/Engine/Plugins/Runtime/ArchVisCharacter/ArchVisCharacter.uplugin
LogPluginManager: Loaded Plugin CableComponent, From C:/Program Files/Epic Games/UE_4.13/Engine/Plugins/Runtime/CableComponent/CableComponent.uplugin
LogPluginManager: Loaded Plugin CustomMeshComponent, From C:/Program Files/Epic Games/UE_4.13/Engine/Plugins/Runtime/CustomMeshComponent/CustomMeshComponent.uplugin
LogPluginManager: Loaded Plugin ExampleDeviceProfileSelector, From C:/Program Files/Epic Games/UE_4.13/Engine/Plugins/Runtime/ExampleDeviceProfileSelector/ExampleDeviceProfileSelector.uplugin
LogPluginManager: Loaded Plugin GearVR, From C:/Program Files/Epic Games/UE_4.13/Engine/Plugins/Runtime/GearVR/GearVR.uplugin
LogPluginManager: Loaded Plugin GoogleVRController, From C:/Program Files/Epic Games/UE_4.13/Engine/Plugins/Runtime/GoogleVR/GoogleVRController/GoogleVRController.uplugin
LogPluginManager: Loaded Plugin GoogleVRHMD, From C:/Program Files/Epic Games/UE_4.13/Engine/Plugins/Runtime/GoogleVR/GoogleVRHMD/GoogleVRHMD.uplugin
LogPluginManager: Loaded Plugin IOSDeviceProfileSelector, From C:/Program Files/Epic Games/UE_4.13/Engine/Plugins/Runtime/IOSDeviceProfileSelector/IOSDeviceProfileSelector.uplugin
LogPluginManager: Loaded Plugin LeapMotion, From C:/Program Files/Epic Games/UE_4.13/Engine/Plugins/Runtime/LeapMotion/LeapMotion.uplugin
LogPluginManager: Loaded Plugin LinuxDeviceProfileSelector, From C:/Program Files/Epic Games/UE_4.13/Engine/Plugins/Runtime/LinuxDeviceProfileSelector/LinuxDeviceProfileSelector.uplugin
LogPluginManager: Loaded Plugin LiveEditorListenServer, From C:/Program Files/Epic Games/UE_4.13/Engine/Plugins/Runtime/LiveEditorListenServer/LiveEditorListenServer.uplugin
LogPluginManager: Loaded Plugin OculusAudio, From C:/Program Files/Epic Games/UE_4.13/Engine/Plugins/Runtime/OculusAudio/OculusAudio.uplugin
LogPluginManager: Loaded Plugin OculusInput, From C:/Program Files/Epic Games/UE_4.13/Engine/Plugins/Runtime/OculusInput/OculusInput.uplugin
LogPluginManager: Loaded Plugin OculusLibrary, From C:/Program Files/Epic Games/UE_4.13/Engine/Plugins/Runtime/OculusLibrary/OculusLibrary.uplugin
LogPluginManager: Loaded Plugin OculusRift, From C:/Program Files/Epic Games/UE_4.13/Engine/Plugins/Runtime/OculusRift/OculusRift.uplugin
LogPluginManager: Loaded Plugin Oodle, From C:/Program Files/Epic Games/UE_4.13/Engine/Plugins/Runtime/PacketHandlers/CompressionComponents/Oodle/Oodle.uplugin
LogPluginManager: Loaded Plugin ProceduralMeshComponent, From C:/Program Files/Epic Games/UE_4.13/Engine/Plugins/Runtime/ProceduralMeshComponent/ProceduralMeshComponent.uplugin
LogPluginManager: Loaded Plugin SoundMod, From C:/Program Files/Epic Games/UE_4.13/Engine/Plugins/Runtime/SoundMod/SoundMod.uplugin
LogPluginManager: Loaded Plugin SoundVisualizations, From C:/Program Files/Epic Games/UE_4.13/Engine/Plugins/Runtime/SoundVisualizations/SoundVisualizations.uplugin
LogPluginManager: Loaded Plugin SteamController, From C:/Program Files/Epic Games/UE_4.13/Engine/Plugins/Runtime/Steam/SteamController/SteamController.uplugin
LogPluginManager: Loaded Plugin SteamVR, From C:/Program Files/Epic Games/UE_4.13/Engine/Plugins/Runtime/Steam/SteamVR/SteamVR.uplugin
LogPluginManager: Loaded Plugin WebBrowserWidget, From C:/Program Files/Epic Games/UE_4.13/Engine/Plugins/Runtime/WebBrowserWidget/WebBrowserWidget.uplugin
LogPluginManager: Loaded Plugin WindowsDeviceProfileSelector, From C:/Program Files/Epic Games/UE_4.13/Engine/Plugins/Runtime/WindowsDeviceProfileSelector/WindowsDeviceProfileSelector.uplugin
LogPluginManager: Loaded Plugin WindowsMoviePlayer, From C:/Program Files/Epic Games/UE_4.13/Engine/Plugins/Runtime/WindowsMoviePlayer/WindowsMoviePlayer.uplugin
LogPluginManager: Loaded Plugin ScriptPlugin, From C:/Program Files/Epic Games/UE_4.13/Engine/Plugins/ScriptPlugin/ScriptPlugin.uplugin
LogPluginManager: Loaded Plugin SlateRemote, From C:/Program Files/Epic Games/UE_4.13/Engine/Plugins/Slate/SlateRemote/SlateRemote.uplugin
LogInit: Using libcurl 7.47.1
LogInit:  - built for x86_64-pc-win32
LogInit:  - supports SSL with WinSSL
LogInit:  - other features:
LogInit:      CURL_VERSION_SSL
LogInit:      CURL_VERSION_IPV6
LogInit:      CURL_VERSION_ASYNCHDNS
LogInit:      CURL_VERSION_LARGEFILE
LogInit:      CURL_VERSION_IDN
LogInit:  CurlRequestOptions (configurable via config and command line):
LogInit:  - bVerifyPeer = false  - Libcurl will NOT verify peer certificate
LogInit:  - bUseHttpProxy = false  - Libcurl will NOT use HTTP proxy
LogInit:  - bDontReuseConnections = false  - Libcurl will reuse connections
LogInit:  - CertBundlePath = nullptr  - Libcurl will use whatever was configured at build time.
LogInit: Build: ++UE4+Release-4.13-CL-3172292
LogInit: Engine Version: 4.13.2-3172292+++UE4+Release-4.13
LogInit: Compatible Engine Version: 4.13.0-3106830+++UE4+Release-4.13
LogInit: Net CL: 3172292
LogDevObjectVersion: Number of dev versions registered: 13
LogDevObjectVersion:   Dev-Blueprints (B0D832E4-1F89-4F0D-ACCF-7EB736FD4AA2): 5
LogDevObjectVersion:   Dev-Build (E1C64328-A22C-4D53-A36C-8E866417BD8C): 0
LogDevObjectVersion:   Dev-Core (375EC13C-06E4-48FB-B500-84F0262A717E): 1
LogDevObjectVersion:   Dev-Editor (E4B068ED-F494-42E9-A231-DA0B2E46BB41): 6
LogDevObjectVersion:   Dev-Framework (CFFC743F-43B0-4480-9391-14DF171D2073): 12
LogDevObjectVersion:   Dev-Mobile (B02B49B5-BB20-44E9-A304-32B752E40360): 0
LogDevObjectVersion:   Dev-Networking (A4E4105C-59A1-49B5-A7C5-40C4547EDFEE): 0
LogDevObjectVersion:   Dev-Online (39C831C9-5AE6-47DC-9A44-9C173E1C8E7C): 0
LogDevObjectVersion:   Dev-Physics (78F01B33-EBEA-4F98-B9B4-84EACCB95AA2): 0
LogDevObjectVersion:   Dev-Platform (6631380F-2D4D-43E0-8009-CF276956A95A): 0
LogDevObjectVersion:   Dev-Rendering (12F88B9F-8875-4AFC-A67C-D90C383ABD29): 4
LogDevObjectVersion:   Dev-Sequencer (7B5AE74C-D270-4C10-A958-57980B212A5A): 0
LogDevObjectVersion:   Dev-VR (D7296918-1DD6-4BDD-9DE2-64A83CC13884): 0
LogInit: Compiled (64-bit): Oct 24 2016 14:29:06
LogInit: Compiled with Visual C++: 19.00.23026.00
LogInit: Build Configuration: Development
LogInit: Branch Name: ++UE4+Release-4.13
LogInit: Command line: -EpicPortal 
LogInit: Base directory: C:/Program Files/Epic Games/UE_4.13/Engine/Binaries/Win64/
LogInit: Installed Engine Build: 1
LogInit: Presizing for max 8388607 objects, including 0 objects not considered by GC, pre-allocating 0 bytes for permanent pool.
LogInit: Object subsystem initialized
[2017.04.20-18.02.24:978][  0]LogInit: Selected Device Profile: [Windows]
[2017.04.20-18.02.24:978][  0]LogInit: Applying CVar settings loaded from the selected device profile: [Windows]
[2017.04.20-18.02.25:013][  0]LogInit: Computer: VOSTRO
[2017.04.20-18.02.25:013][  0]LogInit: User: AnthonyScinocco
[2017.04.20-18.02.25:013][  0]LogInit: CPU Page size=65536, Cores=2
[2017.04.20-18.02.25:013][  0]LogInit: High frequency timer resolution =1.656322 MHz
[2017.04.20-18.02.25:014][  0]LogMemory: Memory total: Physical=7.9GB (8GB approx)
[2017.04.20-18.02.25:014][  0]LogMemory: Platform Memory Stats for Windows
[2017.04.20-18.02.25:014][  0]LogMemory: Process Physical Memory: 255.34 MB used, 255.34 MB peak
[2017.04.20-18.02.25:014][  0]LogMemory: Process Virtual Memory: 259.32 MB used, 259.32 MB peak
[2017.04.20-18.02.25:014][  0]LogMemory: Physical Memory: 3548.98 MB used, 8108.73 MB total
[2017.04.20-18.02.25:014][  0]LogMemory: Virtual Memory: 621.16 MB used, 134217728.00 MB total
[2017.04.20-18.02.25:047][  0]LogTextLocalizationManager: No specific translations for ('en-CA') exist, so ('en') translations will be used.
[2017.04.20-18.02.26:185][  0]LogD3D11RHI: D3D11 adapters:
[2017.04.20-18.02.26:195][  0]LogD3D11RHI:    0. 'Intel(R) HD Graphics Family' (Feature Level 11_0)
[2017.04.20-18.02.26:195][  0]LogD3D11RHI:       112/0/2048 MB DedicatedVideo/DedicatedSystem/SharedSystem, Outputs:1, VendorId:0x8086
[2017.04.20-18.02.26:197][  0]LogD3D11RHI:    1. 'Microsoft Basic Render Driver' (Feature Level 11_0)
[2017.04.20-18.02.26:197][  0]LogD3D11RHI:       0/0/4054 MB DedicatedVideo/DedicatedSystem/SharedSystem, Outputs:0, VendorId:0x1414
[2017.04.20-18.02.26:197][  0]LogD3D11RHI: Chosen D3D11 Adapter: 0
[2017.04.20-18.02.26:206][  0]LogD3D11RHI: Creating new Direct3DDevice
[2017.04.20-18.02.26:206][  0]LogD3D11RHI:     GPU DeviceId: 0xa16 (for the marketing name, search the web for "GPU Device Id")
[2017.04.20-18.02.26:206][  0]LogWindows: EnumDisplayDevices:
[2017.04.20-18.02.26:206][  0]LogWindows:    0. 'Intel(R) HD Graphics Family' (P:1 D:1)
[2017.04.20-18.02.26:206][  0]LogWindows:    1. 'Intel(R) HD Graphics Family' (P:0 D:0)
[2017.04.20-18.02.26:206][  0]LogWindows:    2. 'Intel(R) HD Graphics Family' (P:0 D:0)
[2017.04.20-18.02.26:206][  0]LogWindows: DebugString: FoundDriverCount:3 
[2017.04.20-18.02.26:206][  0]LogD3D11RHI:     Adapter Name: Intel(R) HD Graphics Family
[2017.04.20-18.02.26:206][  0]LogD3D11RHI:   Driver Version: 20.19.15.4531 (internal:20.19.15.4531, unified:20.19.15.4531)
[2017.04.20-18.02.26:207][  0]LogD3D11RHI:      Driver Date: 9-29-2016
[2017.04.20-18.02.26:207][  0]LogRHI: Texture pool is 795 MB (70% of 1136 MB)
[2017.04.20-18.02.26:214][  0]LogD3D11RHI: Async texture creation enabled
[2017.04.20-18.02.26:220][  0]LogD3D11RHI: GPU Timing Frequency: 12.500000 (Debug: 2 0)
[2017.04.20-18.02.26:221][  0]LogShaderCompilers: Guid format shader working directory is -32 characters bigger than the processId version (../../../../../../Users/Anthony Scinocco/Desktop/MazeJogger/MazeJogger/MazeJogger/Intermediate/Shaders/WorkingDirectory/7112/).
[2017.04.20-18.02.26:221][  0]LogShaderCompilers: Cleaned the shader compiler working directory 'C:/Users/ANTHON~1/AppData/Local/Temp/UnrealShaderWorkingDir/02404DF644529C52FE66E1853CF118B4/'.
[2017.04.20-18.02.26:221][  0]LogShaderCompilers:Display: Using Local Shader Compiler.
[2017.04.20-18.02.28:026][  0]LogTemp:Display: Loaded TP AllDesktopTargetPlatform
[2017.04.20-18.02.28:040][  0]LogTemp:Display: Loaded TP WindowsClientTargetPlatform
[2017.04.20-18.02.28:055][  0]LogTemp:Display: Loaded TP WindowsNoEditorTargetPlatform
[2017.04.20-18.02.28:070][  0]LogTemp:Display: Loaded TP WindowsServerTargetPlatform
[2017.04.20-18.02.28:084][  0]LogTemp:Display: Loaded TP WindowsTargetPlatform
[2017.04.20-18.02.28:095][  0]LogTemp:Display: Loaded TP AndroidTargetPlatform
[2017.04.20-18.02.28:109][  0]LogTemp:Display: Loaded TP Android_ASTCTargetPlatform
[2017.04.20-18.02.28:121][  0]LogTemp:Display: Loaded TP Android_ATCTargetPlatform
[2017.04.20-18.02.28:133][  0]LogTemp:Display: Loaded TP Android_DXTTargetPlatform
[2017.04.20-18.02.28:145][  0]LogTemp:Display: Loaded TP Android_ETC1TargetPlatform
[2017.04.20-18.02.28:157][  0]LogTemp:Display: Loaded TP Android_ETC2TargetPlatform
[2017.04.20-18.02.28:180][  0]LogTemp:Display: Loaded TP Android_MultiTargetPlatform
[2017.04.20-18.02.28:180][  0]LogTemp:Display: Loaded TP Android_PVRTCTargetPlatform
[2017.04.20-18.02.28:182][  0]LogTemp:Display: Loaded TP HTML5TargetPlatform
[2017.04.20-18.02.28:207][  0]LogTemp:Display: Loaded TP IOSTargetPlatform
[2017.04.20-18.02.28:218][  0]LogTemp:Display: Loaded TP TVOSTargetPlatform
[2017.04.20-18.02.28:230][  0]LogTemp:Display: Loaded TP LinuxClientTargetPlatform
[2017.04.20-18.02.28:241][  0]LogTemp:Display: Loaded TP LinuxNoEditorTargetPlatform
[2017.04.20-18.02.28:253][  0]LogTemp:Display: Loaded TP LinuxServerTargetPlatform
[2017.04.20-18.02.28:266][  0]LogTemp:Display: Loaded TP LinuxTargetPlatform
[2017.04.20-18.02.28:266][  0]LogTargetPlatformManager:Display: Building Assets For Windows
[2017.04.20-18.02.28:371][  0]LogDerivedDataCache:Display: Max Cache Size: 512 MB
[2017.04.20-18.02.28:476][  0]LogDerivedDataCache: Loaded boot cache 0.10s 62MB C:/Users/Anthony Scinocco/AppData/Local/UnrealEngine/4.13/DerivedDataCache/Boot.ddc.
[2017.04.20-18.02.28:476][  0]LogDerivedDataCache:Display: Loaded Boot cache: C:/Users/Anthony Scinocco/AppData/Local/UnrealEngine/4.13/DerivedDataCache/Boot.ddc
[2017.04.20-18.02.28:476][  0]LogDerivedDataCache: FDerivedDataBackendGraph:  Pak pak cache file ../../../../../../Users/Anthony Scinocco/Desktop/MazeJogger/MazeJogger/MazeJogger/DerivedDataCache/DDC.ddp not found, will not use a pak cache.
[2017.04.20-18.02.28:476][  0]LogDerivedDataCache: Unable to find inner node Pak for hierarchical cache Hierarchy.
[2017.04.20-18.02.28:476][  0]LogDerivedDataCache: FDerivedDataBackendGraph:  CompressedPak pak cache file ../../../../../../Users/Anthony Scinocco/Desktop/MazeJogger/MazeJogger/MazeJogger/DerivedDataCache/Compressed.ddp not found, will not use a pak cache.
[2017.04.20-18.02.28:476][  0]LogDerivedDataCache: Unable to find inner node CompressedPak for hierarchical cache Hierarchy.
[2017.04.20-18.02.28:506][  0]LogDerivedDataCache:Display: Pak cache opened for reading ../../../Engine/DerivedDataCache/Compressed.ddp.
[2017.04.20-18.02.28:519][  0]LogDerivedDataCache: Using Local data cache path C:/Users/Anthony Scinocco/AppData/Local/UnrealEngine/Common/DerivedDataCache: Writable
[2017.04.20-18.02.28:854][  0]LogInit: Selected Device Profile: [Windows]
[2017.04.20-18.02.28:858][  0]LogContentStreaming: Texture pool size is 0.00 MB
[2017.04.20-18.02.29:026][  0]LogMeshUtilities: No automatic mesh reduction module available
[2017.04.20-18.02.29:026][  0]LogMeshUtilities: No automatic mesh merging module available
[2017.04.20-18.02.29:026][  0]LogMeshUtilities: No distributed automatic mesh merging module available
[2017.04.20-18.02.29:138][  0]LogMaterial: Uniform references updated for custom material expression Custom.
[2017.04.20-18.02.29:609][  0]LogNetVersion: GetLocalNetworkVersion: CL: 3106830, ProjectName: mazejogger, ProjectVersion: , EngineNetworkVersion: 1, GameNetworkVersion: 0, NetworkChecksum: 148792882
[2017.04.20-18.02.29:654][  0]LogAssetRegistry: FAssetRegistry took 0.0221 seconds to start up
[2017.04.20-18.02.29:721][  0]LogPackageLocalizationCache: Processed 3 localized package path(s) for 2 prioritized culture(s) in 0.062481 seconds
[2017.04.20-18.02.29:732][  0]LogUObjectArray: 29778 objects as part of root set at end of initial load.
[2017.04.20-18.02.29:732][  0]LogUObjectAllocator: 6125448 out of 0 bytes used by permanent object pool.
[2017.04.20-18.02.29:732][  0]LogUObjectArray: CloseDisregardForGC: 0/0 objects in disregard for GC pool
[2017.04.20-18.02.29:740][  0]LogInit: WinSock: version 1.1 (2.2), MaxSocks=32767, MaxUdp=65467
[2017.04.20-18.02.30:066][  0]LogSlate: SlateFontCache - WITH_FREETYPE: 1, WITH_HARFBUZZ: 1
[2017.04.20-18.02.30:066][  0]LogSlate: SlateFontCache - WITH_FREETYPE: 1, WITH_HARFBUZZ: 1
[2017.04.20-18.02.31:143][  0]LogTcpMessaging: Initializing TcpMessaging bridge
[2017.04.20-18.02.31:166][  0]LogUdpMessaging: Initializing bridge on interface 0.0.0.0:0 to multicast group 230.0.0.1:6666.
[2017.04.20-18.02.31:519][  0]SourceControl: Info Source control is disabled
[2017.04.20-18.02.31:521][  0]SourceControl: Info Source control is disabled
[2017.04.20-18.02.31:534][  0]SourceControl: Info Source control is disabled
[2017.04.20-18.02.31:548][  0]SourceControl: Info Source control is disabled
[2017.04.20-18.02.31:933][  0]LogEngine: Initializing Engine...
[2017.04.20-18.02.31:934][  0]LogHMD: Failed to initialize OpenVR with code 110
[2017.04.20-18.02.32:173][  0]LogAIModule: Creating AISystem for world Untitled
[2017.04.20-18.02.32:181][  0]LogInit: XAudio2 using 'Speakers / Headphones (Realtek High Definition Audio)' : 2 channels at 48 kHz using 32 bits per sample (channel mask 0x3)
[2017.04.20-18.02.32:487][  0]LogInit: FAudioDevice initialized.
[2017.04.20-18.02.32:537][  0]LogDerivedDataCache: Saved boot cache 0.05s 62MB C:/Users/Anthony Scinocco/AppData/Local/UnrealEngine/4.13/DerivedDataCache/Boot.ddc.
[2017.04.20-18.02.32:553][  0]LogInit: Texture streaming: Enabled
[2017.04.20-18.02.32:587][  0]LogInit: Transaction tracking system initialized
[2017.04.20-18.02.32:618][  0]BlueprintLog: New page: Editor Load
[2017.04.20-18.02.32:721][  0]LocalizationService: Info Localization service is disabled
[2017.04.20-18.02.33:223][  0]LogConsoleResponse:Display: 
[2017.04.20-18.02.33:424][  0]LogCook:Display: Max memory allowance for cook 16384mb min free memory 0mb
[2017.04.20-18.02.33:424][  0]LogCook:Display: Mobile HDR setting 1
[2017.04.20-18.02.33:650][  0]LogFileCache: Scanning file cache for directory 'C:/Users/Anthony Scinocco/Desktop/MazeJogger/MazeJogger/MazeJogger/Content/' took 0.02s
[2017.04.20-18.02.33:650][  0]SourceControl: Info Source control is disabled
[2017.04.20-18.02.33:650][  0]Cmd: MAP LOAD FILE="../../../../../../Users/Anthony Scinocco/Desktop/MazeJogger/MazeJogger/MazeJogger/Content/FirstPersonBP/Maps/FirstPersonExampleMap.umap" TEMPLATE=0 SHOWPROGRESS=1 FEATURELEVEL=3
[2017.04.20-18.02.33:651][  0]LightingResults: New page: Lighting Build
[2017.04.20-18.02.33:655][  0]MapCheck: New page: Map Check
[2017.04.20-18.02.33:655][  0]LightingResults: New page: Lighting Build
[2017.04.20-18.02.35:045][  0]LogAIModule: Creating AISystem for world FirstPersonExampleMap
[2017.04.20-18.02.35:062][  0]LogEditorServer: Finished looking for orphan Actors (0.000 secs)
[2017.04.20-18.02.35:063][  0]Cmd: MAP CHECKDEP NOCLEARLOG
[2017.04.20-18.02.35:167][  0]MapCheck: Info Map check complete: 0 Error(s), 0 Warning(s), took 104.572ms to complete.
[2017.04.20-18.02.35:167][  0]LogFileHelpers: Loading map 'FirstPersonExampleMap' took 1.517
[2017.04.20-18.02.35:404][  0]LogCollectionManager: Loaded 0 collections in 0.002315 seconds
[2017.04.20-18.02.35:459][  0]LogFileCache: Scanning file cache for directory 'C:/Users/Anthony Scinocco/Desktop/MazeJogger/MazeJogger/MazeJogger/Saved/Collections/' took 0.01s
[2017.04.20-18.02.35:459][  0]LogFileCache: Scanning file cache for directory 'C:/Users/Anthony Scinocco/Desktop/MazeJogger/MazeJogger/MazeJogger/Content/Developers/AnthonyScinocco/Collections/' took 0.01s
[2017.04.20-18.02.35:459][  0]LogFileCache: Scanning file cache for directory 'C:/Users/Anthony Scinocco/Desktop/MazeJogger/MazeJogger/MazeJogger/Content/Collections/' took 0.01s
[2017.04.20-18.02.35:459][  0]LogCollectionManager: Rebuilt the GUID cache for 0 collections in 0.000007 seconds
[2017.04.20-18.02.35:478][  0]LogContentBrowser: Native class hierarchy populated in 0.0174 seconds. Added 2141 classes and 415 folders.
[2017.04.20-18.02.35:484][  0]LogStats: UGameplayTagsManager::ConstructGameplayTagTree: Construct from data asset -  0.000 s
[2017.04.20-18.02.35:484][  0]LogStats: UGameplayTagsManager::ConstructGameplayTagTree: GameplayTagTreeChangedEvent.Broadcast -  0.000 s
[2017.04.20-18.02.35:485][  0]LogContentBrowser: Native class hierarchy updated for 'GameplayTags' in 0.0008 seconds. Added 12 classes and 0 folders.
[2017.04.20-18.02.35:491][  0]LogContentBrowser: Native class hierarchy updated for 'WidgetCarousel' in 0.0007 seconds. Added 0 classes and 0 folders.
[2017.04.20-18.02.36:559][  0]LogContentBrowser: Native class hierarchy updated for 'AddContentDialog' in 0.0008 seconds. Added 0 classes and 0 folders.
[2017.04.20-18.02.36:566][  0]LogContentBrowser: Native class hierarchy updated for 'SceneOutliner' in 0.0008 seconds. Added 1 classes and 2 folders.
[2017.04.20-18.02.36:587][  0]LogCrashTracker: Crashtracker disabled due to settings.
[2017.04.20-18.02.36:596][  0]LogUObjectGlobals:Warning: Failed to find object 'Class None.'
[2017.04.20-18.02.36:626][  0]LogContentBrowser: Native class hierarchy updated for 'HierarchicalLODOutliner' in 0.0008 seconds. Added 1 classes and 2 folders.
[2017.04.20-18.02.36:626][  0]LogLoad: (Engine Initialization) Total time: 12.94 seconds
[2017.04.20-18.02.36:626][  0]LogLoad: (Engine Initialization) Total Blueprint compile time: 0.31 seconds
[2017.04.20-18.02.36:626][  0]LogExternalProfiler: No external profilers were discovered.  External profiling features will not be available.
[2017.04.20-18.02.36:655][  0]LogWindowsTextInputMethodSystem:Display: IME system now deactivated.
[2017.04.20-18.02.36:655][  0]LogOcInput: OculusInput pre-init called
[2017.04.20-18.02.36:679][  0]LogContentStreaming: Texture pool size now 400 MB
[2017.04.20-18.02.36:976][  0]LogRenderer: Reallocating scene render targets to support 716x416 (Frame:2).
[2017.04.20-18.02.37:625][  2]LogAssetRegistry: Asset discovery search completed in 7.9935 seconds
[2017.04.20-18.02.37:626][  2]LogCollectionManager: Rebuilt the object cache for 0 collections in 0.000001 seconds (found 0 objects)
[2017.04.20-18.02.37:626][  2]LogCollectionManager: Fixed up redirectors for 0 collections in 0.000053 seconds (updated 0 objects)
[2017.04.20-18.02.44:550][375]Cmd: MAP LOAD FILE="../../../../../../Users/Anthony Scinocco/Desktop/MazeJogger/MazeJogger/MazeJogger/Content/MazeOne.umap" TEMPLATE=0 SHOWPROGRESS=1 FEATURELEVEL=3
[2017.04.20-18.02.44:568][375]LightingResults: New page: Lighting Build
[2017.04.20-18.02.44:569][375]LoadErrors: New page: Loading map: MazeOne.umap
[2017.04.20-18.02.44:572][375]MapCheck: New page: Map Check
[2017.04.20-18.02.44:572][375]LightingResults: New page: Lighting Build
[2017.04.20-18.02.44:647][375]LogAIModule: Creating AISystem for world MazeOne
[2017.04.20-18.02.44:673][375]LogEditorServer: Finished looking for orphan Actors (0.000 secs)
[2017.04.20-18.02.44:726][375]Cmd: MAP CHECKDEP NOCLEARLOG
[2017.04.20-18.02.44:811][375]MapCheck: Info Map check complete: 0 Error(s), 0 Warning(s), took 85.086ms to complete.
[2017.04.20-18.02.44:811][375]LogFileHelpers: Loading map 'MazeOne' took 0.262
[2017.04.20-18.03.11:125][473]LogEditorViewport: Clicking on Actor (LMB): StaticMeshActor (Wall_Door_400x401)
[2017.04.20-18.03.14:208][633]LogEditorViewport: Clicking on Actor (LMB): StaticMeshActor (Wall_500x503)
[2017.04.20-18.04.10:212][296]LogEditorViewport: Clicking on Actor (LMB): StaticMeshActor (Wall_Door_400x401)
[2017.04.20-18.04.52:332][185]LogEditorViewport: Clicking on Actor (LMB): StaticMeshActor (Wall_Door_400x400)
[2017.04.20-18.04.58:703][477]LogEditorViewport: Clicking on Actor (context menu): StaticMeshActor (Wall_Door_400x400)
[2017.04.20-18.05.02:998][716]Cmd: DELETE
[2017.04.20-18.05.02:998][716]Cmd: ACTOR DELETE
[2017.04.20-18.05.02:999][716]LogEditorActor: Deleted Actor: StaticMeshActor
[2017.04.20-18.05.03:030][716]LogEditorActor: Deleted 1 Actors (0.032 secs)
[2017.04.20-18.05.04:188][785]LogEditorViewport: Clicking on Actor (LMB): StaticMeshActor (Wall_500x502)
[2017.04.20-18.05.28:614][970]Cmd: OBJ SAVEPACKAGE PACKAGE="/Game/MazeOne" FILE="../../../../../../Users/Anthony Scinocco/Desktop/MazeJogger/MazeJogger/MazeJogger/Content/MazeOne.umap" SILENT=true AUTOSAVING=false KEEPDIRTY=false
[2017.04.20-18.05.28:724][970]LogSavePackage: Save=63.53ms
[2017.04.20-18.05.28:724][970]LogSavePackage: Moving '../../../../../../Users/Anthony Scinocco/Desktop/MazeJogger/MazeJogger/MazeJogger/Saved/MazeOne6129258F45686FA9EFC0C88A665B9B6B.tmp' to '../../../../../../Users/Anthony Scinocco/Desktop/MazeJogger/MazeJogger/MazeJogger/Content/MazeOne.umap'
[2017.04.20-18.05.28:737][970]LogSavePackage:Display: Finished SavePackage ../../../../../../Users/Anthony Scinocco/Desktop/MazeJogger/MazeJogger/MazeJogger/Content/MazeOne.umap
[2017.04.20-18.05.29:421][  6]Cmd: OBJ SAVEPACKAGE PACKAGE="/Game/MazeOne" FILE="../../../../../../Users/Anthony Scinocco/Desktop/MazeJogger/MazeJogger/MazeJogger/Content/MazeOne.umap" SILENT=true AUTOSAVING=false KEEPDIRTY=false
[2017.04.20-18.05.29:510][  6]LogSavePackage: Save=56.22ms
[2017.04.20-18.05.29:510][  6]LogSavePackage: Moving '../../../../../../Users/Anthony Scinocco/Desktop/MazeJogger/MazeJogger/MazeJogger/Saved/MazeOne182F95FD4CBF7AB7645CA6A0070710D9.tmp' to '../../../../../../Users/Anthony Scinocco/Desktop/MazeJogger/MazeJogger/MazeJogger/Content/MazeOne.umap'
[2017.04.20-18.05.29:512][  6]LogSavePackage:Display: Finished SavePackage ../../../../../../Users/Anthony Scinocco/Desktop/MazeJogger/MazeJogger/MazeJogger/Content/MazeOne.umap
[2017.04.20-18.05.30:090][ 37]Cmd: OBJ SAVEPACKAGE PACKAGE="/Game/MazeOne" FILE="../../../../../../Users/Anthony Scinocco/Desktop/MazeJogger/MazeJogger/MazeJogger/Content/MazeOne.umap" SILENT=true AUTOSAVING=false KEEPDIRTY=false
[2017.04.20-18.05.30:188][ 37]LogSavePackage: Save=58.34ms
[2017.04.20-18.05.30:188][ 37]LogSavePackage: Moving '../../../../../../Users/Anthony Scinocco/Desktop/MazeJogger/MazeJogger/MazeJogger/Saved/MazeOne3B94A430451F6C3165678C9B822762A5.tmp' to '../../../../../../Users/Anthony Scinocco/Desktop/MazeJogger/MazeJogger/MazeJogger/Content/MazeOne.umap'
[2017.04.20-18.05.30:191][ 37]LogSavePackage:Display: Finished SavePackage ../../../../../../Users/Anthony Scinocco/Desktop/MazeJogger/MazeJogger/MazeJogger/Content/MazeOne.umap
[2017.04.20-18.05.44:132][617]Cmd: OBJ SAVEPACKAGE PACKAGE="/Game/MazeOne" FILE="../../../../../../Users/Anthony Scinocco/Desktop/MazeJogger/MazeJogger/MazeJogger/Content/MazeOne.umap" SILENT=true AUTOSAVING=false KEEPDIRTY=false
[2017.04.20-18.05.44:222][617]LogSavePackage: Save=57.05ms
[2017.04.20-18.05.44:222][617]LogSavePackage: Moving '../../../../../../Users/Anthony Scinocco/Desktop/MazeJogger/MazeJogger/MazeJogger/Saved/MazeOneA94E78ED40BC4CC34B83AC8EAE29F745.tmp' to '../../../../../../Users/Anthony Scinocco/Desktop/MazeJogger/MazeJogger/MazeJogger/Content/MazeOne.umap'
[2017.04.20-18.05.44:227][617]LogSavePackage:Display: Finished SavePackage ../../../../../../Users/Anthony Scinocco/Desktop/MazeJogger/MazeJogger/MazeJogger/Content/MazeOne.umap
[2017.04.20-18.07.28:637][872]LogEditorViewport: Clicking on Actor (LMB): StaticMeshActor (Wall_500x506)
[2017.04.20-18.08.17:088][603]LogEditorViewport: Clicking on Component (LMB): StaticMeshComponent (StaticMeshComponent0)
[2017.04.20-18.09.42:173][339]LogRenderer: Reallocating scene render targets to support 716x424 (Frame:9972).
[2017.04.20-18.09.42:233][340]LogRenderer: Reallocating scene render targets to support 716x448 (Frame:9974).
[2017.04.20-18.09.42:304][341]LogRenderer: Reallocating scene render targets to support 716x460 (Frame:9976).
[2017.04.20-18.09.42:378][342]LogRenderer: Reallocating scene render targets to support 716x464 (Frame:9978).
[2017.04.20-18.10.15:110][602]LogEditorViewport: Clicking on Component (context menu): StaticMeshComponent (StaticMeshComponent0)
[2017.04.20-18.10.15:919][642]LogEditorViewport: Clicking on Component (context menu): StaticMeshComponent (StaticMeshComponent0)
[2017.04.20-18.14.56:987][313]MapCheck: New page: Map Check
[2017.04.20-18.14.57:020][313]Cmd: MAP REBUILD ALLVISIBLE
[2017.04.20-18.14.57:020][313]LogEditorServer: Rebuildmap Clear paths rebuilt
[2017.04.20-18.14.57:158][313]LogMaterial: Missing cached shader map for material FDebugViewModeMaterialProxy WorldGridMaterial, compiling. Is special engine material.
[2017.04.20-18.14.57:199][313]LogMaterial: Missing cached shader map for material FDebugViewModeMaterialProxy DefaultMaterial, compiling. 
[2017.04.20-18.14.57:210][313]LogMaterial: Missing cached shader map for material FDebugViewModeMaterialProxy MaterialInstanceDynamic_1, compiling. 
[2017.04.20-18.14.57:221][313]LogMaterial: Missing cached shader map for material FDebugViewModeMaterialProxy M_Basic_Wall, compiling. 
[2017.04.20-18.14.59:871][313]LogLevel:Display: Export Material TexCoord Scales took 0.041 seconds.
[2017.04.20-18.14.59:888][313]TextureStreamingBuild:Display: Build Texture Streaming took 0.017 seconds.
[2017.04.20-18.14.59:923][313]LightingResults: New page: Lighting Build - Apr 20, 2017, 9:14:59 AM
[2017.04.20-18.15.00:205][313]LogSwarmInterface: [OpenConnection] Registering TCP channel ...
[2017.04.20-18.15.00:461][313]LogSwarmInterface: [OpenConnection] Connecting to agent ...
[2017.04.20-18.15.00:483][313]LogSwarmInterface: [TryOpenConnection] Testing the Agent
[2017.04.20-18.15.01:855][313]LogSwarmInterface: [TryOpenConnection] Opening Connection to Agent
[2017.04.20-18.15.01:856][313]LogSwarmInterface: [TryOpenConnection] Local Process ID is 7112
[2017.04.20-18.15.06:436][313]LogStaticLightingSystem:Warning: No importance volume found, so the scene bounding box was used.  You can optimize your scene's quality and lighting build times by adding importance volumes.
[2017.04.20-18.15.06:450][313]LogStaticLightingSystem: Running Lightmass w/ ImmediateImport mode ENABLED
[2017.04.20-18.15.06:450][313]LogStaticLightingSystem: Running Lightmass w/ ImmediateProcess mode ENABLED
[2017.04.20-18.15.06:450][313]LogStaticLightingSystem: Running Lightmass w/ Sorting mode ENABLED
[2017.04.20-18.15.06:450][313]LogStaticLightingSystem: Running Lightmass w/ Mapping paddings ENABLED
[2017.04.20-18.15.06:450][313]LogStaticLightingSystem: Running Lightmass w/ Mapping debug paddings DISABLED
[2017.04.20-18.15.06:929][313]Cmd: MAP CHECK DONTDISPLAYDIALOG
[2017.04.20-18.15.06:930][313]MapCheck: New page: MazeOne - Apr 20, 2017, 9:15:06 AM
[2017.04.20-18.15.07:001][313]MapCheck:Error: Error WorldSettings_1 Maps need lighting rebuilt 
[2017.04.20-18.15.07:106][313]MapCheck: Info Map check complete: 1 Error(s), 0 Warning(s), took 176.9ms to complete.
[2017.04.20-18.15.07:129][313]LogEditorBuildUtils: Build time 0:10
[2017.04.20-18.15.07:178][313]LogMaterial: Missing cached shader map for material FLightmassMaterialRenderer DefaultMaterial, compiling. 
[2017.04.20-18.15.07:207][313]LogMaterial: Missing cached shader map for material FLightmassMaterialRenderer DefaultMaterial, compiling. 
[2017.04.20-18.15.07:351][314]LogMaterial: Missing cached shader map for material FLightmassMaterialRenderer MaterialInstanceDynamic_1, compiling. 
[2017.04.20-18.15.07:365][314]LogMaterial: Missing cached shader map for material FLightmassMaterialRenderer MaterialInstanceDynamic_1, compiling. 
[2017.04.20-18.15.07:464][315]LogMaterial: Missing cached shader map for material FLightmassMaterialRenderer M_Basic_Wall, compiling. 
[2017.04.20-18.15.07:478][315]LogMaterial: Missing cached shader map for material FLightmassMaterialRenderer M_Basic_Wall, compiling. 
[2017.04.20-18.15.07:561][316]LogMaterial: Missing cached shader map for material FLightmassMaterialRenderer WorldGridMaterial, compiling. Is special engine material.
[2017.04.20-18.15.07:579][316]LogMaterial: Missing cached shader map for material FLightmassMaterialRenderer WorldGridMaterial, compiling. Is special engine material.
[2017.04.20-18.15.35:879][926]Job is a success!
[2017.04.20-18.15.38:736][927]LogTexture:Display: Building textures: HQ_Lightmap0_1 (AutoDXT)
[2017.04.20-18.15.38:736][927]LogTexture:Display: Building textures: LQ_Lightmap_0_1 (DXT1)
[2017.04.20-18.15.38:736][927]LogTexture:Display: Building textures: HQ_Lightmap1_2 (AutoDXT)
[2017.04.20-18.15.38:736][927]LogTexture:Display: Building textures: LQ_Lightmap_1_2 (DXT1)
[2017.04.20-18.15.38:736][927]LogTexture:Display: Building textures: HQ_Lightmap0_3 (AutoDXT)
[2017.04.20-18.15.38:736][927]LogTexture:Display: Building textures: LQ_Lightmap_0_3 (DXT1)
[2017.04.20-18.15.39:796][927]LogTexture:Display: Building textures: ShadowMapTexture2D_0 (G8)
[2017.04.20-18.15.39:796][927]LogTexture:Display: Building textures: ShadowMapTexture2D_1 (G8)
[2017.04.20-18.15.39:846][927]Lightmass on VOSTRO: 26.7 sec total, 337 ms importing, 73 ms setup, 4.54 sec photons, 21.7 sec processing, 0 ms extra exporting [45/45 mappings]. Threads: 1:26 min total, 52.1 sec processing.
[2017.04.20-18.15.39:940][927]LogStaticLightingSystem: Illumination: 39.9 sec (2.64 sec encoding lightmaps, 1.05 sec encoding shadowmaps)
[2017.04.20-18.15.39:940][927]LogStaticLightingSystem: Lightmap texture memory:  4.0 MB (4.0 MB streaming, 0.0 MB non-streaming), 6 textures
[2017.04.20-18.15.39:940][927]LogStaticLightingSystem: Shadowmap texture memory: 2.7 MB (2.7 MB streaming, 0.0 MB non-streaming), 2 textures
[2017.04.20-18.15.40:464][928]Cmd: MAP CHECK NOTIFYRESULTS
[2017.04.20-18.15.40:464][928]MapCheck: New page: MazeOne - Apr 20, 2017, 9:15:40 AM
[2017.04.20-18.15.40:565][928]MapCheck: Info Map check complete: 0 Error(s), 0 Warning(s), took 101.246ms to complete.
[2017.04.20-18.15.46:212][102]LogSavePackage: Save=101.38ms
[2017.04.20-18.15.46:212][102]LogSavePackage: Moving '../../../../../../Users/Anthony Scinocco/Desktop/MazeJogger/MazeJogger/MazeJogger/Saved/MazeOne_Auto115BC20844F16AE6B2873A293E283088B.tmp' to '../../../../../../Users/Anthony Scinocco/Desktop/MazeJogger/MazeJogger/MazeJogger/Saved/Autosaves/Game/MazeOne_Auto1.umap'
[2017.04.20-18.15.46:258][102]LogSavePackage:Display: Finished SavePackage ../../../../../../Users/Anthony Scinocco/Desktop/MazeJogger/MazeJogger/MazeJogger/Saved/Autosaves/Game/MazeOne_Auto1.umap
[2017.04.20-18.15.46:275][102]LogFileHelpers: Editor autosave (incl. sublevels) for '/Game/MazeOne' took 0.214
[2017.04.20-18.15.46:275][102]LogFileHelpers: Editor autosave (incl. sublevels) for all levels took 0.214
[2017.04.20-18.16.06:137][ 67]LogNavigationPoint: PostEditMove Clear paths rebuilt
[2017.04.20-18.16.09:104][216]LogNavigationPoint: PostEditMove Clear paths rebuilt
[2017.04.20-18.16.12:587][373]LogNavigationPoint: PostEditMove Clear paths rebuilt
[2017.04.20-18.16.14:075][456]LogNavigationPoint: PostEditMove Clear paths rebuilt
[2017.04.20-18.16.15:184][515]LogPlayLevel: PlayLevel: No blueprints needed recompiling
[2017.04.20-18.16.15:184][515]PIE: New page: PIE session: MazeOne (Apr 20, 2017, 9:16:15 AM)
[2017.04.20-18.16.15:184][515]LogPlayLevel: Creating play world package: /Game/UEDPIE_0_MazeOne
[2017.04.20-18.16.15:195][515]LogPlayLevel: PIE: StaticDuplicateObject took: (0.011270s)
[2017.04.20-18.16.15:197][515]LogAIModule: Creating AISystem for world MazeOne
[2017.04.20-18.16.15:197][515]LogPlayLevel: PIE: World Init took: (0.001851s)
[2017.04.20-18.16.15:198][515]LogPlayLevel: PIE: Created PIE world by copying editor world from /Game/MazeOne.MazeOne to /Game/UEDPIE_0_MazeOne.MazeOne (0.013566s)
[2017.04.20-18.16.15:230][515]LogInit: XAudio2 using 'Speakers / Headphones (Realtek High Definition Audio)' : 2 channels at 48 kHz using 32 bits per sample (channel mask 0x3)
[2017.04.20-18.16.15:259][515]LogInit: FAudioDevice initialized.
[2017.04.20-18.16.15:374][515]LogWorld: Game class is 'FirstPersonGameMode_C'
[2017.04.20-18.16.15:419][515]LogWorld: Bringing World /Game/UEDPIE_0_MazeOne.MazeOne up for play (max tick rate 60) at 2017.04.20-14.16.15
[2017.04.20-18.16.15:420][515]LogWorld: Bringing up level for play took: 0.014574
[2017.04.20-18.16.15:529][515]LogContentBrowser: Native class hierarchy updated for 'MovieSceneCapture' in 0.0010 seconds. Added 11 classes and 0 folders.
[2017.04.20-18.16.15:529][515]LogGameMode:Display: Match State Changed from EnteringMap to WaitingToStart
[2017.04.20-18.16.15:529][515]LogGameState: Match State Changed from EnteringMap to WaitingToStart
[2017.04.20-18.16.15:529][515]LogGameMode:Display: Match State Changed from WaitingToStart to InProgress
[2017.04.20-18.16.15:533][515]LogGameState: Match State Changed from WaitingToStart to InProgress
[2017.04.20-18.16.15:533][515]PIE: Info Play in editor start time for /Game/UEDPIE_0_MazeOne -0.468
[2017.04.20-18.17.33:594][771]LogPlayLevel: PlayLevel: No blueprints needed recompiling
[2017.04.20-18.17.33:595][771]PIE: New page: PIE session: MazeOne (Apr 20, 2017, 9:17:33 AM)
[2017.04.20-18.17.33:595][771]LogPlayLevel: Creating play world package: /Game/UEDPIE_0_MazeOne
[2017.04.20-18.17.33:606][771]LogPlayLevel: PIE: StaticDuplicateObject took: (0.011275s)
[2017.04.20-18.17.33:607][771]LogAIModule: Creating AISystem for world MazeOne
[2017.04.20-18.17.33:608][771]LogPlayLevel: PIE: World Init took: (0.001697s)
[2017.04.20-18.17.33:608][771]LogPlayLevel: PIE: Created PIE world by copying editor world from /Game/MazeOne.MazeOne to /Game/UEDPIE_0_MazeOne.MazeOne (0.013389s)
[2017.04.20-18.17.33:649][771]LogInit: XAudio2 using 'Speakers / Headphones (Realtek High Definition Audio)' : 2 channels at 48 kHz using 32 bits per sample (channel mask 0x3)
[2017.04.20-18.17.33:676][771]LogInit: FAudioDevice initialized.
[2017.04.20-18.17.33:712][771]LogWorld: Game class is 'FirstPersonGameMode_C'
[2017.04.20-18.17.33:720][771]LogWorld: Bringing World /Game/UEDPIE_0_MazeOne.MazeOne up for play (max tick rate 60) at 2017.04.20-14.17.33
[2017.04.20-18.17.33:721][771]LogWorld: Bringing up level for play took: 0.007407
[2017.04.20-18.17.33:722][771]LogGameMode:Display: Match State Changed from EnteringMap to WaitingToStart
[2017.04.20-18.17.33:722][771]LogGameState: Match State Changed from EnteringMap to WaitingToStart
[2017.04.20-18.17.33:722][771]LogGameMode:Display: Match State Changed from WaitingToStart to InProgress
[2017.04.20-18.17.33:726][771]LogGameState: Match State Changed from WaitingToStart to InProgress
[2017.04.20-18.17.33:726][771]PIE: Info Play in editor start time for /Game/UEDPIE_0_MazeOne -0.276
[2017.04.20-18.17.43:537][310]LogWindows: LaunchURL http://docs.unrealengine.com/latest/INT/index.html?utm_source=editor&utm_medium=docs&utm_campaign=help_menu
[2017.04.20-18.18.05:439][793]LogEditorViewport: Clicking on Actor (LMB): StaticMeshActor (Wall_500x506)
[2017.04.20-18.18.24:771][469]LogMeshPaintEdMode: Pushing colors to raw mesh: Wall_500x500 (LOD0)
[2017.04.20-18.18.24:780][469]LogStaticMesh: Building static mesh Wall_500x500...
[2017.04.20-18.18.24:832][469]LogStaticMesh: Built static mesh [0.05s] /Game/StarterContent/Architecture/Wall_500x500.Wall_500x500
[2017.04.20-18.21.05:810][ 31]LogSlate:Warning: Prevented a slow task dialog from being summoned while a context menu was open
[2017.04.20-18.21.05:914][ 31]Cmd: OBJ SAVEPACKAGE PACKAGE="/Game/MazeOne" FILE="../../../../../../Users/Anthony Scinocco/Desktop/MazeJogger/MazeJogger/MazeJogger/Content/MazeOne.umap" SILENT=true AUTOSAVING=false KEEPDIRTY=false
[2017.04.20-18.21.06:553][ 31]LogSavePackage: Save=590.72ms
[2017.04.20-18.21.06:553][ 31]LogSavePackage: Moving '../../../../../../Users/Anthony Scinocco/Desktop/MazeJogger/MazeJogger/MazeJogger/Saved/MazeOne33E3FA9A4A3E68508BDA6CBD7B66C023.tmp' to '../../../../../../Users/Anthony Scinocco/Desktop/MazeJogger/MazeJogger/MazeJogger/Content/MazeOne.umap'
[2017.04.20-18.21.06:560][ 31]LogSavePackage:Display: Finished SavePackage ../../../../../../Users/Anthony Scinocco/Desktop/MazeJogger/MazeJogger/MazeJogger/Content/MazeOne.umap
[2017.04.20-18.21.06:629][ 31]LogFileHelpers: Saving map 'MazeOne' took 0.818
[2017.04.20-18.21.06:696][ 31]LogSavePackage: Save=24.01ms
[2017.04.20-18.21.06:696][ 31]LogSavePackage: Moving '../../../../../../Users/Anthony Scinocco/Desktop/MazeJogger/MazeJogger/MazeJogger/Saved/Wall_500x500B12F751D415458A769F539A34FC9418D.tmp' to '../../../../../../Users/Anthony Scinocco/Desktop/MazeJogger/MazeJogger/MazeJogger/Content/StarterContent/Architecture/Wall_500x500.uasset'
[2017.04.20-18.21.06:701][ 31]LogSavePackage:Display: Finished SavePackage ../../../../../../Users/Anthony Scinocco/Desktop/MazeJogger/MazeJogger/MazeJogger/Content/StarterContent/Architecture/Wall_500x500.uasset
[2017.04.20-18.21.06:756][ 31]LogSavePackage: Save=24.16ms
[2017.04.20-18.21.06:756][ 31]LogSavePackage: Moving '../../../../../../Users/Anthony Scinocco/Desktop/MazeJogger/MazeJogger/MazeJogger/Saved/blueMaterialCFA561A94EC645C6CE6D2A8F19AF0902.tmp' to '../../../../../../Users/Anthony Scinocco/Desktop/MazeJogger/MazeJogger/MazeJogger/Content/mazeMaterials/blueMaterial.uasset'
[2017.04.20-18.21.06:760][ 31]LogSavePackage:Display: Finished SavePackage ../../../../../../Users/Anthony Scinocco/Desktop/MazeJogger/MazeJogger/MazeJogger/Content/mazeMaterials/blueMaterial.uasset
[2017.04.20-18.21.15:000][369]LogMaterial: Missing cached shader map for material blueMaterial, compiling. 
[2017.04.20-18.21.15:463][369]LogMaterial: Missing cached shader map for material blueMaterial, compiling. 
[2017.04.20-18.21.15:482][369]LogMaterial: 0.00 seconds spent updating 1 materials, 1 interfaces, 0 instances, 0 with static permutations.
[2017.04.20-18.21.21:221][511]MaterialEditorStats: Info Base pass shader with only dynamic lighting: 22 instructions
[2017.04.20-18.21.21:221][511]MaterialEditorStats: Info Vertex shader: 29 instructions
[2017.04.20-18.21.21:221][511]MaterialEditorStats: Info Texture samplers: 0/16
[2017.04.20-18.22.31:415][976]LogTexture:Display: Building textures: T_Brick_Hewn_Stone_D (AutoDXT)
[2017.04.20-18.22.43:403][976]LogMaterial: Missing cached shader map for material blueMaterial, compiling. 
[2017.04.20-18.22.43:427][976]LogMaterial: 0.00 seconds spent updating 1 materials, 1 interfaces, 0 instances, 0 with static permutations.
[2017.04.20-18.22.43:440][976]LogMaterial: Missing cached shader map for material FMatExpressionPreview MaterialExpressionTextureSample_0, compiling. 
[2017.04.20-18.22.43:476][976]LogMaterial: Missing cached shader map for material FMatExpressionPreview MaterialExpressionTextureSample_0, compiling. 
[2017.04.20-18.22.49:610][178]MaterialEditorStats: Info Base pass shader with only dynamic lighting: 22 instructions
[2017.04.20-18.22.49:611][178]MaterialEditorStats: Info Vertex shader: 29 instructions
[2017.04.20-18.22.49:611][178]MaterialEditorStats: Info Texture samplers: 0/16
[2017.04.20-18.23.09:588][984]LogMaterialEditor: Saving and Compiling material blueMaterial
[2017.04.20-18.23.10:402][984]LogMaterial: Missing cached shader map for material blueMaterial, compiling. 
[2017.04.20-18.23.10:435][984]LogMaterial: 0.00 seconds spent updating 1 materials, 1 interfaces, 0 instances, 0 with static permutations.
[2017.04.20-18.23.10:463][984]LogMaterial: Missing cached shader map for material blueMaterial, compiling. 
[2017.04.20-18.23.10:514][984]LogMaterial: Missing cached shader map for material blueMaterial, compiling. 
[2017.04.20-18.23.10:551][984]LogMaterial: 0.00 seconds spent updating 1 materials, 1 interfaces, 0 instances, 0 with static permutations.
[2017.04.20-18.23.15:125][984]LogSavePackage: Save=24.21ms
[2017.04.20-18.23.15:125][984]LogSavePackage: Moving '../../../../../../Users/Anthony Scinocco/Desktop/MazeJogger/MazeJogger/MazeJogger/Saved/blueMaterial60A8855A498339EAAA595AA465CF760B.tmp' to '../../../../../../Users/Anthony Scinocco/Desktop/MazeJogger/MazeJogger/MazeJogger/Content/mazeMaterials/blueMaterial.uasset'
[2017.04.20-18.23.15:130][984]LogSavePackage:Display: Finished SavePackage ../../../../../../Users/Anthony Scinocco/Desktop/MazeJogger/MazeJogger/MazeJogger/Content/mazeMaterials/blueMaterial.uasset
[2017.04.20-18.23.15:148][984]MaterialEditorStats: Info Base pass shader with only dynamic lighting: 58 instructions
[2017.04.20-18.23.15:148][984]MaterialEditorStats: Info Vertex shader: 29 instructions
[2017.04.20-18.23.15:148][984]MaterialEditorStats: Info Texture samplers: 3/16
[2017.04.20-18.24.08:645][413]LogMaterial: Missing cached shader map for material blueMaterial, compiling. 
[2017.04.20-18.24.08:664][413]LogMaterial: 0.00 seconds spent updating 1 materials, 1 interfaces, 0 instances, 0 with static permutations.
[2017.04.20-18.24.14:899][603]MaterialEditorStats: Info Base pass shader with only dynamic lighting: 22 instructions
[2017.04.20-18.24.14:899][603]MaterialEditorStats: Info Vertex shader: 29 instructions
[2017.04.20-18.24.14:899][603]MaterialEditorStats: Info Texture samplers: 0/16
[2017.04.20-18.24.17:233][687]LogMaterial: Missing cached shader map for material blueMaterial, compiling. 
[2017.04.20-18.24.17:253][687]LogMaterial: 0.00 seconds spent updating 1 materials, 1 interfaces, 0 instances, 0 with static permutations.
[2017.04.20-18.24.17:287][687]LogMaterial: Missing cached shader map for material FMatExpressionPreview MaterialExpressionTextureSample_0, compiling. 
[2017.04.20-18.24.22:675][859]MaterialEditorStats: Info Base pass shader with only dynamic lighting: 22 instructions
[2017.04.20-18.24.22:675][859]MaterialEditorStats: Info Vertex shader: 29 instructions
[2017.04.20-18.24.22:675][859]MaterialEditorStats: Info Texture samplers: 0/16
[2017.04.20-18.24.29:149][ 81]LogMaterial: Missing cached shader map for material blueMaterial, compiling. 
[2017.04.20-18.24.29:169][ 81]LogMaterial: 0.00 seconds spent updating 1 materials, 1 interfaces, 0 instances, 0 with static permutations.
[2017.04.20-18.24.34:730][259]MaterialEditorStats: Info Base pass shader with only dynamic lighting: 23 instructions
[2017.04.20-18.24.34:730][259]MaterialEditorStats: Info Vertex shader: 31 instructions
[2017.04.20-18.24.34:730][259]MaterialEditorStats: Info Texture samplers: 1/16
[2017.04.20-18.24.53:825][961]LogMaterial: Missing cached shader map for material blueMaterial, compiling. 
[2017.04.20-18.24.53:845][961]LogMaterial: 0.00 seconds spent updating 1 materials, 1 interfaces, 0 instances, 0 with static permutations.
[2017.04.20-18.24.59:432][137]MaterialEditorStats: Info Base pass shader with only dynamic lighting: 23 instructions
[2017.04.20-18.24.59:432][137]MaterialEditorStats: Info Vertex shader: 31 instructions
[2017.04.20-18.24.59:432][137]MaterialEditorStats: Info Texture samplers: 1/16
[2017.04.20-18.25.07:530][423]LogMaterial: Missing cached shader map for material blueMaterial, compiling. 
[2017.04.20-18.25.07:550][423]LogMaterial: 0.00 seconds spent updating 1 materials, 1 interfaces, 0 instances, 0 with static permutations.
[2017.04.20-18.25.11:857][564]LogMaterialEditor: Saving and Compiling material blueMaterial
[2017.04.20-18.25.12:890][564]LogMaterial: Missing cached shader map for material blueMaterial, compiling. 
[2017.04.20-18.25.12:923][564]LogMaterial: 0.00 seconds spent updating 1 materials, 1 interfaces, 0 instances, 0 with static permutations.
[2017.04.20-18.25.12:950][564]LogMaterial: Missing cached shader map for material blueMaterial, compiling. 
[2017.04.20-18.25.12:998][564]LogMaterial: Missing cached shader map for material blueMaterial, compiling. 
[2017.04.20-18.25.13:035][564]LogMaterial: 0.00 seconds spent updating 1 materials, 1 interfaces, 0 instances, 0 with static permutations.
[2017.04.20-18.25.17:479][564]LogSavePackage: Save=52.26ms
[2017.04.20-18.25.17:479][564]LogSavePackage: Moving '../../../../../../Users/Anthony Scinocco/Desktop/MazeJogger/MazeJogger/MazeJogger/Saved/blueMaterialBF53050F479652F1A534939F5D82A72B.tmp' to '../../../../../../Users/Anthony Scinocco/Desktop/MazeJogger/MazeJogger/MazeJogger/Content/mazeMaterials/blueMaterial.uasset'
[2017.04.20-18.25.17:484][564]LogSavePackage:Display: Finished SavePackage ../../../../../../Users/Anthony Scinocco/Desktop/MazeJogger/MazeJogger/MazeJogger/Content/mazeMaterials/blueMaterial.uasset
[2017.04.20-18.25.17:495][564]MaterialEditorStats: Info Base pass shader with only dynamic lighting: 60 instructions
[2017.04.20-18.25.17:496][564]MaterialEditorStats: Info Vertex shader: 32 instructions
[2017.04.20-18.25.17:496][564]MaterialEditorStats: Info Texture samplers: 4/16
[2017.04.20-18.26.13:668][915]LogEditorViewport: Clicking on Actor (LMB): StaticMeshActor (Wall_500x505)
[2017.04.20-18.26.43:299][132]LogEditorViewport: Clicking on Actor (LMB): StaticMeshActor (Wall_500x525)
[2017.04.20-18.26.48:934][360]LogEditorViewport: Clicking on Actor (LMB): StaticMeshActor (Wall_500x505)
[2017.04.20-18.26.49:949][400]LogEditorViewport: Clicking on Actor (LMB): StaticMeshActor (Wall_500x525)
[2017.04.20-18.27.34:902][287]LogMaterial:Warning: Material /Game/mazeMaterials/blueMaterial.blueMaterial needed to have new flag set bUsedWithStaticLighting !
[2017.04.20-18.27.34:906][287]LogMaterial: Missing cached shader map for material blueMaterial, compiling. 
[2017.04.20-18.27.34:949][287]LogMaterial: 0.00 seconds spent updating 1 materials, 1 interfaces, 0 instances, 0 with static permutations.
[2017.04.20-18.27.43:189][578]Cmd: OBJ SAVEPACKAGE PACKAGE="/Game/MazeOne" FILE="../../../../../../Users/Anthony Scinocco/Desktop/MazeJogger/MazeJogger/MazeJogger/Content/MazeOne.umap" SILENT=true AUTOSAVING=false KEEPDIRTY=false
[2017.04.20-18.27.44:060][578]LogSavePackage: Save=788.65ms
[2017.04.20-18.27.44:060][578]LogSavePackage: Moving '../../../../../../Users/Anthony Scinocco/Desktop/MazeJogger/MazeJogger/MazeJogger/Saved/MazeOne10CED7234284A5607D4F038677CE3256.tmp' to '../../../../../../Users/Anthony Scinocco/Desktop/MazeJogger/MazeJogger/MazeJogger/Content/MazeOne.umap'
[2017.04.20-18.27.44:069][578]LogSavePackage:Display: Finished SavePackage ../../../../../../Users/Anthony Scinocco/Desktop/MazeJogger/MazeJogger/MazeJogger/Content/MazeOne.umap
[2017.04.20-18.27.51:538][879]LogEditorViewport: Clicking on Actor (LMB): StaticMeshActor (Wall_Door_400x401)
[2017.04.20-18.28.35:535][645]LogEditorViewport: Clicking on Actor (LMB): StaticMeshActor (Wall_500x541)
[2017.04.20-18.28.53:296][342]Cmd: OBJ SAVEPACKAGE PACKAGE="/Game/MazeOne" FILE="../../../../../../Users/Anthony Scinocco/Desktop/MazeJogger/MazeJogger/MazeJogger/Content/MazeOne.umap" SILENT=true AUTOSAVING=false KEEPDIRTY=false
[2017.04.20-18.28.53:912][342]LogSavePackage: Save=577.58ms
[2017.04.20-18.28.53:912][342]LogSavePackage: Moving '../../../../../../Users/Anthony Scinocco/Desktop/MazeJogger/MazeJogger/MazeJogger/Saved/MazeOne36FF3290488DF3B724718694557D39B1.tmp' to '../../../../../../Users/Anthony Scinocco/Desktop/MazeJogger/MazeJogger/MazeJogger/Content/MazeOne.umap'
[2017.04.20-18.28.53:918][342]LogSavePackage:Display: Finished SavePackage ../../../../../../Users/Anthony Scinocco/Desktop/MazeJogger/MazeJogger/MazeJogger/Content/MazeOne.umap
[2017.04.20-18.29.05:237][808]LogEditorViewport: Clicking on Actor (LMB): StaticMeshActor (Wall_500x500)
[2017.04.20-18.29.33:360][917]LogEditorViewport: Clicking on Actor (LMB): StaticMeshActor (Wall_Door_400x401)
[2017.04.20-18.30.04:685][102]LogEditorViewport: Clicking on Actor (LMB): StaticMeshActor (Wall_500x500)
[2017.04.20-18.30.47:468][954]LogEditorViewport: Clicking on Actor (LMB): StaticMeshActor (Wall_500x500)
[2017.04.20-18.31.09:620][187]Cmd: EDIT COPY
[2017.04.20-18.31.10:222][222]Cmd: EDIT PASTE
[2017.04.20-18.31.16:718][513]Cmd: TRANSACTION UNDO
[2017.04.20-18.31.16:718][513]LogEditorTransaction: Undo Paste Components
[2017.04.20-18.31.24:509][832]LogEditorViewport: Clicking on Component (LMB): StaticMeshComponent (StaticMeshComponent0)
[2017.04.20-18.31.30:408][113]LogEditorViewport: Clicking on Component (LMB): StaticMeshComponent (StaticMeshComponent0)
[2017.04.20-18.31.33:257][275]Cmd: EDIT COPY
[2017.04.20-18.31.33:270][275]LogUObjectHash:Warning: Ambiguous search, could be StaticMeshComponent /Engine/Transient.StaticMeshComponent0 or StaticMeshComponent /Engine/Transient.StaticMeshComponent0
[2017.04.20-18.31.33:628][296]Cmd: EDIT COPY
[2017.04.20-18.31.33:638][296]LogUObjectHash:Warning: Ambiguous search, could be StaticMeshComponent /Engine/Transient.StaticMeshComponent0 or StaticMeshComponent /Engine/Transient.StaticMeshComponent0
[2017.04.20-18.31.38:864][541]LogEditorViewport: Clicking on Component (LMB): StaticMeshComponent (StaticMeshComponent0)
[2017.04.20-18.31.39:247][554]LogUObjectHash:Warning: Ambiguous search, could be StaticMeshComponent /Engine/Transient.StaticMeshComponent0 or StaticMeshComponent /Engine/Transient.StaticMeshComponent0
[2017.04.20-18.31.39:270][554]Cmd: EDIT PASTE
[2017.04.20-18.31.40:990][631]LogEditorViewport: Clicking on Component (context menu): StaticMeshComponent (StaticMesh)
[2017.04.20-18.31.42:274][689]Cmd: TRANSACTION UNDO
[2017.04.20-18.31.42:274][689]LogEditorTransaction: Undo Clicking on Component (context menu)
[2017.04.20-18.31.44:432][795]LogEditorViewport: Clicking on Actor (context menu): StaticMeshActor (Wall_500x500)
[2017.04.20-18.31.48:174][995]Cmd: DELETE
[2017.04.20-18.31.48:174][995]Cmd: ACTOR DELETE
[2017.04.20-18.31.48:176][995]LogEditorActor: Deleted Actor: StaticMeshActor
[2017.04.20-18.31.48:208][995]LogEditorActor: Deleted 1 Actors (0.034 secs)
[2017.04.20-18.31.49:511][ 71]Cmd: TRANSACTION UNDO
[2017.04.20-18.31.49:511][ 71]LogEditorTransaction: Undo Delete Actors
[2017.04.20-18.31.50:329][114]LogEditorViewport: Clicking on Actor (LMB): BP_Sky_Sphere_C (Sky Sphere)
[2017.04.20-18.31.52:145][188]LogEditorViewport: Clicking on Actor (LMB): StaticMeshActor (Wall_500x500)
[2017.04.20-18.31.52:328][190]LogEditorViewport: Clicking on Component (LMB): StaticMeshComponent (StaticMesh)
[2017.04.20-18.31.58:012][436]LogEditorViewport: Clicking on Component (LMB): StaticMeshComponent (StaticMesh)
[2017.04.20-18.31.58:140][441]LogEditorViewport: Clicking on Actor (double click): StaticMeshActor (Wall_500x500)
[2017.04.20-18.31.59:242][500]LogEditorViewport: Clicking on Component (LMB): StaticMeshComponent (StaticMesh)
[2017.04.20-18.31.59:831][533]LogEditorViewport: Clicking on Component (LMB): StaticMeshComponent (StaticMesh)
[2017.04.20-18.31.59:867][533]LogEditorViewport: Clicking on Actor (double click): StaticMeshActor (Wall_500x500)
[2017.04.20-18.32.02:894][658]Cmd: TRANSACTION UNDO
[2017.04.20-18.32.02:894][658]LogEditorTransaction: Undo Clicking on Actors (double-click)
[2017.04.20-18.32.04:466][745]LogEditorViewport: Clicking on Component (context menu): StaticMeshComponent (StaticMesh)
[2017.04.20-18.32.05:644][810]LogEditorViewport: Clicking on Component (context menu): StaticMeshComponent (StaticMesh)
[2017.04.20-18.32.07:870][925]Cmd: DELETE
[2017.04.20-18.32.07:870][925]Cmd: ACTOR DELETE
[2017.04.20-18.32.07:893][925]LogEditorActor: Deleted 1 Components (0.024 secs)
[2017.04.20-18.32.13:880][206]LogEditorViewport: Clicking on Component (LMB): StaticMeshComponent (StaticMeshComponent0)
[2017.04.20-18.33.19:228][238]Cmd: TRANSACTION UNDO
[2017.04.20-18.33.19:228][238]LogEditorTransaction: Undo Move Components
[2017.04.20-18.33.20:589][316]Cmd: EDIT COPY
[2017.04.20-18.33.21:232][353]Cmd: EDIT COPY
[2017.04.20-18.33.21:757][383]Cmd: EDIT PASTE
[2017.04.20-18.33.30:722][798]LogEditorViewport: Clicking on Actor (LMB): StaticMeshActor (Wall_500x518)
[2017.04.20-18.33.32:138][875]Cmd: EDIT COPY
[2017.04.20-18.33.32:517][897]Cmd: EDIT COPY
[2017.04.20-18.33.32:908][920]Cmd: EDIT PASTE
[2017.04.20-18.34.27:881][417]LogEditorViewport: Clicking on Actor (LMB): StaticMeshActor (Wall_500x500)
[2017.04.20-18.34.28:801][457]LogEditorViewport: Clicking on Actor (LMB): StaticMeshActor (Wall_500x500)
[2017.04.20-18.34.30:616][560]LogEditorViewport: Clicking on Actor (LMB): BP_Sky_Sphere_C (Sky Sphere)
[2017.04.20-18.34.31:174][589]LogEditorViewport: Clicking on Actor (LMB): StaticMeshActor (Wall_500x500)
[2017.04.20-18.34.31:733][618]LogEditorViewport: Clicking on Actor (LMB): StaticMeshActor (Wall_500x500)
[2017.04.20-18.34.31:819][621]LogEditorViewport: Clicking on Component (LMB): StaticMeshComponent (StaticMesh1)
[2017.04.20-18.34.32:910][684]LogEditorViewport: Clicking on Component (context menu): StaticMeshComponent (StaticMesh1)
[2017.04.20-18.34.34:917][794]Cmd: DELETE
[2017.04.20-18.34.34:917][794]Cmd: ACTOR DELETE
[2017.04.20-18.34.34:940][794]LogEditorActor: Deleted 1 Components (0.023 secs)
[2017.04.20-18.34.37:856][961]LogEditorViewport: Clicking on Actor (context menu): BP_Sky_Sphere_C (Sky Sphere)
[2017.04.20-18.35.15:085][759]LogEditorViewport: Clicking on Actor (LMB): StaticMeshActor (Wall_500x502)
[2017.04.20-18.35.28:698][230]LogContentBrowser: Native class hierarchy updated for 'WebBrowser' in 0.0019 seconds. Added 0 classes and 0 folders.
[2017.04.20-18.38.10:574][352]LogEditorViewport: Clicking on Actor (LMB): StaticMeshActor (Wall_500x542)
[2017.04.20-18.38.24:850][ 31]Cmd: OBJ SAVEPACKAGE PACKAGE="/Game/MazeOne" FILE="../../../../../../Users/Anthony Scinocco/Desktop/MazeJogger/MazeJogger/MazeJogger/Content/MazeOne.umap" SILENT=true AUTOSAVING=false KEEPDIRTY=false
[2017.04.20-18.38.25:502][ 31]LogSavePackage: Save=580.37ms
[2017.04.20-18.38.25:502][ 31]LogSavePackage: Moving '../../../../../../Users/Anthony Scinocco/Desktop/MazeJogger/MazeJogger/MazeJogger/Saved/MazeOneBAD3C7044F74E379C8B8438114E1896E.tmp' to '../../../../../../Users/Anthony Scinocco/Desktop/MazeJogger/MazeJogger/MazeJogger/Content/MazeOne.umap'
[2017.04.20-18.38.25:524][ 31]LogSavePackage:Display: Finished SavePackage ../../../../../../Users/Anthony Scinocco/Desktop/MazeJogger/MazeJogger/MazeJogger/Content/MazeOne.umap
[2017.04.20-18.38.30:105][294]LogEditorViewport: Clicking on Actor (LMB): StaticMeshActor (Wall_500x541)
[2017.04.20-18.38.30:768][328]LogEditorViewport: Clicking on Actor (context menu): StaticMeshActor (Wall_500x541)
[2017.04.20-18.38.31:718][379]LogEditorViewport: Clicking on Actor (LMB): StaticMeshActor (Wall_500x541)
[2017.04.20-18.38.33:152][462]Cmd: EDIT COPY
[2017.04.20-18.38.36:205][642]Cmd: EDIT PASTE
[2017.04.20-18.38.57:902][639]LogEditorViewport: Clicking on Actor (LMB): BP_Sky_Sphere_C (Sky Sphere)
[2017.04.20-18.38.59:191][693]LogEditorViewport: Clicking on Actor (LMB): StaticMeshActor (Wall_500x544)
[2017.04.20-18.39.47:278][ 79]LogEditorViewport: Clicking on Actor (LMB): StaticMeshActor (Wall_500x543)
[2017.04.20-18.39.48:891][172]Cmd: EDIT COPY
[2017.04.20-18.39.49:483][206]Cmd: EDIT PASTE
[2017.04.20-18.40.57:516][470]LogEditorViewport: Clicking on Actor (LMB): StaticMeshActor (Wall_500x539)
[2017.04.20-18.41.03:759][833]Cmd: OBJ SAVEPACKAGE PACKAGE="/Game/MazeOne" FILE="../../../../../../Users/Anthony Scinocco/Desktop/MazeJogger/MazeJogger/MazeJogger/Content/MazeOne.umap" SILENT=true AUTOSAVING=false KEEPDIRTY=false
[2017.04.20-18.41.04:387][833]LogSavePackage: Save=580.82ms
[2017.04.20-18.41.04:387][833]LogSavePackage: Moving '../../../../../../Users/Anthony Scinocco/Desktop/MazeJogger/MazeJogger/MazeJogger/Saved/MazeOneA4866CDC4B64AC4EEAD532B08BAED12F.tmp' to '../../../../../../Users/Anthony Scinocco/Desktop/MazeJogger/MazeJogger/MazeJogger/Content/MazeOne.umap'
[2017.04.20-18.41.04:404][833]LogSavePackage:Display: Finished SavePackage ../../../../../../Users/Anthony Scinocco/Desktop/MazeJogger/MazeJogger/MazeJogger/Content/MazeOne.umap
[2017.04.20-18.41.05:679][903]Cmd: OBJ SAVEPACKAGE PACKAGE="/Game/MazeOne" FILE="../../../../../../Users/Anthony Scinocco/Desktop/MazeJogger/MazeJogger/MazeJogger/Content/MazeOne.umap" SILENT=true AUTOSAVING=false KEEPDIRTY=false
[2017.04.20-18.41.06:291][903]LogSavePackage: Save=579.16ms
[2017.04.20-18.41.06:292][903]LogSavePackage: Moving '../../../../../../Users/Anthony Scinocco/Desktop/MazeJogger/MazeJogger/MazeJogger/Saved/MazeOneCF641CEA4356DABDF601C48D5A4701A0.tmp' to '../../../../../../Users/Anthony Scinocco/Desktop/MazeJogger/MazeJogger/MazeJogger/Content/MazeOne.umap'
[2017.04.20-18.41.06:295][903]LogSavePackage:Display: Finished SavePackage ../../../../../../Users/Anthony Scinocco/Desktop/MazeJogger/MazeJogger/MazeJogger/Content/MazeOne.umap
[2017.04.20-18.41.07:209][953]Cmd: OBJ SAVEPACKAGE PACKAGE="/Game/MazeOne" FILE="../../../../../../Users/Anthony Scinocco/Desktop/MazeJogger/MazeJogger/MazeJogger/Content/MazeOne.umap" SILENT=true AUTOSAVING=false KEEPDIRTY=false
[2017.04.20-18.41.07:874][953]LogSavePackage: Save=623.86ms
[2017.04.20-18.41.07:874][953]LogSavePackage: Moving '../../../../../../Users/Anthony Scinocco/Desktop/MazeJogger/MazeJogger/MazeJogger/Saved/MazeOne1C9D9A5B48025282A2717CB911CD5EE7.tmp' to '../../../../../../Users/Anthony Scinocco/Desktop/MazeJogger/MazeJogger/MazeJogger/Content/MazeOne.umap'
[2017.04.20-18.41.07:880][953]LogSavePackage:Display: Finished SavePackage ../../../../../../Users/Anthony Scinocco/Desktop/MazeJogger/MazeJogger/MazeJogger/Content/MazeOne.umap
[2017.04.20-18.41.23:327][872]Cmd: OBJ SAVEPACKAGE PACKAGE="/Game/MazeOne" FILE="../../../../../../Users/Anthony Scinocco/Desktop/MazeJogger/MazeJogger/MazeJogger/Content/MazeOne.umap" SILENT=true AUTOSAVING=false KEEPDIRTY=false
[2017.04.20-18.41.23:929][872]LogSavePackage: Save=568.86ms
[2017.04.20-18.41.23:929][872]LogSavePackage: Moving '../../../../../../Users/Anthony Scinocco/Desktop/MazeJogger/MazeJogger/MazeJogger/Saved/MazeOne90BED4F848B31B1A3829238A7C46CDD8.tmp' to '../../../../../../Users/Anthony Scinocco/Desktop/MazeJogger/MazeJogger/MazeJogger/Content/MazeOne.umap'
[2017.04.20-18.41.23:932][872]LogSavePackage:Display: Finished SavePackage ../../../../../../Users/Anthony Scinocco/Desktop/MazeJogger/MazeJogger/MazeJogger/Content/MazeOne.umap
[2017.04.20-18.41.25:058][934]Cmd: OBJ SAVEPACKAGE PACKAGE="/Game/MazeOne" FILE="../../../../../../Users/Anthony Scinocco/Desktop/MazeJogger/MazeJogger/MazeJogger/Content/MazeOne.umap" SILENT=true AUTOSAVING=false KEEPDIRTY=false
[2017.04.20-18.41.25:674][934]LogSavePackage: Save=573.45ms
[2017.04.20-18.41.25:674][934]LogSavePackage: Moving '../../../../../../Users/Anthony Scinocco/Desktop/MazeJogger/MazeJogger/MazeJogger/Saved/MazeOneCD20CC054F71224C8746D39E09D0C047.tmp' to '../../../../../../Users/Anthony Scinocco/Desktop/MazeJogger/MazeJogger/MazeJogger/Content/MazeOne.umap'
[2017.04.20-18.41.25:678][934]LogSavePackage:Display: Finished SavePackage ../../../../../../Users/Anthony Scinocco/Desktop/MazeJogger/MazeJogger/MazeJogger/Content/MazeOne.umap
[2017.04.20-18.41.31:011][170]Cmd: OBJ SAVEPACKAGE PACKAGE="/Game/MazeOne" FILE="../../../../../../Users/Anthony Scinocco/Desktop/MazeJogger/MazeJogger/MazeJogger/Content/MazeOne.umap" SILENT=true AUTOSAVING=false KEEPDIRTY=false
[2017.04.20-18.41.31:616][170]LogSavePackage: Save=574.54ms
[2017.04.20-18.41.31:616][170]LogSavePackage: Moving '../../../../../../Users/Anthony Scinocco/Desktop/MazeJogger/MazeJogger/MazeJogger/Saved/MazeOneADB775BE416EDB6B591962BE3F73D088.tmp' to '../../../../../../Users/Anthony Scinocco/Desktop/MazeJogger/MazeJogger/MazeJogger/Content/MazeOne.umap'
[2017.04.20-18.41.31:621][170]LogSavePackage:Display: Finished SavePackage ../../../../../../Users/Anthony Scinocco/Desktop/MazeJogger/MazeJogger/MazeJogger/Content/MazeOne.umap
[2017.04.20-18.41.34:847][340]LogSavePackage: Save=11.24ms
[2017.04.20-18.41.34:847][340]LogSavePackage: Moving '../../../../../../Users/Anthony Scinocco/Desktop/MazeJogger/MazeJogger/MazeJogger/Saved/blueMaterialD6DA3B414228DB517A6E71B59D7A0850.tmp' to '../../../../../../Users/Anthony Scinocco/Desktop/MazeJogger/MazeJogger/MazeJogger/Content/mazeMaterials/blueMaterial.uasset'
[2017.04.20-18.41.34:854][340]LogSavePackage:Display: Finished SavePackage ../../../../../../Users/Anthony Scinocco/Desktop/MazeJogger/MazeJogger/MazeJogger/Content/mazeMaterials/blueMaterial.uasset
[2017.04.20-18.41.41:741][717]LogWindowsTextInputMethodSystem:Display: IME system now deactivated.
[2017.04.20-18.41.41:759][717]Cmd: QUIT_EDITOR
[2017.04.20-18.41.41:939][717]LogExit: Preparing to exit.
[2017.04.20-18.41.42:360][717]LogDirectoryWatcher: A directory notification for 'C:/Users/Anthony Scinocco/Desktop/MazeJogger/MazeJogger/MazeJogger/Content/' was aborted.
[2017.04.20-18.41.42:391][717]LogExit: Editor shut down
[2017.04.20-18.41.42:391][717]LogExit: Transaction tracking system shut down
[2017.04.20-18.41.42:582][717]LogObj: Freed 0b from 0 cluster array pools.
[2017.04.20-18.41.42:582][717]LogExit: Object subsystem successfully closed.
[2017.04.20-18.41.42:598][717]LogD3D11RHI: Shutdown
[2017.04.20-18.41.42:598][717]LogD3D11RHI: CleanupD3DDevice
[2017.04.20-18.41.42:693][717]LogD3D11RHI: ~FD3D11DynamicRHI
[2017.04.20-18.41.42:770][717]LogModuleManager: Shutting down and abandoning module WebBrowser (237)
[2017.04.20-18.41.42:885][717]LogModuleManager: Shutting down and abandoning module MaterialEditor (236)
[2017.04.20-18.41.42:885][717]LogModuleManager: Shutting down and abandoning module MovieSceneCapture (235)
[2017.04.20-18.41.42:885][717]LogModuleManager: Shutting down and abandoning module HierarchicalLODUtilities (234)
[2017.04.20-18.41.42:889][717]LogModuleManager: Shutting down and abandoning module HierarchicalLODOutliner (233)
[2017.04.20-18.41.42:889][717]LogModuleManager: Shutting down and abandoning module CrashTracker (232)
[2017.04.20-18.41.42:890][717]LogModuleManager: Shutting down and abandoning module SceneOutliner (231)
[2017.04.20-18.41.42:890][717]LogModuleManager: Shutting down and abandoning module WidgetCarousel (230)
[2017.04.20-18.41.42:890][717]LogModuleManager: Shutting down and abandoning module AddContentDialog (229)
[2017.04.20-18.41.42:890][717]LogDirectoryWatcher: A directory notification for 'C:/Program Files/Epic Games/UE_4.13/FeaturePacks/' was aborted.
[2017.04.20-18.41.42:893][717]LogModuleManager: Shutting down and abandoning module GameplayTags (228)
[2017.04.20-18.41.42:893][717]LogModuleManager: Shutting down and abandoning module EditorWidgets (227)
[2017.04.20-18.41.42:893][717]LogModuleManager: Shutting down and abandoning module CollectionManager (226)
[2017.04.20-18.41.42:893][717]LogDirectoryWatcher: A directory notification for 'C:/Users/Anthony Scinocco/Desktop/MazeJogger/MazeJogger/MazeJogger/Content/Collections/' was aborted.
[2017.04.20-18.41.42:893][717]LogDirectoryWatcher: A directory notification for 'C:/Users/Anthony Scinocco/Desktop/MazeJogger/MazeJogger/MazeJogger/Content/Developers/AnthonyScinocco/Collections/' was aborted.
[2017.04.20-18.41.42:894][717]LogDirectoryWatcher: A directory notification for 'C:/Users/Anthony Scinocco/Desktop/MazeJogger/MazeJogger/MazeJogger/Saved/Collections/' was aborted.
[2017.04.20-18.41.42:894][717]LogModuleManager: Shutting down and abandoning module StatsViewer (225)
[2017.04.20-18.41.42:894][717]LogModuleManager: Shutting down and abandoning module FoliageEdit (224)
[2017.04.20-18.41.42:894][717]LogModuleManager: Shutting down and abandoning module LandscapeEditor (223)
[2017.04.20-18.41.42:894][717]LogModuleManager: Shutting down and abandoning module SceneDepthPickerMode (222)
[2017.04.20-18.41.42:894][717]LogModuleManager: Shutting down and abandoning module ActorPickerMode (221)
[2017.04.20-18.41.42:894][717]LogModuleManager: Shutting down and abandoning module GeometryMode (220)
[2017.04.20-18.41.42:895][717]LogModuleManager: Shutting down and abandoning module TextureAlignMode (219)
[2017.04.20-18.41.42:895][717]LogModuleManager: Shutting down and abandoning module BspMode (218)
[2017.04.20-18.41.42:895][717]LogModuleManager: Shutting down and abandoning module HardwareSurvey (217)
[2017.04.20-18.41.42:895][717]LogModuleManager: Shutting down and abandoning module SequenceRecorderSections (216)
[2017.04.20-18.41.42:895][717]LogModuleManager: Shutting down and abandoning module SequenceRecorder (215)
[2017.04.20-18.41.42:895][717]LogModuleManager: Shutting down and abandoning module AutomationWorker (214)
[2017.04.20-18.41.42:895][717]LogModuleManager: Shutting down and abandoning module MatineeToLevelSequence (213)
[2017.04.20-18.41.42:895][717]LogModuleManager: Shutting down and abandoning module PlacementMode (212)
[2017.04.20-18.41.42:895][717]LogModuleManager: Shutting down and abandoning module LevelSequenceEditor (211)
[2017.04.20-18.41.42:895][717]LogModuleManager: Shutting down and abandoning module WmfMediaFactory (210)
[2017.04.20-18.41.42:896][717]LogModuleManager: Shutting down and abandoning module WmfMediaEditor (209)
[2017.04.20-18.41.42:896][717]LogModuleManager: Shutting down and abandoning module AvfMediaFactory (208)
[2017.04.20-18.41.42:896][717]LogModuleManager: Shutting down and abandoning module AvfMediaEditor (207)
[2017.04.20-18.41.42:896][717]LogModuleManager: Shutting down and abandoning module Media (206)
[2017.04.20-18.41.42:896][717]LogModuleManager: Shutting down and abandoning module AndroidMediaFactory (205)
[2017.04.20-18.41.42:896][717]LogModuleManager: Shutting down and abandoning module AndroidMediaEditor (204)
[2017.04.20-18.41.42:896][717]LogModuleManager: Shutting down and abandoning module CharacterAI (203)
[2017.04.20-18.41.42:896][717]LogModuleManager: Shutting down and abandoning module SmartSnapping (202)
[2017.04.20-18.41.42:896][717]LogModuleManager: Shutting down and abandoning module SessionServices (201)
[2017.04.20-18.41.42:896][717]LogModuleManager: Shutting down and abandoning module ViewportSnapping (200)
[2017.04.20-18.41.42:896][717]LogModuleManager: Shutting down and abandoning module ViewportInteraction (199)
[2017.04.20-18.41.42:896][717]LogModuleManager: Shutting down and abandoning module LogVisualizer (198)
[2017.04.20-18.41.42:896][717]LogModuleManager: Shutting down and abandoning module GameProjectGeneration (197)
[2017.04.20-18.41.42:896][717]LogModuleManager: Shutting down and abandoning module IntroTutorials (196)
[2017.04.20-18.41.42:897][717]LogModuleManager: Shutting down and abandoning module EditorLiveStreaming (195)
[2017.04.20-18.41.42:897][717]LogModuleManager: Shutting down and abandoning module IOSPlatformEditor (194)
[2017.04.20-18.41.42:897][717]LogModuleManager: Shutting down and abandoning module HTML5PlatformEditor (193)
[2017.04.20-18.41.42:897][717]LogModuleManager: Shutting down and abandoning module AndroidDeviceDetection (192)
[2017.04.20-18.41.43:721][717]LogModuleManager: Shutting down and abandoning module AndroidPlatformEditor (191)
[2017.04.20-18.41.43:721][717]LogModuleManager: Shutting down and abandoning module IOSRuntimeSettings (190)
[2017.04.20-18.41.43:721][717]LogModuleManager: Shutting down and abandoning module AndroidRuntimeSettings (189)
[2017.04.20-18.41.43:721][717]LogModuleManager: Shutting down and abandoning module NiagaraEditor (188)
[2017.04.20-18.41.43:721][717]LogModuleManager: Shutting down and abandoning module MergeActors (187)
[2017.04.20-18.41.43:721][717]LogModuleManager: Shutting down and abandoning module SizeMap (186)
[2017.04.20-18.41.43:721][717]LogModuleManager: Shutting down and abandoning module TreeMap (185)
[2017.04.20-18.41.43:721][717]LogModuleManager: Shutting down and abandoning module ReferenceViewer (184)
[2017.04.20-18.41.43:721][717]LogModuleManager: Shutting down and abandoning module LocalizationService (183)
[2017.04.20-18.41.43:722][717]LogModuleManager: Shutting down and abandoning module LocalizationDashboard (182)
[2017.04.20-18.41.43:722][717]LogModuleManager: Shutting down and abandoning module HardwareTargeting (181)
[2017.04.20-18.41.43:722][717]LogModuleManager: Shutting down and abandoning module DeviceProfileEditor (180)
[2017.04.20-18.41.43:722][717]LogModuleManager: Shutting down and abandoning module UndoHistory (179)
[2017.04.20-18.41.43:722][717]LogModuleManager: Shutting down and abandoning module UserFeedback (178)
[2017.04.20-18.41.43:722][717]LogModuleManager: Shutting down and abandoning module XmlParser (177)
[2017.04.20-18.41.43:722][717]LogModuleManager: Shutting down and abandoning module Blutility (176)
[2017.04.20-18.41.43:722][717]LogModuleManager: Shutting down and abandoning module ProjectTargetPlatformEditor (175)
[2017.04.20-18.41.43:722][717]LogModuleManager: Shutting down and abandoning module ProjectSettingsViewer (174)
[2017.04.20-18.41.43:722][717]LogModuleManager: Shutting down and abandoning module InputBindingEditor (173)
[2017.04.20-18.41.43:723][717]LogModuleManager: Shutting down and abandoning module EditorSettingsViewer (172)
[2017.04.20-18.41.43:723][717]LogModuleManager: Shutting down and abandoning module SettingsEditor (171)
[2017.04.20-18.41.43:723][717]LogModuleManager: Shutting down and abandoning module ProjectLauncher (170)
[2017.04.20-18.41.43:723][717]LogModuleManager: Shutting down and abandoning module SessionFrontend (169)
[2017.04.20-18.41.43:723][717]LogModuleManager: Shutting down and abandoning module ProfilerClient (168)
[2017.04.20-18.41.43:723][717]LogModuleManager: Shutting down and abandoning module TargetDeviceServices (167)
[2017.04.20-18.41.43:723][717]LogModuleManager: Shutting down and abandoning module DeviceManager (166)
[2017.04.20-18.41.43:765][717]LogModuleManager: Shutting down and abandoning module AutomationController (165)
[2017.04.20-18.41.43:765][717]LogModuleManager: Shutting down and abandoning module AutomationWindow (164)
[2017.04.20-18.41.43:765][717]LogModuleManager: Shutting down and abandoning module Layers (163)
[2017.04.20-18.41.43:765][717]LogModuleManager: Shutting down and abandoning module ComponentVisualizers (162)
[2017.04.20-18.41.43:765][717]LogModuleManager: Shutting down and abandoning module DetailCustomizations (161)
[2017.04.20-18.41.43:765][717]LogModuleManager: Shutting down and abandoning module PackagesDialog (160)
[2017.04.20-18.41.43:765][717]LogModuleManager: Shutting down and abandoning module AnimGraph (159)
[2017.04.20-18.41.43:765][717]LogModuleManager: Shutting down and abandoning module Persona (158)
[2017.04.20-18.41.43:766][717]LogModuleManager: Shutting down and abandoning module Kismet (157)
[2017.04.20-18.41.43:767][717]LogModuleManager: Shutting down and abandoning module GraphEditor (156)
[2017.04.20-18.41.43:767][717]LogModuleManager: Shutting down and abandoning module ClassViewer (155)
[2017.04.20-18.41.43:767][717]LogModuleManager: Shutting down and abandoning module Toolbox (154)
[2017.04.20-18.41.43:767][717]LogModuleManager: Shutting down and abandoning module ModuleUI (153)
[2017.04.20-18.41.43:767][717]LogModuleManager: Shutting down and abandoning module MovieSceneTools (152)
[2017.04.20-18.41.43:767][717]LogModuleManager: Shutting down and abandoning module OutputLog (151)
[2017.04.20-18.41.43:767][717]LogModuleManager: Shutting down and abandoning module GammaUI (150)
[2017.04.20-18.41.43:767][717]LogModuleManager: Shutting down and abandoning module Documentation (149)
[2017.04.20-18.41.43:768][717]LogModuleManager: Shutting down and abandoning module Niagara (148)
[2017.04.20-18.41.43:768][717]LogModuleManager: Shutting down and abandoning module StreamingPauseRendering (147)
[2017.04.20-18.41.43:768][717]LogModuleManager: Shutting down and abandoning module AnalyticsET (146)
[2017.04.20-18.41.43:768][717]LogModuleManager: Shutting down and abandoning module PortalServices (145)
[2017.04.20-18.41.43:768][717]LogModuleManager: Shutting down and abandoning module PortalRpc (144)
[2017.04.20-18.41.43:768][717]LogModuleManager: Shutting down and abandoning module MessagingRpc (143)
[2017.04.20-18.41.43:768][717]LogModuleManager: Shutting down and abandoning module GameplayDebugger (142)
[2017.04.20-18.41.43:768][717]LogModuleManager: Shutting down and abandoning module AITestSuite (141)
[2017.04.20-18.41.43:768][717]LogModuleManager: Shutting down and abandoning module AIModule (140)
[2017.04.20-18.41.43:768][717]LogModuleManager: Shutting down and abandoning module ProfilerService (139)
[2017.04.20-18.41.43:810][717]LogModuleManager: Shutting down and abandoning module TaskGraph (138)
[2017.04.20-18.41.43:810][717]LogModuleManager: Shutting down and abandoning module SlateRemote (137)
[2017.04.20-18.41.43:810][717]LogModuleManager: Shutting down and abandoning module SteamVRController (136)
[2017.04.20-18.41.43:810][717]LogModuleManager: Shutting down and abandoning module SteamVR (135)
[2017.04.20-18.41.43:810][717]LogModuleManager: Shutting down and abandoning module ProceduralMeshComponentEditor (134)
[2017.04.20-18.41.43:810][717]LogModuleManager: Shutting down and abandoning module ProceduralMeshComponent (133)
[2017.04.20-18.41.43:810][717]LogModuleManager: Shutting down and abandoning module OculusLibrary (132)
[2017.04.20-18.41.43:810][717]LogModuleManager: Shutting down and abandoning module OculusInput (131)
[2017.04.20-18.41.43:810][717]LogModuleManager: Shutting down and abandoning module CustomMeshComponent (130)
[2017.04.20-18.41.43:810][717]LogModuleManager: Shutting down and abandoning module CableComponent (129)
[2017.04.20-18.41.43:810][717]LogModuleManager: Shutting down and abandoning module ArchVisCharacter (128)
[2017.04.20-18.41.43:810][717]LogModuleManager: Shutting down and abandoning module MediaPlayerEditor (126)
[2017.04.20-18.41.43:810][717]LogModuleManager: Shutting down and abandoning module HTML5Networking (125)
[2017.04.20-18.41.43:810][717]LogModuleManager: Shutting down and abandoning module GeometryCacheEd (124)
[2017.04.20-18.41.43:810][717]LogModuleManager: Shutting down and abandoning module GeometryCache (123)
[2017.04.20-18.41.43:810][717]LogModuleManager: Shutting down and abandoning module AlembicLibrary (122)
[2017.04.20-18.41.43:810][717]LogModuleManager: Shutting down and abandoning module AlembicImporter (121)
[2017.04.20-18.41.43:810][717]LogModuleManager: Shutting down and abandoning module SuperSearch (120)
[2017.04.20-18.41.43:811][717]LogModuleManager: Shutting down and abandoning module SuperSearchEditor (119)
[2017.04.20-18.41.43:811][717]LogModuleManager: Shutting down and abandoning module SpeedTreeImporter (118)
[2017.04.20-18.41.43:811][717]LogModuleManager: Shutting down and abandoning module PluginBrowser (117)
[2017.04.20-18.41.43:811][717]LogModuleManager: Shutting down and abandoning module MobileLauncherProfileWizard (116)
[2017.04.20-18.41.43:811][717]LogModuleManager: Shutting down and abandoning module EpicSurvey (115)
[2017.04.20-18.41.43:811][717]LogModuleManager: Shutting down and abandoning module DesktopPlatform (114)
[2017.04.20-18.41.43:811][717]LogModuleManager: Shutting down and abandoning module VisualStudioSourceCodeAccess (113)
[2017.04.20-18.41.43:811][717]LogModuleManager: Shutting down and abandoning module UObjectPlugin (112)
[2017.04.20-18.41.43:811][717]LogModuleManager: Shutting down and abandoning module SubversionSourceControl (111)
[2017.04.20-18.41.43:811][717]LogModuleManager: Shutting down and abandoning module PerforceSourceControl (110)
[2017.04.20-18.41.43:811][717]LogModuleManager: Shutting down and abandoning module SourceControl (109)
[2017.04.20-18.41.43:811][717]LogModuleManager: Shutting down and abandoning module GitSourceControl (108)
[2017.04.20-18.41.43:811][717]LogModuleManager: Shutting down and abandoning module LightPropagationVolumeEditor (107)
[2017.04.20-18.41.43:811][717]LogModuleManager: Shutting down and abandoning module PaperTiledImporter (106)
[2017.04.20-18.41.43:811][717]LogModuleManager: Shutting down and abandoning module PaperSpriteSheetImporter (105)
[2017.04.20-18.41.43:811][717]LogModuleManager: Shutting down and abandoning module MeshPaint (104)
[2017.04.20-18.41.43:812][717]LogModuleManager: Shutting down and abandoning module FbxAutomationBuilderModule (103)
[2017.04.20-18.41.43:812][717]LogModuleManager: Shutting down and abandoning module PixelInspectorModule (102)
[2017.04.20-18.41.43:812][717]LogModuleManager: Shutting down and abandoning module HotReload (101)
[2017.04.20-18.41.43:813][717]LogModuleManager: Shutting down and abandoning module MainFrame (100)
[2017.04.20-18.41.43:813][717]LogModuleManager: Shutting down and abandoning module LevelEditor (99)
[2017.04.20-18.41.43:815][717]LogModuleManager: Shutting down and abandoning module ContentBrowser (98)
[2017.04.20-18.41.43:817][717]LogModuleManager: Shutting down and abandoning module Paper2DEditor (97)
[2017.04.20-18.41.43:818][717]LogModuleManager: Shutting down and abandoning module UdpMessaging (96)
[2017.04.20-18.41.43:918][717]LogModuleManager: Shutting down and abandoning module TcpMessaging (95)
[2017.04.20-18.41.44:019][717]LogModuleManager: Shutting down and abandoning module LightPropagationVolumeRuntime (94)
[2017.04.20-18.41.44:019][717]LogModuleManager: Shutting down and abandoning module Paper2D (93)
[2017.04.20-18.41.44:019][717]LogModuleManager: Shutting down and abandoning module WindowsMoviePlayer (92)
[2017.04.20-18.41.44:019][717]LogModuleManager: Shutting down and abandoning module WmfMedia (91)
[2017.04.20-18.41.44:019][717]LogModuleManager: Shutting down and abandoning module MediaAssets (90)
[2017.04.20-18.41.44:019][717]LogModuleManager: Shutting down and abandoning module GameLiveStreaming (89)
[2017.04.20-18.41.44:019][717]LogModuleManager: Shutting down and abandoning module GameplayTagsEditor (88)
[2017.04.20-18.41.44:020][717]LogModuleManager: Shutting down and abandoning module VREditor (87)
[2017.04.20-18.41.44:020][717]LogModuleManager: Shutting down and abandoning module GameplayTasksEditor (86)
[2017.04.20-18.41.44:020][717]LogModuleManager: Shutting down and abandoning module PropertyEditor (85)
[2017.04.20-18.41.44:020][717]LogModuleManager: Shutting down and abandoning module BehaviorTreeEditor (84)
[2017.04.20-18.41.44:020][717]LogModuleManager: Shutting down and abandoning module FunctionalTesting (83)
[2017.04.20-18.41.44:020][717]LogModuleManager: Shutting down and abandoning module CollisionAnalyzer (82)
[2017.04.20-18.41.44:020][717]LogModuleManager: Shutting down and abandoning module Sequencer (81)
[2017.04.20-18.41.44:020][717]LogModuleManager: Shutting down and abandoning module WorkspaceMenuStructure (80)
[2017.04.20-18.41.44:020][717]LogModuleManager: Shutting down and abandoning module MessageLog (79)
[2017.04.20-18.41.44:020][717]LogModuleManager: Shutting down and abandoning module AssetTools (78)
[2017.04.20-18.41.44:020][717]LogModuleManager: Shutting down and abandoning module UMGEditor (77)
[2017.04.20-18.41.44:020][717]LogModuleManager: Shutting down and abandoning module UMG (76)
[2017.04.20-18.41.44:021][717]LogModuleManager: Shutting down and abandoning module SlateReflector (75)
[2017.04.20-18.41.44:021][717]LogModuleManager: Shutting down and abandoning module Slate (74)
[2017.04.20-18.41.44:021][717]LogModuleManager: Shutting down and abandoning module EditorStyle (73)
[2017.04.20-18.41.44:028][717]LogModuleManager: Shutting down and abandoning module SourceCodeAccess (72)
[2017.04.20-18.41.44:028][717]LogModuleManager: Shutting down and abandoning module HeadMountedDisplay (71)
[2017.04.20-18.41.44:028][717]LogModuleManager: Shutting down and abandoning module XAudio2 (70)
[2017.04.20-18.41.44:028][717]LogModuleManager: Shutting down and abandoning module Networking (68)
[2017.04.20-18.41.44:028][717]LogModuleManager: Shutting down and abandoning module Core (67)
[2017.04.20-18.41.44:028][717]LogModuleManager: Shutting down and abandoning module DirectoryWatcher (66)
[2017.04.20-18.41.44:028][717]LogDirectoryWatcher: A directory notification for '../../../Engine/Content/' was aborted.
[2017.04.20-18.41.44:029][717]LogDirectoryWatcher: A directory notification for '../../../../../../Users/Anthony Scinocco/Desktop/MazeJogger/MazeJogger/MazeJogger/Content/' was aborted.
[2017.04.20-18.41.44:029][717]LogDirectoryWatcher: A directory notification for '../../../Engine/Plugins/2D/Paper2D/Content/' was aborted.
[2017.04.20-18.41.44:030][717]LogModuleManager: Shutting down and abandoning module AssetRegistry (65)
[2017.04.20-18.41.44:302][717]LogModuleManager: Shutting down and abandoning module KismetCompiler (64)
[2017.04.20-18.41.44:302][717]LogModuleManager: Shutting down and abandoning module PhysXFormats (63)
[2017.04.20-18.41.44:302][717]LogModuleManager: Shutting down and abandoning module MeshUtilities (62)
[2017.04.20-18.41.44:302][717]LogModuleManager: Shutting down and abandoning module DerivedDataCache (61)
[2017.04.20-18.41.44:359][717]LogDerivedDataCache: Shutdown
[2017.04.20-18.41.44:359][717]LogModuleManager: Shutting down and abandoning module VulkanShaderFormat (60)
[2017.04.20-18.41.44:359][717]LogModuleManager: Shutting down and abandoning module ShaderFormatOpenGL (59)
[2017.04.20-18.41.44:359][717]LogModuleManager: Shutting down and abandoning module ShaderFormatD3D (58)
[2017.04.20-18.41.44:359][717]LogModuleManager: Shutting down and abandoning module MetalShaderFormat (57)
[2017.04.20-18.41.44:359][717]LogModuleManager: Shutting down and abandoning module TextureFormatUncompressed (56)
[2017.04.20-18.41.44:359][717]LogModuleManager: Shutting down and abandoning module TextureFormatPVR (55)
[2017.04.20-18.41.44:359][717]LogModuleManager: Shutting down and abandoning module TextureFormatDXT (54)
[2017.04.20-18.41.44:359][717]LogModuleManager: Shutting down and abandoning module TextureFormatIntelISPCTexComp (53)
[2017.04.20-18.41.44:360][717]LogModuleManager: Shutting down and abandoning module ImageWrapper (52)
[2017.04.20-18.41.44:360][717]LogModuleManager: Shutting down and abandoning module TextureFormatASTC (51)
[2017.04.20-18.41.44:360][717]LogModuleManager: Shutting down and abandoning module TextureFormatAndroid (50)
[2017.04.20-18.41.44:360][717]LogModuleManager: Shutting down and abandoning module AudioFormatOpus (49)
[2017.04.20-18.41.44:360][717]LogModuleManager: Shutting down and abandoning module AudioFormatOgg (48)
[2017.04.20-18.41.44:360][717]LogModuleManager: Shutting down and abandoning module AudioFormatADPCM (47)
[2017.04.20-18.41.44:360][717]LogModuleManager: Shutting down and abandoning module LinuxTargetPlatform (46)
[2017.04.20-18.41.44:360][717]LogModuleManager: Shutting down and abandoning module LinuxServerTargetPlatform (45)
[2017.04.20-18.41.44:360][717]LogModuleManager: Shutting down and abandoning module LinuxNoEditorTargetPlatform (44)
[2017.04.20-18.41.44:360][717]LogModuleManager: Shutting down and abandoning module LinuxClientTargetPlatform (43)
[2017.04.20-18.41.44:360][717]LogModuleManager: Shutting down and abandoning module TVOSTargetPlatform (42)
[2017.04.20-18.41.44:360][717]LogModuleManager: Shutting down and abandoning module Messaging (41)
[2017.04.20-18.41.44:360][717]LogModuleManager: Shutting down and abandoning module IOSTargetPlatform (40)
[2017.04.20-18.41.44:360][717]LogModuleManager: Shutting down and abandoning module HTML5TargetPlatform (39)
[2017.04.20-18.41.44:360][717]LogModuleManager: Shutting down and abandoning module Android_PVRTCTargetPlatform (38)
[2017.04.20-18.41.44:360][717]LogModuleManager: Shutting down and abandoning module Android_MultiTargetPlatform (37)
[2017.04.20-18.41.44:360][717]LogModuleManager: Shutting down and abandoning module Android_ETC2TargetPlatform (36)
[2017.04.20-18.41.44:360][717]LogModuleManager: Shutting down and abandoning module Android_ETC1TargetPlatform (35)
[2017.04.20-18.41.44:360][717]LogModuleManager: Shutting down and abandoning module Android_DXTTargetPlatform (34)
[2017.04.20-18.41.44:360][717]LogModuleManager: Shutting down and abandoning module Android_ATCTargetPlatform (33)
[2017.04.20-18.41.44:360][717]LogModuleManager: Shutting down and abandoning module Android_ASTCTargetPlatform (32)
[2017.04.20-18.41.44:360][717]LogModuleManager: Shutting down and abandoning module AndroidTargetPlatform (31)
[2017.04.20-18.41.44:360][717]LogModuleManager: Shutting down and abandoning module WindowsTargetPlatform (30)
[2017.04.20-18.41.44:360][717]LogModuleManager: Shutting down and abandoning module WindowsServerTargetPlatform (29)
[2017.04.20-18.41.44:360][717]LogModuleManager: Shutting down and abandoning module WindowsNoEditorTargetPlatform (28)
[2017.04.20-18.41.44:360][717]LogModuleManager: Shutting down and abandoning module WindowsClientTargetPlatform (27)
[2017.04.20-18.41.44:361][717]LogModuleManager: Shutting down and abandoning module AllDesktopTargetPlatform (26)
[2017.04.20-18.41.44:361][717]LogModuleManager: Shutting down and abandoning module TargetPlatform (25)
[2017.04.20-18.41.44:361][717]LogModuleManager: Shutting down and abandoning module InputCore (24)
[2017.04.20-18.41.44:361][717]LogModuleManager: Shutting down and abandoning module Settings (23)
[2017.04.20-18.41.44:361][717]LogModuleManager: Shutting down and abandoning module OculusRift (22)
[2017.04.20-18.41.44:361][717]LogModuleManager: Shutting down and abandoning module GearVR (21)
[2017.04.20-18.41.44:361][717]LogModuleManager: Shutting down and abandoning module ExampleDeviceProfileSelector (20)
[2017.04.20-18.41.44:361][717]LogModuleManager: Shutting down and abandoning module OnlineBlueprintSupport (19)
[2017.04.20-18.41.44:361][717]LogModuleManager: Shutting down and abandoning module OnlineSubsystem (17)
[2017.04.20-18.41.44:361][717]LogOnline:Display: Unloading online subsystem: NULL
[2017.04.20-18.41.44:361][717]LogModuleManager: Shutting down and abandoning module HTTP (16)
[2017.04.20-18.41.44:361][717]LogHttp:Display: Http module shutting down, but needs to wait on 1 outstanding Http requests:
[2017.04.20-18.41.44:361][717]LogHttp:Display: 	verb=[POST] url=[https://datarouter.ol.epicgames.com/datarouter/api/v1/public/data?SessionID=%7B5353FC03-4517-FAEB-B90D-8FAB70399568%7D&AppID=UEEditor.Rocket.Release&AppVersion=4.13.2-3172292%2B%2B%2BUE4%2BRelease-4.13&UserID=534d99884e8db87edbf9f9b88492ce32%7C7bc83405d4514d86a3cab21a928fbecf%7Cd86dd533-44b4-4e31-979b-068025ca1b8d&AppEnvironment=datacollector-binary&UploadType=eteventstream] status=Processing
[2017.04.20-18.41.44:381][717]LogModuleManager: Shutting down and abandoning module XMPP (15)
[2017.04.20-18.41.44:381][717]LogModuleManager: Shutting down and abandoning module TextureCompressor (14)
[2017.04.20-18.41.44:381][717]LogModuleManager: Shutting down and abandoning module ShaderCore (13)
[2017.04.20-18.41.44:381][717]LogModuleManager: Shutting down and abandoning module Landscape (12)
[2017.04.20-18.41.44:381][717]LogModuleManager: Shutting down and abandoning module SlateRHIRenderer (11)
[2017.04.20-18.41.44:386][717]LogModuleManager: Shutting down and abandoning module OpenGLDrv (10)
[2017.04.20-18.41.44:386][717]LogModuleManager: Shutting down and abandoning module D3D11RHI (9)
[2017.04.20-18.41.44:386][717]LogModuleManager: Shutting down and abandoning module AnimGraphRuntime (8)
[2017.04.20-18.41.44:386][717]LogModuleManager: Shutting down and abandoning module Renderer (7)
[2017.04.20-18.41.44:386][717]LogModuleManager: Shutting down and abandoning module Engine (6)
[2017.04.20-18.41.44:386][717]LogModuleManager: Shutting down and abandoning module CoreUObject (5)
[2017.04.20-18.41.44:386][717]LogModuleManager: Shutting down and abandoning module NetworkFile (4)
[2017.04.20-18.41.44:386][717]LogModuleManager: Shutting down and abandoning module StreamingFile (3)
[2017.04.20-18.41.44:386][717]LogModuleManager: Shutting down and abandoning module SandboxFile (2)
[2017.04.20-18.41.44:387][717]LogModuleManager: Shutting down and abandoning module PakFile (1)
[2017.04.20-18.41.44:390][717]LogExit: Exiting.
[2017.04.20-18.41.44:424][717]Log file closed, 04/20/17 14:41:44
